[2024-10-13T11:22:36.768+0000] {local_task_job_runner.py:123} INFO - ::group::Pre task execution logs
[2024-10-13T11:22:36.775+0000] {taskinstance.py:2612} INFO - Dependencies all met for dep_context=non-requeueable deps ti=<TaskInstance: youtube_comments_score.process_data manual__2024-10-13T11:22:31.511666+00:00 [queued]>
[2024-10-13T11:22:36.778+0000] {taskinstance.py:2612} INFO - Dependencies all met for dep_context=requeueable deps ti=<TaskInstance: youtube_comments_score.process_data manual__2024-10-13T11:22:31.511666+00:00 [queued]>
[2024-10-13T11:22:36.778+0000] {taskinstance.py:2865} INFO - Starting attempt 1 of 2
[2024-10-13T11:22:36.783+0000] {taskinstance.py:2888} INFO - Executing <Task(BashOperator): process_data> on 2024-10-13 11:22:31.511666+00:00
[2024-10-13T11:22:36.784+0000] {standard_task_runner.py:72} INFO - Started process 63253 to run task
[2024-10-13T11:22:36.785+0000] {standard_task_runner.py:104} INFO - Running: ['***', 'tasks', 'run', 'youtube_comments_score', 'process_data', 'manual__2024-10-13T11:22:31.511666+00:00', '--job-id', '31', '--raw', '--subdir', 'DAGS_FOLDER/youtube_comments_score.py', '--cfg-path', '/tmp/tmpffgvxi38']
[2024-10-13T11:22:36.786+0000] {standard_task_runner.py:105} INFO - Job 31: Subtask process_data
[2024-10-13T11:22:36.812+0000] {task_command.py:467} INFO - Running <TaskInstance: youtube_comments_score.process_data manual__2024-10-13T11:22:31.511666+00:00 [running]> on host haserver
[2024-10-13T11:22:36.846+0000] {taskinstance.py:3131} INFO - Exporting env vars: AIRFLOW_CTX_DAG_OWNER='admin' AIRFLOW_CTX_DAG_ID='youtube_comments_score' AIRFLOW_CTX_TASK_ID='process_data' AIRFLOW_CTX_EXECUTION_DATE='2024-10-13T11:22:31.511666+00:00' AIRFLOW_CTX_TRY_NUMBER='1' AIRFLOW_CTX_DAG_RUN_ID='manual__2024-10-13T11:22:31.511666+00:00'
[2024-10-13T11:22:36.846+0000] {taskinstance.py:731} INFO - ::endgroup::
[2024-10-13T11:22:36.852+0000] {subprocess.py:63} INFO - Tmp dir root location: /tmp
[2024-10-13T11:22:36.852+0000] {subprocess.py:75} INFO - Running command: ['/usr/bin/bash', '-c', 'python3 /home/dblab/haeun/mlops/ml_***/ex1/scripts/process_data.py']
[2024-10-13T11:22:36.855+0000] {subprocess.py:86} INFO - Output:
[2024-10-13T11:22:37.065+0000] {subprocess.py:97} INFO - Command exited with return code 0
[2024-10-13T11:22:37.082+0000] {taskinstance.py:340} INFO - ::group::Post task execution logs
[2024-10-13T11:22:37.082+0000] {taskinstance.py:352} INFO - Marking task as SUCCESS. dag_id=youtube_comments_score, task_id=process_data, run_id=manual__2024-10-13T11:22:31.511666+00:00, execution_date=20241013T112231, start_date=20241013T112236, end_date=20241013T112237
[2024-10-13T11:22:37.118+0000] {local_task_job_runner.py:266} INFO - Task exited with return code 0
[2024-10-13T11:22:37.155+0000] {taskinstance.py:3900} INFO - 1 downstream tasks scheduled from follow-on schedule check
[2024-10-13T11:22:37.156+0000] {local_task_job_runner.py:245} INFO - ::endgroup::
