[2024-10-13T11:44:56.196+0000] {local_task_job_runner.py:123} INFO - ::group::Pre task execution logs
[2024-10-13T11:44:56.204+0000] {taskinstance.py:2612} INFO - Dependencies all met for dep_context=non-requeueable deps ti=<TaskInstance: youtube_comments_score.train_model manual__2024-10-13T11:43:45.176767+00:00 [queued]>
[2024-10-13T11:44:56.207+0000] {taskinstance.py:2612} INFO - Dependencies all met for dep_context=requeueable deps ti=<TaskInstance: youtube_comments_score.train_model manual__2024-10-13T11:43:45.176767+00:00 [queued]>
[2024-10-13T11:44:56.207+0000] {taskinstance.py:2865} INFO - Starting attempt 1 of 2
[2024-10-13T11:44:56.212+0000] {taskinstance.py:2888} INFO - Executing <Task(BashOperator): train_model> on 2024-10-13 11:43:45.176767+00:00
[2024-10-13T11:44:56.214+0000] {standard_task_runner.py:72} INFO - Started process 67600 to run task
[2024-10-13T11:44:56.215+0000] {standard_task_runner.py:104} INFO - Running: ['***', 'tasks', 'run', 'youtube_comments_score', 'train_model', 'manual__2024-10-13T11:43:45.176767+00:00', '--job-id', '47', '--raw', '--subdir', 'DAGS_FOLDER/youtube_comments_score.py', '--cfg-path', '/tmp/tmpbt8d0jek']
[2024-10-13T11:44:56.215+0000] {standard_task_runner.py:105} INFO - Job 47: Subtask train_model
[2024-10-13T11:44:56.241+0000] {task_command.py:467} INFO - Running <TaskInstance: youtube_comments_score.train_model manual__2024-10-13T11:43:45.176767+00:00 [running]> on host haserver
[2024-10-13T11:44:56.275+0000] {taskinstance.py:3131} INFO - Exporting env vars: AIRFLOW_CTX_DAG_OWNER='admin' AIRFLOW_CTX_DAG_ID='youtube_comments_score' AIRFLOW_CTX_TASK_ID='train_model' AIRFLOW_CTX_EXECUTION_DATE='2024-10-13T11:43:45.176767+00:00' AIRFLOW_CTX_TRY_NUMBER='1' AIRFLOW_CTX_DAG_RUN_ID='manual__2024-10-13T11:43:45.176767+00:00'
[2024-10-13T11:44:56.276+0000] {taskinstance.py:731} INFO - ::endgroup::
[2024-10-13T11:44:56.281+0000] {subprocess.py:63} INFO - Tmp dir root location: /tmp
[2024-10-13T11:44:56.281+0000] {subprocess.py:75} INFO - Running command: ['/usr/bin/bash', '-c', 'python3 /home/dblab/haeun/mlops/ml_***/ex1/scripts/train_model.py']
[2024-10-13T11:44:56.285+0000] {subprocess.py:86} INFO - Output:
[2024-10-13T11:44:57.649+0000] {subprocess.py:93} INFO - 2024/10/13 11:44:57 WARNING mlflow.models.model: Model logged without a signature and input example. Please set `input_example` parameter when logging the model to auto infer the model signature.
[2024-10-13T11:44:57.667+0000] {subprocess.py:93} INFO - Registered model 'lr' already exists. Creating a new version of this model...
[2024-10-13T11:44:57.672+0000] {subprocess.py:93} INFO - 2024/10/13 11:44:57 INFO mlflow.store.model_registry.abstract_store: Waiting up to 300 seconds for model version to finish creation. Model name: lr, version 4
[2024-10-13T11:44:57.672+0000] {subprocess.py:93} INFO - Created version '4' of model 'lr'.
[2024-10-13T11:44:57.675+0000] {subprocess.py:93} INFO - 2024/10/13 11:44:57 INFO mlflow.tracking._tracking_service.client: 🏃 View run suave-finch-982 at: http://localhost:8088/#/experiments/985243376516442775/runs/ff67d00218de4ba99b2aa75ed2c23072.
[2024-10-13T11:44:57.675+0000] {subprocess.py:93} INFO - 2024/10/13 11:44:57 INFO mlflow.tracking._tracking_service.client: 🧪 View experiment at: http://localhost:8088/#/experiments/985243376516442775.
[2024-10-13T11:44:57.801+0000] {subprocess.py:97} INFO - Command exited with return code 0
[2024-10-13T11:44:57.817+0000] {taskinstance.py:340} INFO - ::group::Post task execution logs
[2024-10-13T11:44:57.817+0000] {taskinstance.py:352} INFO - Marking task as SUCCESS. dag_id=youtube_comments_score, task_id=train_model, run_id=manual__2024-10-13T11:43:45.176767+00:00, execution_date=20241013T114345, start_date=20241013T114456, end_date=20241013T114457
[2024-10-13T11:44:57.830+0000] {local_task_job_runner.py:266} INFO - Task exited with return code 0
[2024-10-13T11:44:57.847+0000] {taskinstance.py:3900} INFO - 1 downstream tasks scheduled from follow-on schedule check
[2024-10-13T11:44:57.849+0000] {local_task_job_runner.py:245} INFO - ::endgroup::
