[2024-10-13T11:02:15.507+0000] {local_task_job_runner.py:123} INFO - ::group::Pre task execution logs
[2024-10-13T11:02:15.515+0000] {taskinstance.py:2612} INFO - Dependencies all met for dep_context=non-requeueable deps ti=<TaskInstance: youtube_comments_score.get_data manual__2024-10-13T11:02:15.292187+00:00 [queued]>
[2024-10-13T11:02:15.517+0000] {taskinstance.py:2612} INFO - Dependencies all met for dep_context=requeueable deps ti=<TaskInstance: youtube_comments_score.get_data manual__2024-10-13T11:02:15.292187+00:00 [queued]>
[2024-10-13T11:02:15.518+0000] {taskinstance.py:2865} INFO - Starting attempt 1 of 2
[2024-10-13T11:02:15.522+0000] {taskinstance.py:2888} INFO - Executing <Task(BashOperator): get_data> on 2024-10-13 11:02:15.292187+00:00
[2024-10-13T11:02:15.524+0000] {standard_task_runner.py:72} INFO - Started process 59485 to run task
[2024-10-13T11:02:15.525+0000] {standard_task_runner.py:104} INFO - Running: ['***', 'tasks', 'run', 'youtube_comments_score', 'get_data', 'manual__2024-10-13T11:02:15.292187+00:00', '--job-id', '19', '--raw', '--subdir', 'DAGS_FOLDER/youtube_comments_score.py', '--cfg-path', '/tmp/tmpn4frj13o']
[2024-10-13T11:02:15.525+0000] {standard_task_runner.py:105} INFO - Job 19: Subtask get_data
[2024-10-13T11:02:15.551+0000] {task_command.py:467} INFO - Running <TaskInstance: youtube_comments_score.get_data manual__2024-10-13T11:02:15.292187+00:00 [running]> on host haserver
[2024-10-13T11:02:15.584+0000] {taskinstance.py:3131} INFO - Exporting env vars: AIRFLOW_CTX_DAG_OWNER='admin' AIRFLOW_CTX_DAG_ID='youtube_comments_score' AIRFLOW_CTX_TASK_ID='get_data' AIRFLOW_CTX_EXECUTION_DATE='2024-10-13T11:02:15.292187+00:00' AIRFLOW_CTX_TRY_NUMBER='1' AIRFLOW_CTX_DAG_RUN_ID='manual__2024-10-13T11:02:15.292187+00:00'
[2024-10-13T11:02:15.585+0000] {taskinstance.py:731} INFO - ::endgroup::
[2024-10-13T11:02:15.590+0000] {subprocess.py:63} INFO - Tmp dir root location: /tmp
[2024-10-13T11:02:15.590+0000] {subprocess.py:75} INFO - Running command: ['/usr/bin/bash', '-c', 'python3 /home/dblab/haeun/mlops/ml_***/ex1/scripts/get_data.py']
[2024-10-13T11:02:15.593+0000] {subprocess.py:86} INFO - Output:
[2024-10-13T11:02:19.571+0000] {subprocess.py:93} INFO - 2024/10/13 11:02:19 INFO mlflow.tracking._tracking_service.client: 🏃 View run blushing-crab-36 at: http://localhost:8088/#/experiments/862399464515859752/runs/6e0c94e3054d4f32833b417e8aa61d4c.
[2024-10-13T11:02:19.572+0000] {subprocess.py:93} INFO - 2024/10/13 11:02:19 INFO mlflow.tracking._tracking_service.client: 🧪 View experiment at: http://localhost:8088/#/experiments/862399464515859752.
[2024-10-13T11:02:19.651+0000] {subprocess.py:97} INFO - Command exited with return code 0
[2024-10-13T11:02:19.670+0000] {taskinstance.py:340} INFO - ::group::Post task execution logs
[2024-10-13T11:02:19.670+0000] {taskinstance.py:352} INFO - Marking task as SUCCESS. dag_id=youtube_comments_score, task_id=get_data, run_id=manual__2024-10-13T11:02:15.292187+00:00, execution_date=20241013T110215, start_date=20241013T110215, end_date=20241013T110219
[2024-10-13T11:02:19.713+0000] {local_task_job_runner.py:266} INFO - Task exited with return code 0
[2024-10-13T11:02:19.755+0000] {taskinstance.py:3900} INFO - 1 downstream tasks scheduled from follow-on schedule check
[2024-10-13T11:02:19.756+0000] {local_task_job_runner.py:245} INFO - ::endgroup::
