[2024-10-13T11:17:23.613+0000] {local_task_job_runner.py:123} INFO - ::group::Pre task execution logs
[2024-10-13T11:17:23.621+0000] {taskinstance.py:2612} INFO - Dependencies all met for dep_context=non-requeueable deps ti=<TaskInstance: youtube_comments_score.get_data manual__2024-10-13T11:17:23.259477+00:00 [queued]>
[2024-10-13T11:17:23.624+0000] {taskinstance.py:2612} INFO - Dependencies all met for dep_context=requeueable deps ti=<TaskInstance: youtube_comments_score.get_data manual__2024-10-13T11:17:23.259477+00:00 [queued]>
[2024-10-13T11:17:23.624+0000] {taskinstance.py:2865} INFO - Starting attempt 1 of 2
[2024-10-13T11:17:23.630+0000] {taskinstance.py:2888} INFO - Executing <Task(BashOperator): get_data> on 2024-10-13 11:17:23.259477+00:00
[2024-10-13T11:17:23.631+0000] {standard_task_runner.py:72} INFO - Started process 61140 to run task
[2024-10-13T11:17:23.632+0000] {standard_task_runner.py:104} INFO - Running: ['***', 'tasks', 'run', 'youtube_comments_score', 'get_data', 'manual__2024-10-13T11:17:23.259477+00:00', '--job-id', '24', '--raw', '--subdir', 'DAGS_FOLDER/youtube_comments_score.py', '--cfg-path', '/tmp/tmpj_9_p0wj']
[2024-10-13T11:17:23.633+0000] {standard_task_runner.py:105} INFO - Job 24: Subtask get_data
[2024-10-13T11:17:23.668+0000] {task_command.py:467} INFO - Running <TaskInstance: youtube_comments_score.get_data manual__2024-10-13T11:17:23.259477+00:00 [running]> on host haserver
[2024-10-13T11:17:23.704+0000] {taskinstance.py:3131} INFO - Exporting env vars: AIRFLOW_CTX_DAG_OWNER='admin' AIRFLOW_CTX_DAG_ID='youtube_comments_score' AIRFLOW_CTX_TASK_ID='get_data' AIRFLOW_CTX_EXECUTION_DATE='2024-10-13T11:17:23.259477+00:00' AIRFLOW_CTX_TRY_NUMBER='1' AIRFLOW_CTX_DAG_RUN_ID='manual__2024-10-13T11:17:23.259477+00:00'
[2024-10-13T11:17:23.705+0000] {taskinstance.py:731} INFO - ::endgroup::
[2024-10-13T11:17:23.710+0000] {subprocess.py:63} INFO - Tmp dir root location: /tmp
[2024-10-13T11:17:23.710+0000] {subprocess.py:75} INFO - Running command: ['/usr/bin/bash', '-c', 'python3 /home/dblab/haeun/mlops/ml_***/ex1/scripts/get_data.py']
[2024-10-13T11:17:23.713+0000] {subprocess.py:86} INFO - Output:
[2024-10-13T11:17:27.639+0000] {subprocess.py:93} INFO - 2024/10/13 11:17:27 INFO mlflow.tracking._tracking_service.client: 🏃 View run treasured-bird-611 at: http://localhost:8088/#/experiments/862399464515859752/runs/9825f6c14cc3487487993654f36cb186.
[2024-10-13T11:17:27.639+0000] {subprocess.py:93} INFO - 2024/10/13 11:17:27 INFO mlflow.tracking._tracking_service.client: 🧪 View experiment at: http://localhost:8088/#/experiments/862399464515859752.
[2024-10-13T11:17:27.717+0000] {subprocess.py:97} INFO - Command exited with return code 0
[2024-10-13T11:17:27.736+0000] {taskinstance.py:340} INFO - ::group::Post task execution logs
[2024-10-13T11:17:27.736+0000] {taskinstance.py:352} INFO - Marking task as SUCCESS. dag_id=youtube_comments_score, task_id=get_data, run_id=manual__2024-10-13T11:17:23.259477+00:00, execution_date=20241013T111723, start_date=20241013T111723, end_date=20241013T111727
[2024-10-13T11:17:27.780+0000] {local_task_job_runner.py:266} INFO - Task exited with return code 0
[2024-10-13T11:17:27.828+0000] {taskinstance.py:3900} INFO - 1 downstream tasks scheduled from follow-on schedule check
[2024-10-13T11:17:27.831+0000] {local_task_job_runner.py:245} INFO - ::endgroup::
