[2024-10-13T11:44:48.921+0000] {local_task_job_runner.py:123} INFO - ::group::Pre task execution logs
[2024-10-13T11:44:48.929+0000] {taskinstance.py:2612} INFO - Dependencies all met for dep_context=non-requeueable deps ti=<TaskInstance: youtube_comments_score.get_data manual__2024-10-13T11:43:45.176767+00:00 [queued]>
[2024-10-13T11:44:48.931+0000] {taskinstance.py:2612} INFO - Dependencies all met for dep_context=requeueable deps ti=<TaskInstance: youtube_comments_score.get_data manual__2024-10-13T11:43:45.176767+00:00 [queued]>
[2024-10-13T11:44:48.931+0000] {taskinstance.py:2865} INFO - Starting attempt 2 of 2
[2024-10-13T11:44:48.936+0000] {taskinstance.py:2888} INFO - Executing <Task(BashOperator): get_data> on 2024-10-13 11:43:45.176767+00:00
[2024-10-13T11:44:48.938+0000] {standard_task_runner.py:72} INFO - Started process 67258 to run task
[2024-10-13T11:44:48.939+0000] {standard_task_runner.py:104} INFO - Running: ['***', 'tasks', 'run', 'youtube_comments_score', 'get_data', 'manual__2024-10-13T11:43:45.176767+00:00', '--job-id', '44', '--raw', '--subdir', 'DAGS_FOLDER/youtube_comments_score.py', '--cfg-path', '/tmp/tmphn3et962']
[2024-10-13T11:44:48.939+0000] {standard_task_runner.py:105} INFO - Job 44: Subtask get_data
[2024-10-13T11:44:48.968+0000] {task_command.py:467} INFO - Running <TaskInstance: youtube_comments_score.get_data manual__2024-10-13T11:43:45.176767+00:00 [running]> on host haserver
[2024-10-13T11:44:49.001+0000] {taskinstance.py:3131} INFO - Exporting env vars: AIRFLOW_CTX_DAG_OWNER='admin' AIRFLOW_CTX_DAG_ID='youtube_comments_score' AIRFLOW_CTX_TASK_ID='get_data' AIRFLOW_CTX_EXECUTION_DATE='2024-10-13T11:43:45.176767+00:00' AIRFLOW_CTX_TRY_NUMBER='2' AIRFLOW_CTX_DAG_RUN_ID='manual__2024-10-13T11:43:45.176767+00:00'
[2024-10-13T11:44:49.001+0000] {taskinstance.py:731} INFO - ::endgroup::
[2024-10-13T11:44:49.006+0000] {subprocess.py:63} INFO - Tmp dir root location: /tmp
[2024-10-13T11:44:49.007+0000] {subprocess.py:75} INFO - Running command: ['/usr/bin/bash', '-c', 'python3 /home/dblab/haeun/mlops/ml_***/ex1/scripts/get_data.py']
[2024-10-13T11:44:49.010+0000] {subprocess.py:86} INFO - Output:
[2024-10-13T11:44:52.786+0000] {subprocess.py:93} INFO - 2024/10/13 11:44:52 INFO mlflow.tracking._tracking_service.client: 🏃 View run aged-quail-195 at: http://localhost:8088/#/experiments/862399464515859752/runs/44298d39f9ce46039068ddf32d5eb96c.
[2024-10-13T11:44:52.786+0000] {subprocess.py:93} INFO - 2024/10/13 11:44:52 INFO mlflow.tracking._tracking_service.client: 🧪 View experiment at: http://localhost:8088/#/experiments/862399464515859752.
[2024-10-13T11:44:52.864+0000] {subprocess.py:97} INFO - Command exited with return code 0
[2024-10-13T11:44:52.880+0000] {taskinstance.py:340} INFO - ::group::Post task execution logs
[2024-10-13T11:44:52.881+0000] {taskinstance.py:352} INFO - Marking task as SUCCESS. dag_id=youtube_comments_score, task_id=get_data, run_id=manual__2024-10-13T11:43:45.176767+00:00, execution_date=20241013T114345, start_date=20241013T114448, end_date=20241013T114452
[2024-10-13T11:44:52.929+0000] {local_task_job_runner.py:266} INFO - Task exited with return code 0
[2024-10-13T11:44:52.976+0000] {taskinstance.py:3900} INFO - 1 downstream tasks scheduled from follow-on schedule check
[2024-10-13T11:44:52.977+0000] {local_task_job_runner.py:245} INFO - ::endgroup::
