[2024-10-13T11:44:34.790+0000] {local_task_job_runner.py:123} INFO - ::group::Pre task execution logs
[2024-10-13T11:44:34.798+0000] {taskinstance.py:2612} INFO - Dependencies all met for dep_context=non-requeueable deps ti=<TaskInstance: youtube_comments_score.process_data manual__2024-10-13T11:44:29.259368+00:00 [queued]>
[2024-10-13T11:44:34.801+0000] {taskinstance.py:2612} INFO - Dependencies all met for dep_context=requeueable deps ti=<TaskInstance: youtube_comments_score.process_data manual__2024-10-13T11:44:29.259368+00:00 [queued]>
[2024-10-13T11:44:34.801+0000] {taskinstance.py:2865} INFO - Starting attempt 1 of 2
[2024-10-13T11:44:34.806+0000] {taskinstance.py:2888} INFO - Executing <Task(BashOperator): process_data> on 2024-10-13 11:44:29.259368+00:00
[2024-10-13T11:44:34.808+0000] {standard_task_runner.py:72} INFO - Started process 66588 to run task
[2024-10-13T11:44:34.809+0000] {standard_task_runner.py:104} INFO - Running: ['***', 'tasks', 'run', 'youtube_comments_score', 'process_data', 'manual__2024-10-13T11:44:29.259368+00:00', '--job-id', '40', '--raw', '--subdir', 'DAGS_FOLDER/youtube_comments_score.py', '--cfg-path', '/tmp/tmpcu__ypb8']
[2024-10-13T11:44:34.809+0000] {standard_task_runner.py:105} INFO - Job 40: Subtask process_data
[2024-10-13T11:44:34.837+0000] {task_command.py:467} INFO - Running <TaskInstance: youtube_comments_score.process_data manual__2024-10-13T11:44:29.259368+00:00 [running]> on host haserver
[2024-10-13T11:44:34.870+0000] {taskinstance.py:3131} INFO - Exporting env vars: AIRFLOW_CTX_DAG_OWNER='admin' AIRFLOW_CTX_DAG_ID='youtube_comments_score' AIRFLOW_CTX_TASK_ID='process_data' AIRFLOW_CTX_EXECUTION_DATE='2024-10-13T11:44:29.259368+00:00' AIRFLOW_CTX_TRY_NUMBER='1' AIRFLOW_CTX_DAG_RUN_ID='manual__2024-10-13T11:44:29.259368+00:00'
[2024-10-13T11:44:34.870+0000] {taskinstance.py:731} INFO - ::endgroup::
[2024-10-13T11:44:34.876+0000] {subprocess.py:63} INFO - Tmp dir root location: /tmp
[2024-10-13T11:44:34.876+0000] {subprocess.py:75} INFO - Running command: ['/usr/bin/bash', '-c', 'python3 /home/dblab/haeun/mlops/ml_***/ex1/scripts/process_data.py']
[2024-10-13T11:44:34.879+0000] {subprocess.py:86} INFO - Output:
[2024-10-13T11:44:35.084+0000] {subprocess.py:97} INFO - Command exited with return code 0
[2024-10-13T11:44:35.101+0000] {taskinstance.py:340} INFO - ::group::Post task execution logs
[2024-10-13T11:44:35.101+0000] {taskinstance.py:352} INFO - Marking task as SUCCESS. dag_id=youtube_comments_score, task_id=process_data, run_id=manual__2024-10-13T11:44:29.259368+00:00, execution_date=20241013T114429, start_date=20241013T114434, end_date=20241013T114435
[2024-10-13T11:44:35.142+0000] {local_task_job_runner.py:266} INFO - Task exited with return code 0
[2024-10-13T11:44:35.183+0000] {taskinstance.py:3900} INFO - 1 downstream tasks scheduled from follow-on schedule check
[2024-10-13T11:44:35.185+0000] {local_task_job_runner.py:245} INFO - ::endgroup::
