[2024-10-13T10:33:17.416+0000] {processor.py:186} INFO - Started process (PID=50246) to work on /home/dblab/haeun/mlops/ml_airflow/ex1/venv/lib/python3.11/site-packages/airflow/example_dags/example_trigger_target_dag.py
[2024-10-13T10:33:17.416+0000] {processor.py:914} INFO - Processing file /home/dblab/haeun/mlops/ml_airflow/ex1/venv/lib/python3.11/site-packages/airflow/example_dags/example_trigger_target_dag.py for tasks to queue
[2024-10-13T10:33:17.417+0000] {logging_mixin.py:190} INFO - [2024-10-13T10:33:17.417+0000] {dagbag.py:588} INFO - Filling up the DagBag from /home/dblab/haeun/mlops/ml_airflow/ex1/venv/lib/python3.11/site-packages/airflow/example_dags/example_trigger_target_dag.py
[2024-10-13T10:33:17.420+0000] {processor.py:925} INFO - DAG(s) 'example_trigger_target_dag' retrieved from /home/dblab/haeun/mlops/ml_airflow/ex1/venv/lib/python3.11/site-packages/airflow/example_dags/example_trigger_target_dag.py
[2024-10-13T10:33:17.461+0000] {logging_mixin.py:190} INFO - [2024-10-13T10:33:17.460+0000] {override.py:1900} INFO - Created Permission View: can delete on DAG:example_trigger_target_dag
[2024-10-13T10:33:17.464+0000] {logging_mixin.py:190} INFO - [2024-10-13T10:33:17.464+0000] {override.py:1900} INFO - Created Permission View: can edit on DAG:example_trigger_target_dag
[2024-10-13T10:33:17.467+0000] {logging_mixin.py:190} INFO - [2024-10-13T10:33:17.467+0000] {override.py:1900} INFO - Created Permission View: can read on DAG:example_trigger_target_dag
[2024-10-13T10:33:17.471+0000] {logging_mixin.py:190} INFO - [2024-10-13T10:33:17.471+0000] {override.py:1900} INFO - Created Permission View: can create on DAG Run:example_trigger_target_dag
[2024-10-13T10:33:17.475+0000] {logging_mixin.py:190} INFO - [2024-10-13T10:33:17.474+0000] {override.py:1900} INFO - Created Permission View: can delete on DAG Run:example_trigger_target_dag
[2024-10-13T10:33:17.479+0000] {logging_mixin.py:190} INFO - [2024-10-13T10:33:17.479+0000] {override.py:1900} INFO - Created Permission View: menu access on DAG Run:example_trigger_target_dag
[2024-10-13T10:33:17.482+0000] {logging_mixin.py:190} INFO - [2024-10-13T10:33:17.482+0000] {override.py:1900} INFO - Created Permission View: can read on DAG Run:example_trigger_target_dag
[2024-10-13T10:33:17.482+0000] {logging_mixin.py:190} INFO - [2024-10-13T10:33:17.482+0000] {dag.py:3239} INFO - Sync 1 DAGs
[2024-10-13T10:33:17.487+0000] {logging_mixin.py:190} INFO - [2024-10-13T10:33:17.487+0000] {dag.py:3262} INFO - Creating ORM DAG for example_trigger_target_dag
[2024-10-13T10:33:17.487+0000] {logging_mixin.py:190} INFO - [2024-10-13T10:33:17.487+0000] {dag.py:4180} INFO - Setting next_dagrun for example_trigger_target_dag to None, run_after=None
[2024-10-13T10:33:17.495+0000] {processor.py:208} INFO - Processing /home/dblab/haeun/mlops/ml_airflow/ex1/venv/lib/python3.11/site-packages/airflow/example_dags/example_trigger_target_dag.py took 0.082 seconds
[2024-10-13T10:33:47.541+0000] {processor.py:186} INFO - Started process (PID=50748) to work on /home/dblab/haeun/mlops/ml_airflow/ex1/venv/lib/python3.11/site-packages/airflow/example_dags/example_trigger_target_dag.py
[2024-10-13T10:33:47.542+0000] {processor.py:914} INFO - Processing file /home/dblab/haeun/mlops/ml_airflow/ex1/venv/lib/python3.11/site-packages/airflow/example_dags/example_trigger_target_dag.py for tasks to queue
[2024-10-13T10:33:47.542+0000] {logging_mixin.py:190} INFO - [2024-10-13T10:33:47.542+0000] {dagbag.py:588} INFO - Filling up the DagBag from /home/dblab/haeun/mlops/ml_airflow/ex1/venv/lib/python3.11/site-packages/airflow/example_dags/example_trigger_target_dag.py
[2024-10-13T10:33:47.545+0000] {processor.py:925} INFO - DAG(s) 'example_trigger_target_dag' retrieved from /home/dblab/haeun/mlops/ml_airflow/ex1/venv/lib/python3.11/site-packages/airflow/example_dags/example_trigger_target_dag.py
[2024-10-13T10:33:47.554+0000] {logging_mixin.py:190} INFO - [2024-10-13T10:33:47.554+0000] {dag.py:3239} INFO - Sync 1 DAGs
[2024-10-13T10:33:47.559+0000] {logging_mixin.py:190} INFO - [2024-10-13T10:33:47.559+0000] {dag.py:4180} INFO - Setting next_dagrun for example_trigger_target_dag to None, run_after=None
[2024-10-13T10:33:47.566+0000] {processor.py:208} INFO - Processing /home/dblab/haeun/mlops/ml_airflow/ex1/venv/lib/python3.11/site-packages/airflow/example_dags/example_trigger_target_dag.py took 0.027 seconds
