[2024-10-13T10:33:18.136+0000] {processor.py:186} INFO - Started process (PID=50373) to work on /home/dblab/haeun/mlops/ml_airflow/ex1/venv/lib/python3.11/site-packages/airflow/example_dags/example_branch_day_of_week_operator.py
[2024-10-13T10:33:18.136+0000] {processor.py:914} INFO - Processing file /home/dblab/haeun/mlops/ml_airflow/ex1/venv/lib/python3.11/site-packages/airflow/example_dags/example_branch_day_of_week_operator.py for tasks to queue
[2024-10-13T10:33:18.137+0000] {logging_mixin.py:190} INFO - [2024-10-13T10:33:18.137+0000] {dagbag.py:588} INFO - Filling up the DagBag from /home/dblab/haeun/mlops/ml_airflow/ex1/venv/lib/python3.11/site-packages/airflow/example_dags/example_branch_day_of_week_operator.py
[2024-10-13T10:33:18.141+0000] {processor.py:925} INFO - DAG(s) 'example_weekday_branch_operator' retrieved from /home/dblab/haeun/mlops/ml_airflow/ex1/venv/lib/python3.11/site-packages/airflow/example_dags/example_branch_day_of_week_operator.py
[2024-10-13T10:33:18.183+0000] {logging_mixin.py:190} INFO - [2024-10-13T10:33:18.183+0000] {override.py:1900} INFO - Created Permission View: can delete on DAG:example_weekday_branch_operator
[2024-10-13T10:33:18.188+0000] {logging_mixin.py:190} INFO - [2024-10-13T10:33:18.188+0000] {override.py:1900} INFO - Created Permission View: can edit on DAG:example_weekday_branch_operator
[2024-10-13T10:33:18.192+0000] {logging_mixin.py:190} INFO - [2024-10-13T10:33:18.192+0000] {override.py:1900} INFO - Created Permission View: can read on DAG:example_weekday_branch_operator
[2024-10-13T10:33:18.198+0000] {logging_mixin.py:190} INFO - [2024-10-13T10:33:18.198+0000] {override.py:1900} INFO - Created Permission View: can create on DAG Run:example_weekday_branch_operator
[2024-10-13T10:33:18.202+0000] {logging_mixin.py:190} INFO - [2024-10-13T10:33:18.202+0000] {override.py:1900} INFO - Created Permission View: can delete on DAG Run:example_weekday_branch_operator
[2024-10-13T10:33:18.207+0000] {logging_mixin.py:190} INFO - [2024-10-13T10:33:18.207+0000] {override.py:1900} INFO - Created Permission View: menu access on DAG Run:example_weekday_branch_operator
[2024-10-13T10:33:18.212+0000] {logging_mixin.py:190} INFO - [2024-10-13T10:33:18.212+0000] {override.py:1900} INFO - Created Permission View: can read on DAG Run:example_weekday_branch_operator
[2024-10-13T10:33:18.212+0000] {logging_mixin.py:190} INFO - [2024-10-13T10:33:18.212+0000] {dag.py:3239} INFO - Sync 1 DAGs
[2024-10-13T10:33:18.217+0000] {logging_mixin.py:190} INFO - [2024-10-13T10:33:18.216+0000] {dag.py:3262} INFO - Creating ORM DAG for example_weekday_branch_operator
[2024-10-13T10:33:18.220+0000] {logging_mixin.py:190} INFO - [2024-10-13T10:33:18.220+0000] {dag.py:4180} INFO - Setting next_dagrun for example_weekday_branch_operator to 2024-10-12 00:00:00+00:00, run_after=2024-10-13 00:00:00+00:00
[2024-10-13T10:33:18.226+0000] {processor.py:208} INFO - Processing /home/dblab/haeun/mlops/ml_airflow/ex1/venv/lib/python3.11/site-packages/airflow/example_dags/example_branch_day_of_week_operator.py took 0.093 seconds
[2024-10-13T10:33:48.968+0000] {processor.py:186} INFO - Started process (PID=50862) to work on /home/dblab/haeun/mlops/ml_airflow/ex1/venv/lib/python3.11/site-packages/airflow/example_dags/example_branch_day_of_week_operator.py
[2024-10-13T10:33:48.968+0000] {processor.py:914} INFO - Processing file /home/dblab/haeun/mlops/ml_airflow/ex1/venv/lib/python3.11/site-packages/airflow/example_dags/example_branch_day_of_week_operator.py for tasks to queue
[2024-10-13T10:33:48.969+0000] {logging_mixin.py:190} INFO - [2024-10-13T10:33:48.968+0000] {dagbag.py:588} INFO - Filling up the DagBag from /home/dblab/haeun/mlops/ml_airflow/ex1/venv/lib/python3.11/site-packages/airflow/example_dags/example_branch_day_of_week_operator.py
[2024-10-13T10:33:48.972+0000] {processor.py:925} INFO - DAG(s) 'example_weekday_branch_operator' retrieved from /home/dblab/haeun/mlops/ml_airflow/ex1/venv/lib/python3.11/site-packages/airflow/example_dags/example_branch_day_of_week_operator.py
[2024-10-13T10:33:48.982+0000] {logging_mixin.py:190} INFO - [2024-10-13T10:33:48.982+0000] {dag.py:3239} INFO - Sync 1 DAGs
[2024-10-13T10:33:48.990+0000] {logging_mixin.py:190} INFO - [2024-10-13T10:33:48.990+0000] {dag.py:4180} INFO - Setting next_dagrun for example_weekday_branch_operator to 2024-10-12 00:00:00+00:00, run_after=2024-10-13 00:00:00+00:00
[2024-10-13T10:33:48.997+0000] {processor.py:208} INFO - Processing /home/dblab/haeun/mlops/ml_airflow/ex1/venv/lib/python3.11/site-packages/airflow/example_dags/example_branch_day_of_week_operator.py took 0.031 seconds
