[2024-10-13T10:33:17.632+0000] {processor.py:186} INFO - Started process (PID=50294) to work on /home/dblab/haeun/mlops/ml_airflow/ex1/venv/lib/python3.11/site-packages/airflow/example_dags/example_trigger_controller_dag.py
[2024-10-13T10:33:17.632+0000] {processor.py:914} INFO - Processing file /home/dblab/haeun/mlops/ml_airflow/ex1/venv/lib/python3.11/site-packages/airflow/example_dags/example_trigger_controller_dag.py for tasks to queue
[2024-10-13T10:33:17.633+0000] {logging_mixin.py:190} INFO - [2024-10-13T10:33:17.633+0000] {dagbag.py:588} INFO - Filling up the DagBag from /home/dblab/haeun/mlops/ml_airflow/ex1/venv/lib/python3.11/site-packages/airflow/example_dags/example_trigger_controller_dag.py
[2024-10-13T10:33:17.635+0000] {processor.py:925} INFO - DAG(s) 'example_trigger_controller_dag' retrieved from /home/dblab/haeun/mlops/ml_airflow/ex1/venv/lib/python3.11/site-packages/airflow/example_dags/example_trigger_controller_dag.py
[2024-10-13T10:33:17.676+0000] {logging_mixin.py:190} INFO - [2024-10-13T10:33:17.676+0000] {override.py:1900} INFO - Created Permission View: can delete on DAG:example_trigger_controller_dag
[2024-10-13T10:33:17.681+0000] {logging_mixin.py:190} INFO - [2024-10-13T10:33:17.681+0000] {override.py:1900} INFO - Created Permission View: can edit on DAG:example_trigger_controller_dag
[2024-10-13T10:33:17.686+0000] {logging_mixin.py:190} INFO - [2024-10-13T10:33:17.686+0000] {override.py:1900} INFO - Created Permission View: can read on DAG:example_trigger_controller_dag
[2024-10-13T10:33:17.690+0000] {logging_mixin.py:190} INFO - [2024-10-13T10:33:17.690+0000] {override.py:1900} INFO - Created Permission View: can create on DAG Run:example_trigger_controller_dag
[2024-10-13T10:33:17.693+0000] {logging_mixin.py:190} INFO - [2024-10-13T10:33:17.693+0000] {override.py:1900} INFO - Created Permission View: can delete on DAG Run:example_trigger_controller_dag
[2024-10-13T10:33:17.696+0000] {logging_mixin.py:190} INFO - [2024-10-13T10:33:17.696+0000] {override.py:1900} INFO - Created Permission View: menu access on DAG Run:example_trigger_controller_dag
[2024-10-13T10:33:17.699+0000] {logging_mixin.py:190} INFO - [2024-10-13T10:33:17.699+0000] {override.py:1900} INFO - Created Permission View: can read on DAG Run:example_trigger_controller_dag
[2024-10-13T10:33:17.699+0000] {logging_mixin.py:190} INFO - [2024-10-13T10:33:17.699+0000] {dag.py:3239} INFO - Sync 1 DAGs
[2024-10-13T10:33:17.704+0000] {logging_mixin.py:190} INFO - [2024-10-13T10:33:17.704+0000] {dag.py:3262} INFO - Creating ORM DAG for example_trigger_controller_dag
[2024-10-13T10:33:17.707+0000] {logging_mixin.py:190} INFO - [2024-10-13T10:33:17.707+0000] {dag.py:4180} INFO - Setting next_dagrun for example_trigger_controller_dag to 2021-01-01 00:00:00+00:00, run_after=2021-01-01 00:00:00+00:00
[2024-10-13T10:33:17.714+0000] {processor.py:208} INFO - Processing /home/dblab/haeun/mlops/ml_airflow/ex1/venv/lib/python3.11/site-packages/airflow/example_dags/example_trigger_controller_dag.py took 0.085 seconds
[2024-10-13T10:33:48.726+0000] {processor.py:186} INFO - Started process (PID=50798) to work on /home/dblab/haeun/mlops/ml_airflow/ex1/venv/lib/python3.11/site-packages/airflow/example_dags/example_trigger_controller_dag.py
[2024-10-13T10:33:48.726+0000] {processor.py:914} INFO - Processing file /home/dblab/haeun/mlops/ml_airflow/ex1/venv/lib/python3.11/site-packages/airflow/example_dags/example_trigger_controller_dag.py for tasks to queue
[2024-10-13T10:33:48.728+0000] {logging_mixin.py:190} INFO - [2024-10-13T10:33:48.727+0000] {dagbag.py:588} INFO - Filling up the DagBag from /home/dblab/haeun/mlops/ml_airflow/ex1/venv/lib/python3.11/site-packages/airflow/example_dags/example_trigger_controller_dag.py
[2024-10-13T10:33:48.732+0000] {processor.py:925} INFO - DAG(s) 'example_trigger_controller_dag' retrieved from /home/dblab/haeun/mlops/ml_airflow/ex1/venv/lib/python3.11/site-packages/airflow/example_dags/example_trigger_controller_dag.py
[2024-10-13T10:33:48.745+0000] {logging_mixin.py:190} INFO - [2024-10-13T10:33:48.745+0000] {dag.py:3239} INFO - Sync 1 DAGs
[2024-10-13T10:33:48.754+0000] {logging_mixin.py:190} INFO - [2024-10-13T10:33:48.753+0000] {dag.py:4180} INFO - Setting next_dagrun for example_trigger_controller_dag to 2021-01-01 00:00:00+00:00, run_after=2021-01-01 00:00:00+00:00
[2024-10-13T10:33:48.761+0000] {processor.py:208} INFO - Processing /home/dblab/haeun/mlops/ml_airflow/ex1/venv/lib/python3.11/site-packages/airflow/example_dags/example_trigger_controller_dag.py took 0.039 seconds
