[2024-10-13T10:33:18.684+0000] {processor.py:186} INFO - Started process (PID=50444) to work on /home/dblab/haeun/mlops/ml_airflow/ex1/venv/lib/python3.11/site-packages/airflow/example_dags/example_latest_only.py
[2024-10-13T10:33:18.685+0000] {processor.py:914} INFO - Processing file /home/dblab/haeun/mlops/ml_airflow/ex1/venv/lib/python3.11/site-packages/airflow/example_dags/example_latest_only.py for tasks to queue
[2024-10-13T10:33:18.686+0000] {logging_mixin.py:190} INFO - [2024-10-13T10:33:18.685+0000] {dagbag.py:588} INFO - Filling up the DagBag from /home/dblab/haeun/mlops/ml_airflow/ex1/venv/lib/python3.11/site-packages/airflow/example_dags/example_latest_only.py
[2024-10-13T10:33:18.688+0000] {processor.py:925} INFO - DAG(s) 'latest_only' retrieved from /home/dblab/haeun/mlops/ml_airflow/ex1/venv/lib/python3.11/site-packages/airflow/example_dags/example_latest_only.py
[2024-10-13T10:33:18.733+0000] {logging_mixin.py:190} INFO - [2024-10-13T10:33:18.733+0000] {override.py:1900} INFO - Created Permission View: can delete on DAG:latest_only
[2024-10-13T10:33:18.738+0000] {logging_mixin.py:190} INFO - [2024-10-13T10:33:18.738+0000] {override.py:1900} INFO - Created Permission View: can edit on DAG:latest_only
[2024-10-13T10:33:18.743+0000] {logging_mixin.py:190} INFO - [2024-10-13T10:33:18.743+0000] {override.py:1900} INFO - Created Permission View: can read on DAG:latest_only
[2024-10-13T10:33:18.753+0000] {logging_mixin.py:190} INFO - [2024-10-13T10:33:18.753+0000] {override.py:1900} INFO - Created Permission View: can create on DAG Run:latest_only
[2024-10-13T10:33:18.758+0000] {logging_mixin.py:190} INFO - [2024-10-13T10:33:18.758+0000] {override.py:1900} INFO - Created Permission View: can delete on DAG Run:latest_only
[2024-10-13T10:33:18.763+0000] {logging_mixin.py:190} INFO - [2024-10-13T10:33:18.763+0000] {override.py:1900} INFO - Created Permission View: menu access on DAG Run:latest_only
[2024-10-13T10:33:18.768+0000] {logging_mixin.py:190} INFO - [2024-10-13T10:33:18.768+0000] {override.py:1900} INFO - Created Permission View: can read on DAG Run:latest_only
[2024-10-13T10:33:18.768+0000] {logging_mixin.py:190} INFO - [2024-10-13T10:33:18.768+0000] {dag.py:3239} INFO - Sync 1 DAGs
[2024-10-13T10:33:18.775+0000] {logging_mixin.py:190} INFO - [2024-10-13T10:33:18.775+0000] {dag.py:3262} INFO - Creating ORM DAG for latest_only
[2024-10-13T10:33:18.778+0000] {logging_mixin.py:190} INFO - [2024-10-13T10:33:18.778+0000] {dag.py:4180} INFO - Setting next_dagrun for latest_only to 2024-10-13 04:00:00+00:00, run_after=2024-10-13 08:00:00+00:00
[2024-10-13T10:33:18.785+0000] {processor.py:208} INFO - Processing /home/dblab/haeun/mlops/ml_airflow/ex1/venv/lib/python3.11/site-packages/airflow/example_dags/example_latest_only.py took 0.102 seconds
[2024-10-13T10:33:49.212+0000] {processor.py:186} INFO - Started process (PID=50934) to work on /home/dblab/haeun/mlops/ml_airflow/ex1/venv/lib/python3.11/site-packages/airflow/example_dags/example_latest_only.py
[2024-10-13T10:33:49.213+0000] {processor.py:914} INFO - Processing file /home/dblab/haeun/mlops/ml_airflow/ex1/venv/lib/python3.11/site-packages/airflow/example_dags/example_latest_only.py for tasks to queue
[2024-10-13T10:33:49.213+0000] {logging_mixin.py:190} INFO - [2024-10-13T10:33:49.213+0000] {dagbag.py:588} INFO - Filling up the DagBag from /home/dblab/haeun/mlops/ml_airflow/ex1/venv/lib/python3.11/site-packages/airflow/example_dags/example_latest_only.py
[2024-10-13T10:33:49.216+0000] {processor.py:925} INFO - DAG(s) 'latest_only' retrieved from /home/dblab/haeun/mlops/ml_airflow/ex1/venv/lib/python3.11/site-packages/airflow/example_dags/example_latest_only.py
[2024-10-13T10:33:49.225+0000] {logging_mixin.py:190} INFO - [2024-10-13T10:33:49.225+0000] {dag.py:3239} INFO - Sync 1 DAGs
[2024-10-13T10:33:49.233+0000] {logging_mixin.py:190} INFO - [2024-10-13T10:33:49.233+0000] {dag.py:4180} INFO - Setting next_dagrun for latest_only to 2024-10-13 04:00:00+00:00, run_after=2024-10-13 08:00:00+00:00
[2024-10-13T10:33:49.240+0000] {processor.py:208} INFO - Processing /home/dblab/haeun/mlops/ml_airflow/ex1/venv/lib/python3.11/site-packages/airflow/example_dags/example_latest_only.py took 0.030 seconds
