[2024-10-13T10:33:19.103+0000] {processor.py:186} INFO - Started process (PID=50471) to work on /home/dblab/haeun/mlops/ml_airflow/ex1/venv/lib/python3.11/site-packages/airflow/example_dags/example_bash_decorator.py
[2024-10-13T10:33:19.104+0000] {processor.py:914} INFO - Processing file /home/dblab/haeun/mlops/ml_airflow/ex1/venv/lib/python3.11/site-packages/airflow/example_dags/example_bash_decorator.py for tasks to queue
[2024-10-13T10:33:19.104+0000] {logging_mixin.py:190} INFO - [2024-10-13T10:33:19.104+0000] {dagbag.py:588} INFO - Filling up the DagBag from /home/dblab/haeun/mlops/ml_airflow/ex1/venv/lib/python3.11/site-packages/airflow/example_dags/example_bash_decorator.py
[2024-10-13T10:33:19.110+0000] {processor.py:925} INFO - DAG(s) 'example_bash_decorator' retrieved from /home/dblab/haeun/mlops/ml_airflow/ex1/venv/lib/python3.11/site-packages/airflow/example_dags/example_bash_decorator.py
[2024-10-13T10:33:19.154+0000] {logging_mixin.py:190} INFO - [2024-10-13T10:33:19.154+0000] {override.py:1900} INFO - Created Permission View: can delete on DAG:example_bash_decorator
[2024-10-13T10:33:19.158+0000] {logging_mixin.py:190} INFO - [2024-10-13T10:33:19.158+0000] {override.py:1900} INFO - Created Permission View: can edit on DAG:example_bash_decorator
[2024-10-13T10:33:19.161+0000] {logging_mixin.py:190} INFO - [2024-10-13T10:33:19.161+0000] {override.py:1900} INFO - Created Permission View: can read on DAG:example_bash_decorator
[2024-10-13T10:33:19.164+0000] {logging_mixin.py:190} INFO - [2024-10-13T10:33:19.164+0000] {override.py:1900} INFO - Created Permission View: can create on DAG Run:example_bash_decorator
[2024-10-13T10:33:19.167+0000] {logging_mixin.py:190} INFO - [2024-10-13T10:33:19.167+0000] {override.py:1900} INFO - Created Permission View: can delete on DAG Run:example_bash_decorator
[2024-10-13T10:33:19.169+0000] {logging_mixin.py:190} INFO - [2024-10-13T10:33:19.169+0000] {override.py:1900} INFO - Created Permission View: menu access on DAG Run:example_bash_decorator
[2024-10-13T10:33:19.173+0000] {logging_mixin.py:190} INFO - [2024-10-13T10:33:19.173+0000] {override.py:1900} INFO - Created Permission View: can read on DAG Run:example_bash_decorator
[2024-10-13T10:33:19.173+0000] {logging_mixin.py:190} INFO - [2024-10-13T10:33:19.173+0000] {dag.py:3239} INFO - Sync 1 DAGs
[2024-10-13T10:33:19.177+0000] {logging_mixin.py:190} INFO - [2024-10-13T10:33:19.177+0000] {dag.py:3262} INFO - Creating ORM DAG for example_bash_decorator
[2024-10-13T10:33:19.178+0000] {logging_mixin.py:190} INFO - [2024-10-13T10:33:19.177+0000] {dag.py:4180} INFO - Setting next_dagrun for example_bash_decorator to None, run_after=None
[2024-10-13T10:33:19.184+0000] {processor.py:208} INFO - Processing /home/dblab/haeun/mlops/ml_airflow/ex1/venv/lib/python3.11/site-packages/airflow/example_dags/example_bash_decorator.py took 0.082 seconds
[2024-10-13T10:33:49.309+0000] {processor.py:186} INFO - Started process (PID=50958) to work on /home/dblab/haeun/mlops/ml_airflow/ex1/venv/lib/python3.11/site-packages/airflow/example_dags/example_bash_decorator.py
[2024-10-13T10:33:49.309+0000] {processor.py:914} INFO - Processing file /home/dblab/haeun/mlops/ml_airflow/ex1/venv/lib/python3.11/site-packages/airflow/example_dags/example_bash_decorator.py for tasks to queue
[2024-10-13T10:33:49.310+0000] {logging_mixin.py:190} INFO - [2024-10-13T10:33:49.310+0000] {dagbag.py:588} INFO - Filling up the DagBag from /home/dblab/haeun/mlops/ml_airflow/ex1/venv/lib/python3.11/site-packages/airflow/example_dags/example_bash_decorator.py
[2024-10-13T10:33:49.316+0000] {processor.py:925} INFO - DAG(s) 'example_bash_decorator' retrieved from /home/dblab/haeun/mlops/ml_airflow/ex1/venv/lib/python3.11/site-packages/airflow/example_dags/example_bash_decorator.py
[2024-10-13T10:33:49.326+0000] {logging_mixin.py:190} INFO - [2024-10-13T10:33:49.326+0000] {dag.py:3239} INFO - Sync 1 DAGs
[2024-10-13T10:33:49.331+0000] {logging_mixin.py:190} INFO - [2024-10-13T10:33:49.331+0000] {dag.py:4180} INFO - Setting next_dagrun for example_bash_decorator to None, run_after=None
[2024-10-13T10:33:49.338+0000] {processor.py:208} INFO - Processing /home/dblab/haeun/mlops/ml_airflow/ex1/venv/lib/python3.11/site-packages/airflow/example_dags/example_bash_decorator.py took 0.031 seconds
