[2024-10-13T10:33:18.343+0000] {processor.py:186} INFO - Started process (PID=50402) to work on /home/dblab/haeun/mlops/ml_airflow/ex1/venv/lib/python3.11/site-packages/airflow/example_dags/example_task_group_decorator.py
[2024-10-13T10:33:18.344+0000] {processor.py:914} INFO - Processing file /home/dblab/haeun/mlops/ml_airflow/ex1/venv/lib/python3.11/site-packages/airflow/example_dags/example_task_group_decorator.py for tasks to queue
[2024-10-13T10:33:18.344+0000] {logging_mixin.py:190} INFO - [2024-10-13T10:33:18.344+0000] {dagbag.py:588} INFO - Filling up the DagBag from /home/dblab/haeun/mlops/ml_airflow/ex1/venv/lib/python3.11/site-packages/airflow/example_dags/example_task_group_decorator.py
[2024-10-13T10:33:18.350+0000] {processor.py:925} INFO - DAG(s) 'example_task_group_decorator' retrieved from /home/dblab/haeun/mlops/ml_airflow/ex1/venv/lib/python3.11/site-packages/airflow/example_dags/example_task_group_decorator.py
[2024-10-13T10:33:18.396+0000] {logging_mixin.py:190} INFO - [2024-10-13T10:33:18.396+0000] {override.py:1900} INFO - Created Permission View: can delete on DAG:example_task_group_decorator
[2024-10-13T10:33:18.400+0000] {logging_mixin.py:190} INFO - [2024-10-13T10:33:18.400+0000] {override.py:1900} INFO - Created Permission View: can edit on DAG:example_task_group_decorator
[2024-10-13T10:33:18.403+0000] {logging_mixin.py:190} INFO - [2024-10-13T10:33:18.403+0000] {override.py:1900} INFO - Created Permission View: can read on DAG:example_task_group_decorator
[2024-10-13T10:33:18.407+0000] {logging_mixin.py:190} INFO - [2024-10-13T10:33:18.407+0000] {override.py:1900} INFO - Created Permission View: can create on DAG Run:example_task_group_decorator
[2024-10-13T10:33:18.411+0000] {logging_mixin.py:190} INFO - [2024-10-13T10:33:18.411+0000] {override.py:1900} INFO - Created Permission View: can delete on DAG Run:example_task_group_decorator
[2024-10-13T10:33:18.416+0000] {logging_mixin.py:190} INFO - [2024-10-13T10:33:18.416+0000] {override.py:1900} INFO - Created Permission View: menu access on DAG Run:example_task_group_decorator
[2024-10-13T10:33:18.421+0000] {logging_mixin.py:190} INFO - [2024-10-13T10:33:18.421+0000] {override.py:1900} INFO - Created Permission View: can read on DAG Run:example_task_group_decorator
[2024-10-13T10:33:18.421+0000] {logging_mixin.py:190} INFO - [2024-10-13T10:33:18.421+0000] {dag.py:3239} INFO - Sync 1 DAGs
[2024-10-13T10:33:18.426+0000] {logging_mixin.py:190} INFO - [2024-10-13T10:33:18.426+0000] {dag.py:3262} INFO - Creating ORM DAG for example_task_group_decorator
[2024-10-13T10:33:18.426+0000] {logging_mixin.py:190} INFO - [2024-10-13T10:33:18.426+0000] {dag.py:4180} INFO - Setting next_dagrun for example_task_group_decorator to None, run_after=None
[2024-10-13T10:33:18.433+0000] {processor.py:208} INFO - Processing /home/dblab/haeun/mlops/ml_airflow/ex1/venv/lib/python3.11/site-packages/airflow/example_dags/example_task_group_decorator.py took 0.091 seconds
[2024-10-13T10:33:49.067+0000] {processor.py:186} INFO - Started process (PID=50894) to work on /home/dblab/haeun/mlops/ml_airflow/ex1/venv/lib/python3.11/site-packages/airflow/example_dags/example_task_group_decorator.py
[2024-10-13T10:33:49.067+0000] {processor.py:914} INFO - Processing file /home/dblab/haeun/mlops/ml_airflow/ex1/venv/lib/python3.11/site-packages/airflow/example_dags/example_task_group_decorator.py for tasks to queue
[2024-10-13T10:33:49.068+0000] {logging_mixin.py:190} INFO - [2024-10-13T10:33:49.068+0000] {dagbag.py:588} INFO - Filling up the DagBag from /home/dblab/haeun/mlops/ml_airflow/ex1/venv/lib/python3.11/site-packages/airflow/example_dags/example_task_group_decorator.py
[2024-10-13T10:33:49.074+0000] {processor.py:925} INFO - DAG(s) 'example_task_group_decorator' retrieved from /home/dblab/haeun/mlops/ml_airflow/ex1/venv/lib/python3.11/site-packages/airflow/example_dags/example_task_group_decorator.py
[2024-10-13T10:33:49.086+0000] {logging_mixin.py:190} INFO - [2024-10-13T10:33:49.086+0000] {dag.py:3239} INFO - Sync 1 DAGs
[2024-10-13T10:33:49.091+0000] {logging_mixin.py:190} INFO - [2024-10-13T10:33:49.091+0000] {dag.py:4180} INFO - Setting next_dagrun for example_task_group_decorator to None, run_after=None
[2024-10-13T10:33:49.099+0000] {processor.py:208} INFO - Processing /home/dblab/haeun/mlops/ml_airflow/ex1/venv/lib/python3.11/site-packages/airflow/example_dags/example_task_group_decorator.py took 0.034 seconds
