[2024-10-13T10:33:19.297+0000] {processor.py:186} INFO - Started process (PID=50487) to work on /home/dblab/haeun/mlops/ml_airflow/ex1/venv/lib/python3.11/site-packages/airflow/example_dags/example_params_ui_tutorial.py
[2024-10-13T10:33:19.297+0000] {processor.py:914} INFO - Processing file /home/dblab/haeun/mlops/ml_airflow/ex1/venv/lib/python3.11/site-packages/airflow/example_dags/example_params_ui_tutorial.py for tasks to queue
[2024-10-13T10:33:19.298+0000] {logging_mixin.py:190} INFO - [2024-10-13T10:33:19.298+0000] {dagbag.py:588} INFO - Filling up the DagBag from /home/dblab/haeun/mlops/ml_airflow/ex1/venv/lib/python3.11/site-packages/airflow/example_dags/example_params_ui_tutorial.py
[2024-10-13T10:33:19.301+0000] {processor.py:925} INFO - DAG(s) 'example_params_ui_tutorial' retrieved from /home/dblab/haeun/mlops/ml_airflow/ex1/venv/lib/python3.11/site-packages/airflow/example_dags/example_params_ui_tutorial.py
[2024-10-13T10:33:19.355+0000] {logging_mixin.py:190} INFO - [2024-10-13T10:33:19.354+0000] {override.py:1900} INFO - Created Permission View: can delete on DAG:example_params_ui_tutorial
[2024-10-13T10:33:19.359+0000] {logging_mixin.py:190} INFO - [2024-10-13T10:33:19.359+0000] {override.py:1900} INFO - Created Permission View: can edit on DAG:example_params_ui_tutorial
[2024-10-13T10:33:19.364+0000] {logging_mixin.py:190} INFO - [2024-10-13T10:33:19.364+0000] {override.py:1900} INFO - Created Permission View: can read on DAG:example_params_ui_tutorial
[2024-10-13T10:33:19.370+0000] {logging_mixin.py:190} INFO - [2024-10-13T10:33:19.370+0000] {override.py:1900} INFO - Created Permission View: can create on DAG Run:example_params_ui_tutorial
[2024-10-13T10:33:19.374+0000] {logging_mixin.py:190} INFO - [2024-10-13T10:33:19.374+0000] {override.py:1900} INFO - Created Permission View: can delete on DAG Run:example_params_ui_tutorial
[2024-10-13T10:33:19.378+0000] {logging_mixin.py:190} INFO - [2024-10-13T10:33:19.378+0000] {override.py:1900} INFO - Created Permission View: menu access on DAG Run:example_params_ui_tutorial
[2024-10-13T10:33:19.383+0000] {logging_mixin.py:190} INFO - [2024-10-13T10:33:19.383+0000] {override.py:1900} INFO - Created Permission View: can read on DAG Run:example_params_ui_tutorial
[2024-10-13T10:33:19.383+0000] {logging_mixin.py:190} INFO - [2024-10-13T10:33:19.383+0000] {dag.py:3239} INFO - Sync 1 DAGs
[2024-10-13T10:33:19.388+0000] {logging_mixin.py:190} INFO - [2024-10-13T10:33:19.388+0000] {dag.py:3262} INFO - Creating ORM DAG for example_params_ui_tutorial
[2024-10-13T10:33:19.388+0000] {logging_mixin.py:190} INFO - [2024-10-13T10:33:19.388+0000] {dag.py:4180} INFO - Setting next_dagrun for example_params_ui_tutorial to None, run_after=None
[2024-10-13T10:33:19.395+0000] {processor.py:208} INFO - Processing /home/dblab/haeun/mlops/ml_airflow/ex1/venv/lib/python3.11/site-packages/airflow/example_dags/example_params_ui_tutorial.py took 0.100 seconds
[2024-10-13T10:33:50.374+0000] {processor.py:186} INFO - Started process (PID=50976) to work on /home/dblab/haeun/mlops/ml_airflow/ex1/venv/lib/python3.11/site-packages/airflow/example_dags/example_params_ui_tutorial.py
[2024-10-13T10:33:50.375+0000] {processor.py:914} INFO - Processing file /home/dblab/haeun/mlops/ml_airflow/ex1/venv/lib/python3.11/site-packages/airflow/example_dags/example_params_ui_tutorial.py for tasks to queue
[2024-10-13T10:33:50.376+0000] {logging_mixin.py:190} INFO - [2024-10-13T10:33:50.375+0000] {dagbag.py:588} INFO - Filling up the DagBag from /home/dblab/haeun/mlops/ml_airflow/ex1/venv/lib/python3.11/site-packages/airflow/example_dags/example_params_ui_tutorial.py
[2024-10-13T10:33:50.380+0000] {processor.py:925} INFO - DAG(s) 'example_params_ui_tutorial' retrieved from /home/dblab/haeun/mlops/ml_airflow/ex1/venv/lib/python3.11/site-packages/airflow/example_dags/example_params_ui_tutorial.py
[2024-10-13T10:33:50.399+0000] {logging_mixin.py:190} INFO - [2024-10-13T10:33:50.399+0000] {dag.py:3239} INFO - Sync 1 DAGs
[2024-10-13T10:33:50.404+0000] {logging_mixin.py:190} INFO - [2024-10-13T10:33:50.404+0000] {dag.py:4180} INFO - Setting next_dagrun for example_params_ui_tutorial to None, run_after=None
[2024-10-13T10:33:50.410+0000] {processor.py:208} INFO - Processing /home/dblab/haeun/mlops/ml_airflow/ex1/venv/lib/python3.11/site-packages/airflow/example_dags/example_params_ui_tutorial.py took 0.040 seconds
