[2024-10-13T10:33:17.827+0000] {processor.py:186} INFO - Started process (PID=50318) to work on /home/dblab/haeun/mlops/ml_airflow/ex1/venv/lib/python3.11/site-packages/airflow/example_dags/example_dynamic_task_mapping_with_no_taskflow_operators.py
[2024-10-13T10:33:17.827+0000] {processor.py:914} INFO - Processing file /home/dblab/haeun/mlops/ml_airflow/ex1/venv/lib/python3.11/site-packages/airflow/example_dags/example_dynamic_task_mapping_with_no_taskflow_operators.py for tasks to queue
[2024-10-13T10:33:17.828+0000] {logging_mixin.py:190} INFO - [2024-10-13T10:33:17.828+0000] {dagbag.py:588} INFO - Filling up the DagBag from /home/dblab/haeun/mlops/ml_airflow/ex1/venv/lib/python3.11/site-packages/airflow/example_dags/example_dynamic_task_mapping_with_no_taskflow_operators.py
[2024-10-13T10:33:17.831+0000] {processor.py:925} INFO - DAG(s) 'example_dynamic_task_mapping_with_no_taskflow_operators' retrieved from /home/dblab/haeun/mlops/ml_airflow/ex1/venv/lib/python3.11/site-packages/airflow/example_dags/example_dynamic_task_mapping_with_no_taskflow_operators.py
[2024-10-13T10:33:17.872+0000] {logging_mixin.py:190} INFO - [2024-10-13T10:33:17.872+0000] {override.py:1900} INFO - Created Permission View: can delete on DAG:example_dynamic_task_mapping_with_no_taskflow_operators
[2024-10-13T10:33:17.880+0000] {logging_mixin.py:190} INFO - [2024-10-13T10:33:17.879+0000] {override.py:1900} INFO - Created Permission View: can edit on DAG:example_dynamic_task_mapping_with_no_taskflow_operators
[2024-10-13T10:33:17.884+0000] {logging_mixin.py:190} INFO - [2024-10-13T10:33:17.884+0000] {override.py:1900} INFO - Created Permission View: can read on DAG:example_dynamic_task_mapping_with_no_taskflow_operators
[2024-10-13T10:33:17.894+0000] {logging_mixin.py:190} INFO - [2024-10-13T10:33:17.894+0000] {override.py:1900} INFO - Created Permission View: can create on DAG Run:example_dynamic_task_mapping_with_no_taskflow_operators
[2024-10-13T10:33:17.899+0000] {logging_mixin.py:190} INFO - [2024-10-13T10:33:17.899+0000] {override.py:1900} INFO - Created Permission View: can delete on DAG Run:example_dynamic_task_mapping_with_no_taskflow_operators
[2024-10-13T10:33:17.904+0000] {logging_mixin.py:190} INFO - [2024-10-13T10:33:17.904+0000] {override.py:1900} INFO - Created Permission View: menu access on DAG Run:example_dynamic_task_mapping_with_no_taskflow_operators
[2024-10-13T10:33:17.909+0000] {logging_mixin.py:190} INFO - [2024-10-13T10:33:17.909+0000] {override.py:1900} INFO - Created Permission View: can read on DAG Run:example_dynamic_task_mapping_with_no_taskflow_operators
[2024-10-13T10:33:17.909+0000] {logging_mixin.py:190} INFO - [2024-10-13T10:33:17.909+0000] {dag.py:3239} INFO - Sync 1 DAGs
[2024-10-13T10:33:17.915+0000] {logging_mixin.py:190} INFO - [2024-10-13T10:33:17.915+0000] {dag.py:3262} INFO - Creating ORM DAG for example_dynamic_task_mapping_with_no_taskflow_operators
[2024-10-13T10:33:17.916+0000] {logging_mixin.py:190} INFO - [2024-10-13T10:33:17.916+0000] {dag.py:4180} INFO - Setting next_dagrun for example_dynamic_task_mapping_with_no_taskflow_operators to None, run_after=None
[2024-10-13T10:33:17.921+0000] {processor.py:208} INFO - Processing /home/dblab/haeun/mlops/ml_airflow/ex1/venv/lib/python3.11/site-packages/airflow/example_dags/example_dynamic_task_mapping_with_no_taskflow_operators.py took 0.097 seconds
[2024-10-13T10:33:48.811+0000] {processor.py:186} INFO - Started process (PID=50819) to work on /home/dblab/haeun/mlops/ml_airflow/ex1/venv/lib/python3.11/site-packages/airflow/example_dags/example_dynamic_task_mapping_with_no_taskflow_operators.py
[2024-10-13T10:33:48.812+0000] {processor.py:914} INFO - Processing file /home/dblab/haeun/mlops/ml_airflow/ex1/venv/lib/python3.11/site-packages/airflow/example_dags/example_dynamic_task_mapping_with_no_taskflow_operators.py for tasks to queue
[2024-10-13T10:33:48.812+0000] {logging_mixin.py:190} INFO - [2024-10-13T10:33:48.812+0000] {dagbag.py:588} INFO - Filling up the DagBag from /home/dblab/haeun/mlops/ml_airflow/ex1/venv/lib/python3.11/site-packages/airflow/example_dags/example_dynamic_task_mapping_with_no_taskflow_operators.py
[2024-10-13T10:33:48.815+0000] {processor.py:925} INFO - DAG(s) 'example_dynamic_task_mapping_with_no_taskflow_operators' retrieved from /home/dblab/haeun/mlops/ml_airflow/ex1/venv/lib/python3.11/site-packages/airflow/example_dags/example_dynamic_task_mapping_with_no_taskflow_operators.py
[2024-10-13T10:33:48.824+0000] {logging_mixin.py:190} INFO - [2024-10-13T10:33:48.824+0000] {dag.py:3239} INFO - Sync 1 DAGs
[2024-10-13T10:33:48.829+0000] {logging_mixin.py:190} INFO - [2024-10-13T10:33:48.829+0000] {dag.py:4180} INFO - Setting next_dagrun for example_dynamic_task_mapping_with_no_taskflow_operators to None, run_after=None
[2024-10-13T10:33:48.836+0000] {processor.py:208} INFO - Processing /home/dblab/haeun/mlops/ml_airflow/ex1/venv/lib/python3.11/site-packages/airflow/example_dags/example_dynamic_task_mapping_with_no_taskflow_operators.py took 0.027 seconds
