[2024-10-13T10:33:19.918+0000] {processor.py:186} INFO - Started process (PID=50541) to work on /home/dblab/haeun/mlops/ml_airflow/ex1/venv/lib/python3.11/site-packages/airflow/example_dags/example_outlet_event_extra.py
[2024-10-13T10:33:19.918+0000] {processor.py:914} INFO - Processing file /home/dblab/haeun/mlops/ml_airflow/ex1/venv/lib/python3.11/site-packages/airflow/example_dags/example_outlet_event_extra.py for tasks to queue
[2024-10-13T10:33:19.919+0000] {logging_mixin.py:190} INFO - [2024-10-13T10:33:19.919+0000] {dagbag.py:588} INFO - Filling up the DagBag from /home/dblab/haeun/mlops/ml_airflow/ex1/venv/lib/python3.11/site-packages/airflow/example_dags/example_outlet_event_extra.py
[2024-10-13T10:33:19.924+0000] {processor.py:925} INFO - DAG(s) 'dataset_with_extra_from_classic_operator', 'dataset_with_extra_by_context', 'dataset_with_extra_by_yield' retrieved from /home/dblab/haeun/mlops/ml_airflow/ex1/venv/lib/python3.11/site-packages/airflow/example_dags/example_outlet_event_extra.py
[2024-10-13T10:33:19.969+0000] {logging_mixin.py:190} INFO - [2024-10-13T10:33:19.968+0000] {override.py:1900} INFO - Created Permission View: can delete on DAG:dataset_with_extra_from_classic_operator
[2024-10-13T10:33:19.974+0000] {logging_mixin.py:190} INFO - [2024-10-13T10:33:19.974+0000] {override.py:1900} INFO - Created Permission View: can edit on DAG:dataset_with_extra_from_classic_operator
[2024-10-13T10:33:19.978+0000] {logging_mixin.py:190} INFO - [2024-10-13T10:33:19.978+0000] {override.py:1900} INFO - Created Permission View: can read on DAG:dataset_with_extra_from_classic_operator
[2024-10-13T10:33:19.984+0000] {logging_mixin.py:190} INFO - [2024-10-13T10:33:19.984+0000] {override.py:1900} INFO - Created Permission View: can create on DAG Run:dataset_with_extra_from_classic_operator
[2024-10-13T10:33:19.988+0000] {logging_mixin.py:190} INFO - [2024-10-13T10:33:19.988+0000] {override.py:1900} INFO - Created Permission View: can delete on DAG Run:dataset_with_extra_from_classic_operator
[2024-10-13T10:33:19.992+0000] {logging_mixin.py:190} INFO - [2024-10-13T10:33:19.992+0000] {override.py:1900} INFO - Created Permission View: menu access on DAG Run:dataset_with_extra_from_classic_operator
[2024-10-13T10:33:19.995+0000] {logging_mixin.py:190} INFO - [2024-10-13T10:33:19.994+0000] {override.py:1900} INFO - Created Permission View: can read on DAG Run:dataset_with_extra_from_classic_operator
[2024-10-13T10:33:20.000+0000] {logging_mixin.py:190} INFO - [2024-10-13T10:33:20.000+0000] {override.py:1900} INFO - Created Permission View: can delete on DAG:dataset_with_extra_by_context
[2024-10-13T10:33:20.003+0000] {logging_mixin.py:190} INFO - [2024-10-13T10:33:20.003+0000] {override.py:1900} INFO - Created Permission View: can edit on DAG:dataset_with_extra_by_context
[2024-10-13T10:33:20.005+0000] {logging_mixin.py:190} INFO - [2024-10-13T10:33:20.005+0000] {override.py:1900} INFO - Created Permission View: can read on DAG:dataset_with_extra_by_context
[2024-10-13T10:33:20.010+0000] {logging_mixin.py:190} INFO - [2024-10-13T10:33:20.010+0000] {override.py:1900} INFO - Created Permission View: can create on DAG Run:dataset_with_extra_by_context
[2024-10-13T10:33:20.014+0000] {logging_mixin.py:190} INFO - [2024-10-13T10:33:20.014+0000] {override.py:1900} INFO - Created Permission View: can delete on DAG Run:dataset_with_extra_by_context
[2024-10-13T10:33:20.018+0000] {logging_mixin.py:190} INFO - [2024-10-13T10:33:20.018+0000] {override.py:1900} INFO - Created Permission View: menu access on DAG Run:dataset_with_extra_by_context
[2024-10-13T10:33:20.022+0000] {logging_mixin.py:190} INFO - [2024-10-13T10:33:20.022+0000] {override.py:1900} INFO - Created Permission View: can read on DAG Run:dataset_with_extra_by_context
[2024-10-13T10:33:20.032+0000] {logging_mixin.py:190} INFO - [2024-10-13T10:33:20.032+0000] {override.py:1900} INFO - Created Permission View: can delete on DAG:dataset_with_extra_by_yield
[2024-10-13T10:33:20.037+0000] {logging_mixin.py:190} INFO - [2024-10-13T10:33:20.037+0000] {override.py:1900} INFO - Created Permission View: can edit on DAG:dataset_with_extra_by_yield
[2024-10-13T10:33:20.042+0000] {logging_mixin.py:190} INFO - [2024-10-13T10:33:20.042+0000] {override.py:1900} INFO - Created Permission View: can read on DAG:dataset_with_extra_by_yield
[2024-10-13T10:33:20.051+0000] {logging_mixin.py:190} INFO - [2024-10-13T10:33:20.051+0000] {override.py:1900} INFO - Created Permission View: can create on DAG Run:dataset_with_extra_by_yield
[2024-10-13T10:33:20.055+0000] {logging_mixin.py:190} INFO - [2024-10-13T10:33:20.054+0000] {override.py:1900} INFO - Created Permission View: can delete on DAG Run:dataset_with_extra_by_yield
[2024-10-13T10:33:20.058+0000] {logging_mixin.py:190} INFO - [2024-10-13T10:33:20.058+0000] {override.py:1900} INFO - Created Permission View: menu access on DAG Run:dataset_with_extra_by_yield
[2024-10-13T10:33:20.061+0000] {logging_mixin.py:190} INFO - [2024-10-13T10:33:20.061+0000] {override.py:1900} INFO - Created Permission View: can read on DAG Run:dataset_with_extra_by_yield
[2024-10-13T10:33:20.061+0000] {logging_mixin.py:190} INFO - [2024-10-13T10:33:20.061+0000] {dag.py:3239} INFO - Sync 3 DAGs
[2024-10-13T10:33:20.066+0000] {logging_mixin.py:190} INFO - [2024-10-13T10:33:20.066+0000] {dag.py:3262} INFO - Creating ORM DAG for dataset_with_extra_from_classic_operator
[2024-10-13T10:33:20.066+0000] {logging_mixin.py:190} INFO - [2024-10-13T10:33:20.066+0000] {dag.py:3262} INFO - Creating ORM DAG for dataset_with_extra_by_context
[2024-10-13T10:33:20.067+0000] {logging_mixin.py:190} INFO - [2024-10-13T10:33:20.067+0000] {dag.py:3262} INFO - Creating ORM DAG for dataset_with_extra_by_yield
[2024-10-13T10:33:20.072+0000] {logging_mixin.py:190} INFO - [2024-10-13T10:33:20.071+0000] {dag.py:4180} INFO - Setting next_dagrun for dataset_with_extra_by_context to 2024-10-12 00:00:00+00:00, run_after=2024-10-13 00:00:00+00:00
[2024-10-13T10:33:20.072+0000] {logging_mixin.py:190} INFO - [2024-10-13T10:33:20.072+0000] {dag.py:4180} INFO - Setting next_dagrun for dataset_with_extra_by_yield to 2024-10-12 00:00:00+00:00, run_after=2024-10-13 00:00:00+00:00
[2024-10-13T10:33:20.073+0000] {logging_mixin.py:190} INFO - [2024-10-13T10:33:20.073+0000] {dag.py:4180} INFO - Setting next_dagrun for dataset_with_extra_from_classic_operator to 2024-10-12 00:00:00+00:00, run_after=2024-10-13 00:00:00+00:00
[2024-10-13T10:33:20.083+0000] {processor.py:208} INFO - Processing /home/dblab/haeun/mlops/ml_airflow/ex1/venv/lib/python3.11/site-packages/airflow/example_dags/example_outlet_event_extra.py took 0.168 seconds
[2024-10-13T10:33:50.618+0000] {processor.py:186} INFO - Started process (PID=51033) to work on /home/dblab/haeun/mlops/ml_airflow/ex1/venv/lib/python3.11/site-packages/airflow/example_dags/example_outlet_event_extra.py
[2024-10-13T10:33:50.618+0000] {processor.py:914} INFO - Processing file /home/dblab/haeun/mlops/ml_airflow/ex1/venv/lib/python3.11/site-packages/airflow/example_dags/example_outlet_event_extra.py for tasks to queue
[2024-10-13T10:33:50.619+0000] {logging_mixin.py:190} INFO - [2024-10-13T10:33:50.619+0000] {dagbag.py:588} INFO - Filling up the DagBag from /home/dblab/haeun/mlops/ml_airflow/ex1/venv/lib/python3.11/site-packages/airflow/example_dags/example_outlet_event_extra.py
[2024-10-13T10:33:50.624+0000] {processor.py:925} INFO - DAG(s) 'dataset_with_extra_by_yield', 'dataset_with_extra_from_classic_operator', 'dataset_with_extra_by_context' retrieved from /home/dblab/haeun/mlops/ml_airflow/ex1/venv/lib/python3.11/site-packages/airflow/example_dags/example_outlet_event_extra.py
[2024-10-13T10:33:50.636+0000] {logging_mixin.py:190} INFO - [2024-10-13T10:33:50.636+0000] {dag.py:3239} INFO - Sync 3 DAGs
[2024-10-13T10:33:50.645+0000] {logging_mixin.py:190} INFO - [2024-10-13T10:33:50.644+0000] {dag.py:4180} INFO - Setting next_dagrun for dataset_with_extra_by_context to 2024-10-12 00:00:00+00:00, run_after=2024-10-13 00:00:00+00:00
[2024-10-13T10:33:50.646+0000] {logging_mixin.py:190} INFO - [2024-10-13T10:33:50.646+0000] {dag.py:4180} INFO - Setting next_dagrun for dataset_with_extra_by_yield to 2024-10-12 00:00:00+00:00, run_after=2024-10-13 00:00:00+00:00
[2024-10-13T10:33:50.647+0000] {logging_mixin.py:190} INFO - [2024-10-13T10:33:50.647+0000] {dag.py:4180} INFO - Setting next_dagrun for dataset_with_extra_from_classic_operator to 2024-10-12 00:00:00+00:00, run_after=2024-10-13 00:00:00+00:00
[2024-10-13T10:33:50.655+0000] {processor.py:208} INFO - Processing /home/dblab/haeun/mlops/ml_airflow/ex1/venv/lib/python3.11/site-packages/airflow/example_dags/example_outlet_event_extra.py took 0.040 seconds
