[2024-10-13T10:33:17.836+0000] {processor.py:186} INFO - Started process (PID=50324) to work on /home/dblab/haeun/mlops/ml_airflow/ex1/venv/lib/python3.11/site-packages/airflow/example_dags/example_sensor_decorator.py
[2024-10-13T10:33:17.836+0000] {processor.py:914} INFO - Processing file /home/dblab/haeun/mlops/ml_airflow/ex1/venv/lib/python3.11/site-packages/airflow/example_dags/example_sensor_decorator.py for tasks to queue
[2024-10-13T10:33:17.837+0000] {logging_mixin.py:190} INFO - [2024-10-13T10:33:17.837+0000] {dagbag.py:588} INFO - Filling up the DagBag from /home/dblab/haeun/mlops/ml_airflow/ex1/venv/lib/python3.11/site-packages/airflow/example_dags/example_sensor_decorator.py
[2024-10-13T10:33:17.840+0000] {processor.py:925} INFO - DAG(s) 'example_sensor_decorator' retrieved from /home/dblab/haeun/mlops/ml_airflow/ex1/venv/lib/python3.11/site-packages/airflow/example_dags/example_sensor_decorator.py
[2024-10-13T10:33:17.882+0000] {logging_mixin.py:190} INFO - [2024-10-13T10:33:17.882+0000] {override.py:1900} INFO - Created Permission View: can delete on DAG:example_sensor_decorator
[2024-10-13T10:33:17.887+0000] {logging_mixin.py:190} INFO - [2024-10-13T10:33:17.887+0000] {override.py:1900} INFO - Created Permission View: can edit on DAG:example_sensor_decorator
[2024-10-13T10:33:17.892+0000] {logging_mixin.py:190} INFO - [2024-10-13T10:33:17.892+0000] {override.py:1900} INFO - Created Permission View: can read on DAG:example_sensor_decorator
[2024-10-13T10:33:17.902+0000] {logging_mixin.py:190} INFO - [2024-10-13T10:33:17.901+0000] {override.py:1900} INFO - Created Permission View: can create on DAG Run:example_sensor_decorator
[2024-10-13T10:33:17.906+0000] {logging_mixin.py:190} INFO - [2024-10-13T10:33:17.906+0000] {override.py:1900} INFO - Created Permission View: can delete on DAG Run:example_sensor_decorator
[2024-10-13T10:33:17.910+0000] {logging_mixin.py:190} INFO - [2024-10-13T10:33:17.910+0000] {override.py:1900} INFO - Created Permission View: menu access on DAG Run:example_sensor_decorator
[2024-10-13T10:33:17.914+0000] {logging_mixin.py:190} INFO - [2024-10-13T10:33:17.914+0000] {override.py:1900} INFO - Created Permission View: can read on DAG Run:example_sensor_decorator
[2024-10-13T10:33:17.914+0000] {logging_mixin.py:190} INFO - [2024-10-13T10:33:17.914+0000] {dag.py:3239} INFO - Sync 1 DAGs
[2024-10-13T10:33:17.919+0000] {logging_mixin.py:190} INFO - [2024-10-13T10:33:17.919+0000] {dag.py:3262} INFO - Creating ORM DAG for example_sensor_decorator
[2024-10-13T10:33:17.920+0000] {logging_mixin.py:190} INFO - [2024-10-13T10:33:17.920+0000] {dag.py:4180} INFO - Setting next_dagrun for example_sensor_decorator to None, run_after=None
[2024-10-13T10:33:17.927+0000] {processor.py:208} INFO - Processing /home/dblab/haeun/mlops/ml_airflow/ex1/venv/lib/python3.11/site-packages/airflow/example_dags/example_sensor_decorator.py took 0.093 seconds
[2024-10-13T10:33:48.847+0000] {processor.py:186} INFO - Started process (PID=50828) to work on /home/dblab/haeun/mlops/ml_airflow/ex1/venv/lib/python3.11/site-packages/airflow/example_dags/example_sensor_decorator.py
[2024-10-13T10:33:48.847+0000] {processor.py:914} INFO - Processing file /home/dblab/haeun/mlops/ml_airflow/ex1/venv/lib/python3.11/site-packages/airflow/example_dags/example_sensor_decorator.py for tasks to queue
[2024-10-13T10:33:48.848+0000] {logging_mixin.py:190} INFO - [2024-10-13T10:33:48.848+0000] {dagbag.py:588} INFO - Filling up the DagBag from /home/dblab/haeun/mlops/ml_airflow/ex1/venv/lib/python3.11/site-packages/airflow/example_dags/example_sensor_decorator.py
[2024-10-13T10:33:48.851+0000] {processor.py:925} INFO - DAG(s) 'example_sensor_decorator' retrieved from /home/dblab/haeun/mlops/ml_airflow/ex1/venv/lib/python3.11/site-packages/airflow/example_dags/example_sensor_decorator.py
[2024-10-13T10:33:48.860+0000] {logging_mixin.py:190} INFO - [2024-10-13T10:33:48.860+0000] {dag.py:3239} INFO - Sync 1 DAGs
[2024-10-13T10:33:48.865+0000] {logging_mixin.py:190} INFO - [2024-10-13T10:33:48.865+0000] {dag.py:4180} INFO - Setting next_dagrun for example_sensor_decorator to None, run_after=None
[2024-10-13T10:33:48.872+0000] {processor.py:208} INFO - Processing /home/dblab/haeun/mlops/ml_airflow/ex1/venv/lib/python3.11/site-packages/airflow/example_dags/example_sensor_decorator.py took 0.028 seconds
