[2024-10-13T10:33:19.732+0000] {processor.py:186} INFO - Started process (PID=50517) to work on /home/dblab/haeun/mlops/ml_airflow/ex1/venv/lib/python3.11/site-packages/airflow/example_dags/example_external_task_marker_dag.py
[2024-10-13T10:33:19.732+0000] {processor.py:914} INFO - Processing file /home/dblab/haeun/mlops/ml_airflow/ex1/venv/lib/python3.11/site-packages/airflow/example_dags/example_external_task_marker_dag.py for tasks to queue
[2024-10-13T10:33:19.733+0000] {logging_mixin.py:190} INFO - [2024-10-13T10:33:19.733+0000] {dagbag.py:588} INFO - Filling up the DagBag from /home/dblab/haeun/mlops/ml_airflow/ex1/venv/lib/python3.11/site-packages/airflow/example_dags/example_external_task_marker_dag.py
[2024-10-13T10:33:19.736+0000] {processor.py:925} INFO - DAG(s) 'example_external_task_marker_child', 'example_external_task_marker_parent' retrieved from /home/dblab/haeun/mlops/ml_airflow/ex1/venv/lib/python3.11/site-packages/airflow/example_dags/example_external_task_marker_dag.py
[2024-10-13T10:33:19.781+0000] {logging_mixin.py:190} INFO - [2024-10-13T10:33:19.781+0000] {override.py:1900} INFO - Created Permission View: can delete on DAG:example_external_task_marker_child
[2024-10-13T10:33:19.786+0000] {logging_mixin.py:190} INFO - [2024-10-13T10:33:19.786+0000] {override.py:1900} INFO - Created Permission View: can edit on DAG:example_external_task_marker_child
[2024-10-13T10:33:19.790+0000] {logging_mixin.py:190} INFO - [2024-10-13T10:33:19.790+0000] {override.py:1900} INFO - Created Permission View: can read on DAG:example_external_task_marker_child
[2024-10-13T10:33:19.796+0000] {logging_mixin.py:190} INFO - [2024-10-13T10:33:19.796+0000] {override.py:1900} INFO - Created Permission View: can create on DAG Run:example_external_task_marker_child
[2024-10-13T10:33:19.800+0000] {logging_mixin.py:190} INFO - [2024-10-13T10:33:19.800+0000] {override.py:1900} INFO - Created Permission View: can delete on DAG Run:example_external_task_marker_child
[2024-10-13T10:33:19.804+0000] {logging_mixin.py:190} INFO - [2024-10-13T10:33:19.804+0000] {override.py:1900} INFO - Created Permission View: menu access on DAG Run:example_external_task_marker_child
[2024-10-13T10:33:19.810+0000] {logging_mixin.py:190} INFO - [2024-10-13T10:33:19.810+0000] {override.py:1900} INFO - Created Permission View: can read on DAG Run:example_external_task_marker_child
[2024-10-13T10:33:19.815+0000] {logging_mixin.py:190} INFO - [2024-10-13T10:33:19.815+0000] {override.py:1900} INFO - Created Permission View: can delete on DAG:example_external_task_marker_parent
[2024-10-13T10:33:19.818+0000] {logging_mixin.py:190} INFO - [2024-10-13T10:33:19.818+0000] {override.py:1900} INFO - Created Permission View: can edit on DAG:example_external_task_marker_parent
[2024-10-13T10:33:19.821+0000] {logging_mixin.py:190} INFO - [2024-10-13T10:33:19.821+0000] {override.py:1900} INFO - Created Permission View: can read on DAG:example_external_task_marker_parent
[2024-10-13T10:33:19.825+0000] {logging_mixin.py:190} INFO - [2024-10-13T10:33:19.825+0000] {override.py:1900} INFO - Created Permission View: can create on DAG Run:example_external_task_marker_parent
[2024-10-13T10:33:19.827+0000] {logging_mixin.py:190} INFO - [2024-10-13T10:33:19.827+0000] {override.py:1900} INFO - Created Permission View: can delete on DAG Run:example_external_task_marker_parent
[2024-10-13T10:33:19.831+0000] {logging_mixin.py:190} INFO - [2024-10-13T10:33:19.831+0000] {override.py:1900} INFO - Created Permission View: menu access on DAG Run:example_external_task_marker_parent
[2024-10-13T10:33:19.835+0000] {logging_mixin.py:190} INFO - [2024-10-13T10:33:19.834+0000] {override.py:1900} INFO - Created Permission View: can read on DAG Run:example_external_task_marker_parent
[2024-10-13T10:33:19.835+0000] {logging_mixin.py:190} INFO - [2024-10-13T10:33:19.835+0000] {dag.py:3239} INFO - Sync 2 DAGs
[2024-10-13T10:33:19.839+0000] {logging_mixin.py:190} INFO - [2024-10-13T10:33:19.839+0000] {dag.py:3262} INFO - Creating ORM DAG for example_external_task_marker_parent
[2024-10-13T10:33:19.839+0000] {logging_mixin.py:190} INFO - [2024-10-13T10:33:19.839+0000] {dag.py:3262} INFO - Creating ORM DAG for example_external_task_marker_child
[2024-10-13T10:33:19.840+0000] {logging_mixin.py:190} INFO - [2024-10-13T10:33:19.840+0000] {dag.py:4180} INFO - Setting next_dagrun for example_external_task_marker_child to None, run_after=None
[2024-10-13T10:33:19.840+0000] {logging_mixin.py:190} INFO - [2024-10-13T10:33:19.840+0000] {dag.py:4180} INFO - Setting next_dagrun for example_external_task_marker_parent to None, run_after=None
[2024-10-13T10:33:19.847+0000] {processor.py:208} INFO - Processing /home/dblab/haeun/mlops/ml_airflow/ex1/venv/lib/python3.11/site-packages/airflow/example_dags/example_external_task_marker_dag.py took 0.118 seconds
[2024-10-13T10:33:50.518+0000] {processor.py:186} INFO - Started process (PID=51007) to work on /home/dblab/haeun/mlops/ml_airflow/ex1/venv/lib/python3.11/site-packages/airflow/example_dags/example_external_task_marker_dag.py
[2024-10-13T10:33:50.518+0000] {processor.py:914} INFO - Processing file /home/dblab/haeun/mlops/ml_airflow/ex1/venv/lib/python3.11/site-packages/airflow/example_dags/example_external_task_marker_dag.py for tasks to queue
[2024-10-13T10:33:50.519+0000] {logging_mixin.py:190} INFO - [2024-10-13T10:33:50.519+0000] {dagbag.py:588} INFO - Filling up the DagBag from /home/dblab/haeun/mlops/ml_airflow/ex1/venv/lib/python3.11/site-packages/airflow/example_dags/example_external_task_marker_dag.py
[2024-10-13T10:33:50.522+0000] {processor.py:925} INFO - DAG(s) 'example_external_task_marker_parent', 'example_external_task_marker_child' retrieved from /home/dblab/haeun/mlops/ml_airflow/ex1/venv/lib/python3.11/site-packages/airflow/example_dags/example_external_task_marker_dag.py
[2024-10-13T10:33:50.532+0000] {logging_mixin.py:190} INFO - [2024-10-13T10:33:50.532+0000] {dag.py:3239} INFO - Sync 2 DAGs
[2024-10-13T10:33:50.537+0000] {logging_mixin.py:190} INFO - [2024-10-13T10:33:50.537+0000] {dag.py:4180} INFO - Setting next_dagrun for example_external_task_marker_child to None, run_after=None
[2024-10-13T10:33:50.539+0000] {logging_mixin.py:190} INFO - [2024-10-13T10:33:50.539+0000] {dag.py:4180} INFO - Setting next_dagrun for example_external_task_marker_parent to None, run_after=None
[2024-10-13T10:33:50.545+0000] {processor.py:208} INFO - Processing /home/dblab/haeun/mlops/ml_airflow/ex1/venv/lib/python3.11/site-packages/airflow/example_dags/example_external_task_marker_dag.py took 0.029 seconds
