[2024-10-13T10:33:19.002+0000] {processor.py:186} INFO - Started process (PID=50459) to work on /home/dblab/haeun/mlops/ml_airflow/ex1/venv/lib/python3.11/site-packages/airflow/example_dags/example_latest_only_with_trigger.py
[2024-10-13T10:33:19.002+0000] {processor.py:914} INFO - Processing file /home/dblab/haeun/mlops/ml_airflow/ex1/venv/lib/python3.11/site-packages/airflow/example_dags/example_latest_only_with_trigger.py for tasks to queue
[2024-10-13T10:33:19.003+0000] {logging_mixin.py:190} INFO - [2024-10-13T10:33:19.003+0000] {dagbag.py:588} INFO - Filling up the DagBag from /home/dblab/haeun/mlops/ml_airflow/ex1/venv/lib/python3.11/site-packages/airflow/example_dags/example_latest_only_with_trigger.py
[2024-10-13T10:33:19.007+0000] {processor.py:925} INFO - DAG(s) 'latest_only_with_trigger' retrieved from /home/dblab/haeun/mlops/ml_airflow/ex1/venv/lib/python3.11/site-packages/airflow/example_dags/example_latest_only_with_trigger.py
[2024-10-13T10:33:19.054+0000] {logging_mixin.py:190} INFO - [2024-10-13T10:33:19.054+0000] {override.py:1900} INFO - Created Permission View: can delete on DAG:latest_only_with_trigger
[2024-10-13T10:33:19.059+0000] {logging_mixin.py:190} INFO - [2024-10-13T10:33:19.059+0000] {override.py:1900} INFO - Created Permission View: can edit on DAG:latest_only_with_trigger
[2024-10-13T10:33:19.062+0000] {logging_mixin.py:190} INFO - [2024-10-13T10:33:19.062+0000] {override.py:1900} INFO - Created Permission View: can read on DAG:latest_only_with_trigger
[2024-10-13T10:33:19.067+0000] {logging_mixin.py:190} INFO - [2024-10-13T10:33:19.067+0000] {override.py:1900} INFO - Created Permission View: can create on DAG Run:latest_only_with_trigger
[2024-10-13T10:33:19.070+0000] {logging_mixin.py:190} INFO - [2024-10-13T10:33:19.069+0000] {override.py:1900} INFO - Created Permission View: can delete on DAG Run:latest_only_with_trigger
[2024-10-13T10:33:19.072+0000] {logging_mixin.py:190} INFO - [2024-10-13T10:33:19.072+0000] {override.py:1900} INFO - Created Permission View: menu access on DAG Run:latest_only_with_trigger
[2024-10-13T10:33:19.079+0000] {logging_mixin.py:190} INFO - [2024-10-13T10:33:19.078+0000] {override.py:1900} INFO - Created Permission View: can read on DAG Run:latest_only_with_trigger
[2024-10-13T10:33:19.079+0000] {logging_mixin.py:190} INFO - [2024-10-13T10:33:19.079+0000] {dag.py:3239} INFO - Sync 1 DAGs
[2024-10-13T10:33:19.083+0000] {logging_mixin.py:190} INFO - [2024-10-13T10:33:19.083+0000] {dag.py:3262} INFO - Creating ORM DAG for latest_only_with_trigger
[2024-10-13T10:33:19.087+0000] {logging_mixin.py:190} INFO - [2024-10-13T10:33:19.086+0000] {dag.py:4180} INFO - Setting next_dagrun for latest_only_with_trigger to 2024-10-13 04:00:00+00:00, run_after=2024-10-13 08:00:00+00:00
[2024-10-13T10:33:19.095+0000] {processor.py:208} INFO - Processing /home/dblab/haeun/mlops/ml_airflow/ex1/venv/lib/python3.11/site-packages/airflow/example_dags/example_latest_only_with_trigger.py took 0.095 seconds
[2024-10-13T10:33:49.270+0000] {processor.py:186} INFO - Started process (PID=50946) to work on /home/dblab/haeun/mlops/ml_airflow/ex1/venv/lib/python3.11/site-packages/airflow/example_dags/example_latest_only_with_trigger.py
[2024-10-13T10:33:49.270+0000] {processor.py:914} INFO - Processing file /home/dblab/haeun/mlops/ml_airflow/ex1/venv/lib/python3.11/site-packages/airflow/example_dags/example_latest_only_with_trigger.py for tasks to queue
[2024-10-13T10:33:49.271+0000] {logging_mixin.py:190} INFO - [2024-10-13T10:33:49.271+0000] {dagbag.py:588} INFO - Filling up the DagBag from /home/dblab/haeun/mlops/ml_airflow/ex1/venv/lib/python3.11/site-packages/airflow/example_dags/example_latest_only_with_trigger.py
[2024-10-13T10:33:49.274+0000] {processor.py:925} INFO - DAG(s) 'latest_only_with_trigger' retrieved from /home/dblab/haeun/mlops/ml_airflow/ex1/venv/lib/python3.11/site-packages/airflow/example_dags/example_latest_only_with_trigger.py
[2024-10-13T10:33:49.283+0000] {logging_mixin.py:190} INFO - [2024-10-13T10:33:49.283+0000] {dag.py:3239} INFO - Sync 1 DAGs
[2024-10-13T10:33:49.291+0000] {logging_mixin.py:190} INFO - [2024-10-13T10:33:49.291+0000] {dag.py:4180} INFO - Setting next_dagrun for latest_only_with_trigger to 2024-10-13 04:00:00+00:00, run_after=2024-10-13 08:00:00+00:00
[2024-10-13T10:33:49.298+0000] {processor.py:208} INFO - Processing /home/dblab/haeun/mlops/ml_airflow/ex1/venv/lib/python3.11/site-packages/airflow/example_dags/example_latest_only_with_trigger.py took 0.030 seconds
