[2024-10-13T10:33:19.821+0000] {processor.py:186} INFO - Started process (PID=50523) to work on /home/dblab/haeun/mlops/ml_airflow/ex1/venv/lib/python3.11/site-packages/airflow/example_dags/example_nested_branch_dag.py
[2024-10-13T10:33:19.821+0000] {processor.py:914} INFO - Processing file /home/dblab/haeun/mlops/ml_airflow/ex1/venv/lib/python3.11/site-packages/airflow/example_dags/example_nested_branch_dag.py for tasks to queue
[2024-10-13T10:33:19.822+0000] {logging_mixin.py:190} INFO - [2024-10-13T10:33:19.822+0000] {dagbag.py:588} INFO - Filling up the DagBag from /home/dblab/haeun/mlops/ml_airflow/ex1/venv/lib/python3.11/site-packages/airflow/example_dags/example_nested_branch_dag.py
[2024-10-13T10:33:19.826+0000] {processor.py:925} INFO - DAG(s) 'example_nested_branch_dag' retrieved from /home/dblab/haeun/mlops/ml_airflow/ex1/venv/lib/python3.11/site-packages/airflow/example_dags/example_nested_branch_dag.py
[2024-10-13T10:33:19.870+0000] {logging_mixin.py:190} INFO - [2024-10-13T10:33:19.870+0000] {override.py:1900} INFO - Created Permission View: can delete on DAG:example_nested_branch_dag
[2024-10-13T10:33:19.874+0000] {logging_mixin.py:190} INFO - [2024-10-13T10:33:19.874+0000] {override.py:1900} INFO - Created Permission View: can edit on DAG:example_nested_branch_dag
[2024-10-13T10:33:19.877+0000] {logging_mixin.py:190} INFO - [2024-10-13T10:33:19.877+0000] {override.py:1900} INFO - Created Permission View: can read on DAG:example_nested_branch_dag
[2024-10-13T10:33:19.881+0000] {logging_mixin.py:190} INFO - [2024-10-13T10:33:19.880+0000] {override.py:1900} INFO - Created Permission View: can create on DAG Run:example_nested_branch_dag
[2024-10-13T10:33:19.883+0000] {logging_mixin.py:190} INFO - [2024-10-13T10:33:19.883+0000] {override.py:1900} INFO - Created Permission View: can delete on DAG Run:example_nested_branch_dag
[2024-10-13T10:33:19.886+0000] {logging_mixin.py:190} INFO - [2024-10-13T10:33:19.886+0000] {override.py:1900} INFO - Created Permission View: menu access on DAG Run:example_nested_branch_dag
[2024-10-13T10:33:19.890+0000] {logging_mixin.py:190} INFO - [2024-10-13T10:33:19.890+0000] {override.py:1900} INFO - Created Permission View: can read on DAG Run:example_nested_branch_dag
[2024-10-13T10:33:19.890+0000] {logging_mixin.py:190} INFO - [2024-10-13T10:33:19.890+0000] {dag.py:3239} INFO - Sync 1 DAGs
[2024-10-13T10:33:19.894+0000] {logging_mixin.py:190} INFO - [2024-10-13T10:33:19.894+0000] {dag.py:3262} INFO - Creating ORM DAG for example_nested_branch_dag
[2024-10-13T10:33:19.898+0000] {logging_mixin.py:190} INFO - [2024-10-13T10:33:19.898+0000] {dag.py:4180} INFO - Setting next_dagrun for example_nested_branch_dag to 2024-10-12 00:00:00+00:00, run_after=2024-10-13 00:00:00+00:00
[2024-10-13T10:33:19.906+0000] {processor.py:208} INFO - Processing /home/dblab/haeun/mlops/ml_airflow/ex1/venv/lib/python3.11/site-packages/airflow/example_dags/example_nested_branch_dag.py took 0.087 seconds
[2024-10-13T10:33:50.533+0000] {processor.py:186} INFO - Started process (PID=51013) to work on /home/dblab/haeun/mlops/ml_airflow/ex1/venv/lib/python3.11/site-packages/airflow/example_dags/example_nested_branch_dag.py
[2024-10-13T10:33:50.533+0000] {processor.py:914} INFO - Processing file /home/dblab/haeun/mlops/ml_airflow/ex1/venv/lib/python3.11/site-packages/airflow/example_dags/example_nested_branch_dag.py for tasks to queue
[2024-10-13T10:33:50.534+0000] {logging_mixin.py:190} INFO - [2024-10-13T10:33:50.534+0000] {dagbag.py:588} INFO - Filling up the DagBag from /home/dblab/haeun/mlops/ml_airflow/ex1/venv/lib/python3.11/site-packages/airflow/example_dags/example_nested_branch_dag.py
[2024-10-13T10:33:50.538+0000] {processor.py:925} INFO - DAG(s) 'example_nested_branch_dag' retrieved from /home/dblab/haeun/mlops/ml_airflow/ex1/venv/lib/python3.11/site-packages/airflow/example_dags/example_nested_branch_dag.py
[2024-10-13T10:33:50.548+0000] {logging_mixin.py:190} INFO - [2024-10-13T10:33:50.548+0000] {dag.py:3239} INFO - Sync 1 DAGs
[2024-10-13T10:33:50.557+0000] {logging_mixin.py:190} INFO - [2024-10-13T10:33:50.557+0000] {dag.py:4180} INFO - Setting next_dagrun for example_nested_branch_dag to 2024-10-12 00:00:00+00:00, run_after=2024-10-13 00:00:00+00:00
[2024-10-13T10:33:50.564+0000] {processor.py:208} INFO - Processing /home/dblab/haeun/mlops/ml_airflow/ex1/venv/lib/python3.11/site-packages/airflow/example_dags/example_nested_branch_dag.py took 0.033 seconds
