[2024-10-13T10:33:20.096+0000] {processor.py:186} INFO - Started process (PID=50553) to work on /home/dblab/haeun/mlops/ml_airflow/ex1/venv/lib/python3.11/site-packages/airflow/example_dags/example_python_decorator.py
[2024-10-13T10:33:20.097+0000] {processor.py:914} INFO - Processing file /home/dblab/haeun/mlops/ml_airflow/ex1/venv/lib/python3.11/site-packages/airflow/example_dags/example_python_decorator.py for tasks to queue
[2024-10-13T10:33:20.097+0000] {logging_mixin.py:190} INFO - [2024-10-13T10:33:20.097+0000] {dagbag.py:588} INFO - Filling up the DagBag from /home/dblab/haeun/mlops/ml_airflow/ex1/venv/lib/python3.11/site-packages/airflow/example_dags/example_python_decorator.py
[2024-10-13T10:33:20.102+0000] {logging_mixin.py:190} INFO - [2024-10-13T10:33:20.102+0000] {example_python_decorator.py:80} WARNING - The virtalenv_python example task requires virtualenv, please install it.
[2024-10-13T10:33:20.103+0000] {processor.py:925} INFO - DAG(s) 'example_python_decorator' retrieved from /home/dblab/haeun/mlops/ml_airflow/ex1/venv/lib/python3.11/site-packages/airflow/example_dags/example_python_decorator.py
[2024-10-13T10:33:20.148+0000] {logging_mixin.py:190} INFO - [2024-10-13T10:33:20.148+0000] {override.py:1900} INFO - Created Permission View: can delete on DAG:example_python_decorator
[2024-10-13T10:33:20.153+0000] {logging_mixin.py:190} INFO - [2024-10-13T10:33:20.153+0000] {override.py:1900} INFO - Created Permission View: can edit on DAG:example_python_decorator
[2024-10-13T10:33:20.157+0000] {logging_mixin.py:190} INFO - [2024-10-13T10:33:20.157+0000] {override.py:1900} INFO - Created Permission View: can read on DAG:example_python_decorator
[2024-10-13T10:33:20.161+0000] {logging_mixin.py:190} INFO - [2024-10-13T10:33:20.161+0000] {override.py:1900} INFO - Created Permission View: can create on DAG Run:example_python_decorator
[2024-10-13T10:33:20.163+0000] {logging_mixin.py:190} INFO - [2024-10-13T10:33:20.163+0000] {override.py:1900} INFO - Created Permission View: can delete on DAG Run:example_python_decorator
[2024-10-13T10:33:20.166+0000] {logging_mixin.py:190} INFO - [2024-10-13T10:33:20.166+0000] {override.py:1900} INFO - Created Permission View: menu access on DAG Run:example_python_decorator
[2024-10-13T10:33:20.168+0000] {logging_mixin.py:190} INFO - [2024-10-13T10:33:20.168+0000] {override.py:1900} INFO - Created Permission View: can read on DAG Run:example_python_decorator
[2024-10-13T10:33:20.169+0000] {logging_mixin.py:190} INFO - [2024-10-13T10:33:20.168+0000] {dag.py:3239} INFO - Sync 1 DAGs
[2024-10-13T10:33:20.173+0000] {logging_mixin.py:190} INFO - [2024-10-13T10:33:20.173+0000] {dag.py:3262} INFO - Creating ORM DAG for example_python_decorator
[2024-10-13T10:33:20.173+0000] {logging_mixin.py:190} INFO - [2024-10-13T10:33:20.173+0000] {dag.py:4180} INFO - Setting next_dagrun for example_python_decorator to None, run_after=None
[2024-10-13T10:33:20.180+0000] {processor.py:208} INFO - Processing /home/dblab/haeun/mlops/ml_airflow/ex1/venv/lib/python3.11/site-packages/airflow/example_dags/example_python_decorator.py took 0.087 seconds
[2024-10-13T10:33:50.665+0000] {processor.py:186} INFO - Started process (PID=51045) to work on /home/dblab/haeun/mlops/ml_airflow/ex1/venv/lib/python3.11/site-packages/airflow/example_dags/example_python_decorator.py
[2024-10-13T10:33:50.665+0000] {processor.py:914} INFO - Processing file /home/dblab/haeun/mlops/ml_airflow/ex1/venv/lib/python3.11/site-packages/airflow/example_dags/example_python_decorator.py for tasks to queue
[2024-10-13T10:33:50.666+0000] {logging_mixin.py:190} INFO - [2024-10-13T10:33:50.666+0000] {dagbag.py:588} INFO - Filling up the DagBag from /home/dblab/haeun/mlops/ml_airflow/ex1/venv/lib/python3.11/site-packages/airflow/example_dags/example_python_decorator.py
[2024-10-13T10:33:50.669+0000] {logging_mixin.py:190} INFO - [2024-10-13T10:33:50.669+0000] {example_python_decorator.py:80} WARNING - The virtalenv_python example task requires virtualenv, please install it.
[2024-10-13T10:33:50.670+0000] {processor.py:925} INFO - DAG(s) 'example_python_decorator' retrieved from /home/dblab/haeun/mlops/ml_airflow/ex1/venv/lib/python3.11/site-packages/airflow/example_dags/example_python_decorator.py
[2024-10-13T10:33:50.680+0000] {logging_mixin.py:190} INFO - [2024-10-13T10:33:50.680+0000] {dag.py:3239} INFO - Sync 1 DAGs
[2024-10-13T10:33:50.685+0000] {logging_mixin.py:190} INFO - [2024-10-13T10:33:50.685+0000] {dag.py:4180} INFO - Setting next_dagrun for example_python_decorator to None, run_after=None
[2024-10-13T10:33:50.691+0000] {processor.py:208} INFO - Processing /home/dblab/haeun/mlops/ml_airflow/ex1/venv/lib/python3.11/site-packages/airflow/example_dags/example_python_decorator.py took 0.029 seconds
