[2024-10-13T10:33:19.980+0000] {processor.py:186} INFO - Started process (PID=50547) to work on /home/dblab/haeun/mlops/ml_airflow/ex1/venv/lib/python3.11/site-packages/airflow/example_dags/example_branch_datetime_operator.py
[2024-10-13T10:33:19.980+0000] {processor.py:914} INFO - Processing file /home/dblab/haeun/mlops/ml_airflow/ex1/venv/lib/python3.11/site-packages/airflow/example_dags/example_branch_datetime_operator.py for tasks to queue
[2024-10-13T10:33:19.981+0000] {logging_mixin.py:190} INFO - [2024-10-13T10:33:19.981+0000] {dagbag.py:588} INFO - Filling up the DagBag from /home/dblab/haeun/mlops/ml_airflow/ex1/venv/lib/python3.11/site-packages/airflow/example_dags/example_branch_datetime_operator.py
[2024-10-13T10:33:19.986+0000] {processor.py:925} INFO - DAG(s) 'example_branch_datetime_operator_2', 'example_branch_datetime_operator_3', 'example_branch_datetime_operator' retrieved from /home/dblab/haeun/mlops/ml_airflow/ex1/venv/lib/python3.11/site-packages/airflow/example_dags/example_branch_datetime_operator.py
[2024-10-13T10:33:20.030+0000] {logging_mixin.py:190} INFO - [2024-10-13T10:33:20.029+0000] {override.py:1900} INFO - Created Permission View: can delete on DAG:example_branch_datetime_operator_2
[2024-10-13T10:33:20.034+0000] {logging_mixin.py:190} INFO - [2024-10-13T10:33:20.034+0000] {override.py:1900} INFO - Created Permission View: can edit on DAG:example_branch_datetime_operator_2
[2024-10-13T10:33:20.039+0000] {logging_mixin.py:190} INFO - [2024-10-13T10:33:20.039+0000] {override.py:1900} INFO - Created Permission View: can read on DAG:example_branch_datetime_operator_2
[2024-10-13T10:33:20.049+0000] {logging_mixin.py:190} INFO - [2024-10-13T10:33:20.049+0000] {override.py:1900} INFO - Created Permission View: can create on DAG Run:example_branch_datetime_operator_2
[2024-10-13T10:33:20.052+0000] {logging_mixin.py:190} INFO - [2024-10-13T10:33:20.052+0000] {override.py:1900} INFO - Created Permission View: can delete on DAG Run:example_branch_datetime_operator_2
[2024-10-13T10:33:20.056+0000] {logging_mixin.py:190} INFO - [2024-10-13T10:33:20.055+0000] {override.py:1900} INFO - Created Permission View: menu access on DAG Run:example_branch_datetime_operator_2
[2024-10-13T10:33:20.059+0000] {logging_mixin.py:190} INFO - [2024-10-13T10:33:20.059+0000] {override.py:1900} INFO - Created Permission View: can read on DAG Run:example_branch_datetime_operator_2
[2024-10-13T10:33:20.065+0000] {logging_mixin.py:190} INFO - [2024-10-13T10:33:20.065+0000] {override.py:1900} INFO - Created Permission View: can delete on DAG:example_branch_datetime_operator_3
[2024-10-13T10:33:20.069+0000] {logging_mixin.py:190} INFO - [2024-10-13T10:33:20.069+0000] {override.py:1900} INFO - Created Permission View: can edit on DAG:example_branch_datetime_operator_3
[2024-10-13T10:33:20.073+0000] {logging_mixin.py:190} INFO - [2024-10-13T10:33:20.073+0000] {override.py:1900} INFO - Created Permission View: can read on DAG:example_branch_datetime_operator_3
[2024-10-13T10:33:20.079+0000] {logging_mixin.py:190} INFO - [2024-10-13T10:33:20.079+0000] {override.py:1900} INFO - Created Permission View: can create on DAG Run:example_branch_datetime_operator_3
[2024-10-13T10:33:20.084+0000] {logging_mixin.py:190} INFO - [2024-10-13T10:33:20.084+0000] {override.py:1900} INFO - Created Permission View: can delete on DAG Run:example_branch_datetime_operator_3
[2024-10-13T10:33:20.088+0000] {logging_mixin.py:190} INFO - [2024-10-13T10:33:20.088+0000] {override.py:1900} INFO - Created Permission View: menu access on DAG Run:example_branch_datetime_operator_3
[2024-10-13T10:33:20.092+0000] {logging_mixin.py:190} INFO - [2024-10-13T10:33:20.092+0000] {override.py:1900} INFO - Created Permission View: can read on DAG Run:example_branch_datetime_operator_3
[2024-10-13T10:33:20.101+0000] {logging_mixin.py:190} INFO - [2024-10-13T10:33:20.101+0000] {override.py:1900} INFO - Created Permission View: can delete on DAG:example_branch_datetime_operator
[2024-10-13T10:33:20.105+0000] {logging_mixin.py:190} INFO - [2024-10-13T10:33:20.105+0000] {override.py:1900} INFO - Created Permission View: can edit on DAG:example_branch_datetime_operator
[2024-10-13T10:33:20.108+0000] {logging_mixin.py:190} INFO - [2024-10-13T10:33:20.108+0000] {override.py:1900} INFO - Created Permission View: can read on DAG:example_branch_datetime_operator
[2024-10-13T10:33:20.112+0000] {logging_mixin.py:190} INFO - [2024-10-13T10:33:20.112+0000] {override.py:1900} INFO - Created Permission View: can create on DAG Run:example_branch_datetime_operator
[2024-10-13T10:33:20.114+0000] {logging_mixin.py:190} INFO - [2024-10-13T10:33:20.114+0000] {override.py:1900} INFO - Created Permission View: can delete on DAG Run:example_branch_datetime_operator
[2024-10-13T10:33:20.117+0000] {logging_mixin.py:190} INFO - [2024-10-13T10:33:20.117+0000] {override.py:1900} INFO - Created Permission View: menu access on DAG Run:example_branch_datetime_operator
[2024-10-13T10:33:20.119+0000] {logging_mixin.py:190} INFO - [2024-10-13T10:33:20.119+0000] {override.py:1900} INFO - Created Permission View: can read on DAG Run:example_branch_datetime_operator
[2024-10-13T10:33:20.119+0000] {logging_mixin.py:190} INFO - [2024-10-13T10:33:20.119+0000] {dag.py:3239} INFO - Sync 3 DAGs
[2024-10-13T10:33:20.124+0000] {logging_mixin.py:190} INFO - [2024-10-13T10:33:20.124+0000] {dag.py:3262} INFO - Creating ORM DAG for example_branch_datetime_operator_3
[2024-10-13T10:33:20.124+0000] {logging_mixin.py:190} INFO - [2024-10-13T10:33:20.124+0000] {dag.py:3262} INFO - Creating ORM DAG for example_branch_datetime_operator
[2024-10-13T10:33:20.124+0000] {logging_mixin.py:190} INFO - [2024-10-13T10:33:20.124+0000] {dag.py:3262} INFO - Creating ORM DAG for example_branch_datetime_operator_2
[2024-10-13T10:33:20.129+0000] {logging_mixin.py:190} INFO - [2024-10-13T10:33:20.129+0000] {dag.py:4180} INFO - Setting next_dagrun for example_branch_datetime_operator to 2024-10-12 00:00:00+00:00, run_after=2024-10-13 00:00:00+00:00
[2024-10-13T10:33:20.129+0000] {logging_mixin.py:190} INFO - [2024-10-13T10:33:20.129+0000] {dag.py:4180} INFO - Setting next_dagrun for example_branch_datetime_operator_2 to 2024-10-12 00:00:00+00:00, run_after=2024-10-13 00:00:00+00:00
[2024-10-13T10:33:20.130+0000] {logging_mixin.py:190} INFO - [2024-10-13T10:33:20.130+0000] {dag.py:4180} INFO - Setting next_dagrun for example_branch_datetime_operator_3 to 2024-10-12 00:00:00+00:00, run_after=2024-10-13 00:00:00+00:00
[2024-10-13T10:33:20.138+0000] {processor.py:208} INFO - Processing /home/dblab/haeun/mlops/ml_airflow/ex1/venv/lib/python3.11/site-packages/airflow/example_dags/example_branch_datetime_operator.py took 0.160 seconds
[2024-10-13T10:33:50.620+0000] {processor.py:186} INFO - Started process (PID=51036) to work on /home/dblab/haeun/mlops/ml_airflow/ex1/venv/lib/python3.11/site-packages/airflow/example_dags/example_branch_datetime_operator.py
[2024-10-13T10:33:50.621+0000] {processor.py:914} INFO - Processing file /home/dblab/haeun/mlops/ml_airflow/ex1/venv/lib/python3.11/site-packages/airflow/example_dags/example_branch_datetime_operator.py for tasks to queue
[2024-10-13T10:33:50.621+0000] {logging_mixin.py:190} INFO - [2024-10-13T10:33:50.621+0000] {dagbag.py:588} INFO - Filling up the DagBag from /home/dblab/haeun/mlops/ml_airflow/ex1/venv/lib/python3.11/site-packages/airflow/example_dags/example_branch_datetime_operator.py
[2024-10-13T10:33:50.626+0000] {processor.py:925} INFO - DAG(s) 'example_branch_datetime_operator_2', 'example_branch_datetime_operator', 'example_branch_datetime_operator_3' retrieved from /home/dblab/haeun/mlops/ml_airflow/ex1/venv/lib/python3.11/site-packages/airflow/example_dags/example_branch_datetime_operator.py
[2024-10-13T10:33:50.637+0000] {logging_mixin.py:190} INFO - [2024-10-13T10:33:50.637+0000] {dag.py:3239} INFO - Sync 3 DAGs
[2024-10-13T10:33:50.645+0000] {logging_mixin.py:190} INFO - [2024-10-13T10:33:50.645+0000] {dag.py:4180} INFO - Setting next_dagrun for example_branch_datetime_operator to 2024-10-12 00:00:00+00:00, run_after=2024-10-13 00:00:00+00:00
[2024-10-13T10:33:50.647+0000] {logging_mixin.py:190} INFO - [2024-10-13T10:33:50.647+0000] {dag.py:4180} INFO - Setting next_dagrun for example_branch_datetime_operator_2 to 2024-10-12 00:00:00+00:00, run_after=2024-10-13 00:00:00+00:00
[2024-10-13T10:33:50.648+0000] {logging_mixin.py:190} INFO - [2024-10-13T10:33:50.648+0000] {dag.py:4180} INFO - Setting next_dagrun for example_branch_datetime_operator_3 to 2024-10-12 00:00:00+00:00, run_after=2024-10-13 00:00:00+00:00
[2024-10-13T10:33:50.654+0000] {processor.py:208} INFO - Processing /home/dblab/haeun/mlops/ml_airflow/ex1/venv/lib/python3.11/site-packages/airflow/example_dags/example_branch_datetime_operator.py took 0.036 seconds
