[2024-10-13T10:33:19.004+0000] {processor.py:186} INFO - Started process (PID=50462) to work on /home/dblab/haeun/mlops/ml_airflow/ex1/venv/lib/python3.11/site-packages/airflow/example_dags/example_setup_teardown.py
[2024-10-13T10:33:19.004+0000] {processor.py:914} INFO - Processing file /home/dblab/haeun/mlops/ml_airflow/ex1/venv/lib/python3.11/site-packages/airflow/example_dags/example_setup_teardown.py for tasks to queue
[2024-10-13T10:33:19.006+0000] {logging_mixin.py:190} INFO - [2024-10-13T10:33:19.005+0000] {dagbag.py:588} INFO - Filling up the DagBag from /home/dblab/haeun/mlops/ml_airflow/ex1/venv/lib/python3.11/site-packages/airflow/example_dags/example_setup_teardown.py
[2024-10-13T10:33:19.009+0000] {processor.py:925} INFO - DAG(s) 'example_setup_teardown' retrieved from /home/dblab/haeun/mlops/ml_airflow/ex1/venv/lib/python3.11/site-packages/airflow/example_dags/example_setup_teardown.py
[2024-10-13T10:33:19.057+0000] {logging_mixin.py:190} INFO - [2024-10-13T10:33:19.057+0000] {override.py:1900} INFO - Created Permission View: can delete on DAG:example_setup_teardown
[2024-10-13T10:33:19.061+0000] {logging_mixin.py:190} INFO - [2024-10-13T10:33:19.061+0000] {override.py:1900} INFO - Created Permission View: can edit on DAG:example_setup_teardown
[2024-10-13T10:33:19.064+0000] {logging_mixin.py:190} INFO - [2024-10-13T10:33:19.064+0000] {override.py:1900} INFO - Created Permission View: can read on DAG:example_setup_teardown
[2024-10-13T10:33:19.069+0000] {logging_mixin.py:190} INFO - [2024-10-13T10:33:19.069+0000] {override.py:1900} INFO - Created Permission View: can create on DAG Run:example_setup_teardown
[2024-10-13T10:33:19.071+0000] {logging_mixin.py:190} INFO - [2024-10-13T10:33:19.071+0000] {override.py:1900} INFO - Created Permission View: can delete on DAG Run:example_setup_teardown
[2024-10-13T10:33:19.076+0000] {logging_mixin.py:190} INFO - [2024-10-13T10:33:19.076+0000] {override.py:1900} INFO - Created Permission View: menu access on DAG Run:example_setup_teardown
[2024-10-13T10:33:19.081+0000] {logging_mixin.py:190} INFO - [2024-10-13T10:33:19.081+0000] {override.py:1900} INFO - Created Permission View: can read on DAG Run:example_setup_teardown
[2024-10-13T10:33:19.081+0000] {logging_mixin.py:190} INFO - [2024-10-13T10:33:19.081+0000] {dag.py:3239} INFO - Sync 1 DAGs
[2024-10-13T10:33:19.086+0000] {logging_mixin.py:190} INFO - [2024-10-13T10:33:19.085+0000] {dag.py:3262} INFO - Creating ORM DAG for example_setup_teardown
[2024-10-13T10:33:19.086+0000] {logging_mixin.py:190} INFO - [2024-10-13T10:33:19.086+0000] {dag.py:4180} INFO - Setting next_dagrun for example_setup_teardown to None, run_after=None
[2024-10-13T10:33:19.092+0000] {processor.py:208} INFO - Processing /home/dblab/haeun/mlops/ml_airflow/ex1/venv/lib/python3.11/site-packages/airflow/example_dags/example_setup_teardown.py took 0.091 seconds
[2024-10-13T10:33:49.299+0000] {processor.py:186} INFO - Started process (PID=50952) to work on /home/dblab/haeun/mlops/ml_airflow/ex1/venv/lib/python3.11/site-packages/airflow/example_dags/example_setup_teardown.py
[2024-10-13T10:33:49.300+0000] {processor.py:914} INFO - Processing file /home/dblab/haeun/mlops/ml_airflow/ex1/venv/lib/python3.11/site-packages/airflow/example_dags/example_setup_teardown.py for tasks to queue
[2024-10-13T10:33:49.300+0000] {logging_mixin.py:190} INFO - [2024-10-13T10:33:49.300+0000] {dagbag.py:588} INFO - Filling up the DagBag from /home/dblab/haeun/mlops/ml_airflow/ex1/venv/lib/python3.11/site-packages/airflow/example_dags/example_setup_teardown.py
[2024-10-13T10:33:49.303+0000] {processor.py:925} INFO - DAG(s) 'example_setup_teardown' retrieved from /home/dblab/haeun/mlops/ml_airflow/ex1/venv/lib/python3.11/site-packages/airflow/example_dags/example_setup_teardown.py
[2024-10-13T10:33:49.313+0000] {logging_mixin.py:190} INFO - [2024-10-13T10:33:49.313+0000] {dag.py:3239} INFO - Sync 1 DAGs
[2024-10-13T10:33:49.318+0000] {logging_mixin.py:190} INFO - [2024-10-13T10:33:49.318+0000] {dag.py:4180} INFO - Setting next_dagrun for example_setup_teardown to None, run_after=None
[2024-10-13T10:33:49.324+0000] {processor.py:208} INFO - Processing /home/dblab/haeun/mlops/ml_airflow/ex1/venv/lib/python3.11/site-packages/airflow/example_dags/example_setup_teardown.py took 0.027 seconds
