[2024-10-13T10:33:18.040+0000] {processor.py:186} INFO - Started process (PID=50361) to work on /home/dblab/haeun/mlops/ml_airflow/ex1/venv/lib/python3.11/site-packages/airflow/example_dags/example_sensors.py
[2024-10-13T10:33:18.040+0000] {processor.py:914} INFO - Processing file /home/dblab/haeun/mlops/ml_airflow/ex1/venv/lib/python3.11/site-packages/airflow/example_dags/example_sensors.py for tasks to queue
[2024-10-13T10:33:18.041+0000] {logging_mixin.py:190} INFO - [2024-10-13T10:33:18.041+0000] {dagbag.py:588} INFO - Filling up the DagBag from /home/dblab/haeun/mlops/ml_airflow/ex1/venv/lib/python3.11/site-packages/airflow/example_dags/example_sensors.py
[2024-10-13T10:33:18.045+0000] {processor.py:925} INFO - DAG(s) 'example_sensors' retrieved from /home/dblab/haeun/mlops/ml_airflow/ex1/venv/lib/python3.11/site-packages/airflow/example_dags/example_sensors.py
[2024-10-13T10:33:18.088+0000] {logging_mixin.py:190} INFO - [2024-10-13T10:33:18.087+0000] {override.py:1900} INFO - Created Permission View: can delete on DAG:example_sensors
[2024-10-13T10:33:18.092+0000] {logging_mixin.py:190} INFO - [2024-10-13T10:33:18.091+0000] {override.py:1900} INFO - Created Permission View: can edit on DAG:example_sensors
[2024-10-13T10:33:18.094+0000] {logging_mixin.py:190} INFO - [2024-10-13T10:33:18.094+0000] {override.py:1900} INFO - Created Permission View: can read on DAG:example_sensors
[2024-10-13T10:33:18.098+0000] {logging_mixin.py:190} INFO - [2024-10-13T10:33:18.098+0000] {override.py:1900} INFO - Created Permission View: can create on DAG Run:example_sensors
[2024-10-13T10:33:18.102+0000] {logging_mixin.py:190} INFO - [2024-10-13T10:33:18.102+0000] {override.py:1900} INFO - Created Permission View: can delete on DAG Run:example_sensors
[2024-10-13T10:33:18.107+0000] {logging_mixin.py:190} INFO - [2024-10-13T10:33:18.107+0000] {override.py:1900} INFO - Created Permission View: menu access on DAG Run:example_sensors
[2024-10-13T10:33:18.112+0000] {logging_mixin.py:190} INFO - [2024-10-13T10:33:18.112+0000] {override.py:1900} INFO - Created Permission View: can read on DAG Run:example_sensors
[2024-10-13T10:33:18.112+0000] {logging_mixin.py:190} INFO - [2024-10-13T10:33:18.112+0000] {dag.py:3239} INFO - Sync 1 DAGs
[2024-10-13T10:33:18.116+0000] {logging_mixin.py:190} INFO - [2024-10-13T10:33:18.116+0000] {dag.py:3262} INFO - Creating ORM DAG for example_sensors
[2024-10-13T10:33:18.117+0000] {logging_mixin.py:190} INFO - [2024-10-13T10:33:18.117+0000] {dag.py:4180} INFO - Setting next_dagrun for example_sensors to None, run_after=None
[2024-10-13T10:33:18.124+0000] {processor.py:208} INFO - Processing /home/dblab/haeun/mlops/ml_airflow/ex1/venv/lib/python3.11/site-packages/airflow/example_dags/example_sensors.py took 0.086 seconds
[2024-10-13T10:33:48.929+0000] {processor.py:186} INFO - Started process (PID=50850) to work on /home/dblab/haeun/mlops/ml_airflow/ex1/venv/lib/python3.11/site-packages/airflow/example_dags/example_sensors.py
[2024-10-13T10:33:48.929+0000] {processor.py:914} INFO - Processing file /home/dblab/haeun/mlops/ml_airflow/ex1/venv/lib/python3.11/site-packages/airflow/example_dags/example_sensors.py for tasks to queue
[2024-10-13T10:33:48.930+0000] {logging_mixin.py:190} INFO - [2024-10-13T10:33:48.930+0000] {dagbag.py:588} INFO - Filling up the DagBag from /home/dblab/haeun/mlops/ml_airflow/ex1/venv/lib/python3.11/site-packages/airflow/example_dags/example_sensors.py
[2024-10-13T10:33:48.934+0000] {processor.py:925} INFO - DAG(s) 'example_sensors' retrieved from /home/dblab/haeun/mlops/ml_airflow/ex1/venv/lib/python3.11/site-packages/airflow/example_dags/example_sensors.py
[2024-10-13T10:33:48.946+0000] {logging_mixin.py:190} INFO - [2024-10-13T10:33:48.946+0000] {dag.py:3239} INFO - Sync 1 DAGs
[2024-10-13T10:33:48.951+0000] {logging_mixin.py:190} INFO - [2024-10-13T10:33:48.950+0000] {dag.py:4180} INFO - Setting next_dagrun for example_sensors to None, run_after=None
[2024-10-13T10:33:48.957+0000] {processor.py:208} INFO - Processing /home/dblab/haeun/mlops/ml_airflow/ex1/venv/lib/python3.11/site-packages/airflow/example_dags/example_sensors.py took 0.030 seconds
