[2024-10-13T10:33:18.061+0000] {processor.py:186} INFO - Started process (PID=50367) to work on /home/dblab/haeun/mlops/ml_airflow/ex1/venv/lib/python3.11/site-packages/airflow/example_dags/example_python_operator.py
[2024-10-13T10:33:18.061+0000] {processor.py:914} INFO - Processing file /home/dblab/haeun/mlops/ml_airflow/ex1/venv/lib/python3.11/site-packages/airflow/example_dags/example_python_operator.py for tasks to queue
[2024-10-13T10:33:18.062+0000] {logging_mixin.py:190} INFO - [2024-10-13T10:33:18.062+0000] {dagbag.py:588} INFO - Filling up the DagBag from /home/dblab/haeun/mlops/ml_airflow/ex1/venv/lib/python3.11/site-packages/airflow/example_dags/example_python_operator.py
[2024-10-13T10:33:18.065+0000] {logging_mixin.py:190} INFO - [2024-10-13T10:33:18.064+0000] {example_python_operator.py:93} WARNING - The virtalenv_python example task requires virtualenv, please install it.
[2024-10-13T10:33:18.065+0000] {processor.py:925} INFO - DAG(s) 'example_python_operator' retrieved from /home/dblab/haeun/mlops/ml_airflow/ex1/venv/lib/python3.11/site-packages/airflow/example_dags/example_python_operator.py
[2024-10-13T10:33:18.110+0000] {logging_mixin.py:190} INFO - [2024-10-13T10:33:18.110+0000] {override.py:1900} INFO - Created Permission View: can delete on DAG:example_python_operator
[2024-10-13T10:33:18.115+0000] {logging_mixin.py:190} INFO - [2024-10-13T10:33:18.115+0000] {override.py:1900} INFO - Created Permission View: can edit on DAG:example_python_operator
[2024-10-13T10:33:18.119+0000] {logging_mixin.py:190} INFO - [2024-10-13T10:33:18.119+0000] {override.py:1900} INFO - Created Permission View: can read on DAG:example_python_operator
[2024-10-13T10:33:18.127+0000] {logging_mixin.py:190} INFO - [2024-10-13T10:33:18.127+0000] {override.py:1900} INFO - Created Permission View: can create on DAG Run:example_python_operator
[2024-10-13T10:33:18.131+0000] {logging_mixin.py:190} INFO - [2024-10-13T10:33:18.131+0000] {override.py:1900} INFO - Created Permission View: can delete on DAG Run:example_python_operator
[2024-10-13T10:33:18.135+0000] {logging_mixin.py:190} INFO - [2024-10-13T10:33:18.135+0000] {override.py:1900} INFO - Created Permission View: menu access on DAG Run:example_python_operator
[2024-10-13T10:33:18.140+0000] {logging_mixin.py:190} INFO - [2024-10-13T10:33:18.140+0000] {override.py:1900} INFO - Created Permission View: can read on DAG Run:example_python_operator
[2024-10-13T10:33:18.140+0000] {logging_mixin.py:190} INFO - [2024-10-13T10:33:18.140+0000] {dag.py:3239} INFO - Sync 1 DAGs
[2024-10-13T10:33:18.145+0000] {logging_mixin.py:190} INFO - [2024-10-13T10:33:18.145+0000] {dag.py:3262} INFO - Creating ORM DAG for example_python_operator
[2024-10-13T10:33:18.145+0000] {logging_mixin.py:190} INFO - [2024-10-13T10:33:18.145+0000] {dag.py:4180} INFO - Setting next_dagrun for example_python_operator to None, run_after=None
[2024-10-13T10:33:18.150+0000] {processor.py:208} INFO - Processing /home/dblab/haeun/mlops/ml_airflow/ex1/venv/lib/python3.11/site-packages/airflow/example_dags/example_python_operator.py took 0.091 seconds
[2024-10-13T10:33:48.956+0000] {processor.py:186} INFO - Started process (PID=50856) to work on /home/dblab/haeun/mlops/ml_airflow/ex1/venv/lib/python3.11/site-packages/airflow/example_dags/example_python_operator.py
[2024-10-13T10:33:48.957+0000] {processor.py:914} INFO - Processing file /home/dblab/haeun/mlops/ml_airflow/ex1/venv/lib/python3.11/site-packages/airflow/example_dags/example_python_operator.py for tasks to queue
[2024-10-13T10:33:48.957+0000] {logging_mixin.py:190} INFO - [2024-10-13T10:33:48.957+0000] {dagbag.py:588} INFO - Filling up the DagBag from /home/dblab/haeun/mlops/ml_airflow/ex1/venv/lib/python3.11/site-packages/airflow/example_dags/example_python_operator.py
[2024-10-13T10:33:48.960+0000] {logging_mixin.py:190} INFO - [2024-10-13T10:33:48.960+0000] {example_python_operator.py:93} WARNING - The virtalenv_python example task requires virtualenv, please install it.
[2024-10-13T10:33:48.961+0000] {processor.py:925} INFO - DAG(s) 'example_python_operator' retrieved from /home/dblab/haeun/mlops/ml_airflow/ex1/venv/lib/python3.11/site-packages/airflow/example_dags/example_python_operator.py
[2024-10-13T10:33:48.971+0000] {logging_mixin.py:190} INFO - [2024-10-13T10:33:48.971+0000] {dag.py:3239} INFO - Sync 1 DAGs
[2024-10-13T10:33:48.976+0000] {logging_mixin.py:190} INFO - [2024-10-13T10:33:48.976+0000] {dag.py:4180} INFO - Setting next_dagrun for example_python_operator to None, run_after=None
[2024-10-13T10:33:48.983+0000] {processor.py:208} INFO - Processing /home/dblab/haeun/mlops/ml_airflow/ex1/venv/lib/python3.11/site-packages/airflow/example_dags/example_python_operator.py took 0.029 seconds
