[2024-10-13T10:33:19.406+0000] {processor.py:186} INFO - Started process (PID=50499) to work on /home/dblab/haeun/mlops/ml_airflow/ex1/venv/lib/python3.11/site-packages/airflow/example_dags/example_datasets.py
[2024-10-13T10:33:19.407+0000] {processor.py:914} INFO - Processing file /home/dblab/haeun/mlops/ml_airflow/ex1/venv/lib/python3.11/site-packages/airflow/example_dags/example_datasets.py for tasks to queue
[2024-10-13T10:33:19.407+0000] {logging_mixin.py:190} INFO - [2024-10-13T10:33:19.407+0000] {dagbag.py:588} INFO - Filling up the DagBag from /home/dblab/haeun/mlops/ml_airflow/ex1/venv/lib/python3.11/site-packages/airflow/example_dags/example_datasets.py
[2024-10-13T10:33:19.413+0000] {processor.py:925} INFO - DAG(s) 'dataset_consumes_1_never_scheduled', 'dataset_consumes_1', 'dataset_consumes_unknown_never_scheduled', 'dataset_consumes_1_and_2', 'consume_1_and_2_with_dataset_expressions', 'consume_1_or_2_with_dataset_expressions', 'consume_1_or_both_2_and_3_with_dataset_expressions', 'dataset_produces_1', 'conditional_dataset_and_time_based_timetable', 'dataset_produces_2' retrieved from /home/dblab/haeun/mlops/ml_airflow/ex1/venv/lib/python3.11/site-packages/airflow/example_dags/example_datasets.py
[2024-10-13T10:33:19.458+0000] {logging_mixin.py:190} INFO - [2024-10-13T10:33:19.457+0000] {override.py:1900} INFO - Created Permission View: can delete on DAG:dataset_consumes_1_never_scheduled
[2024-10-13T10:33:19.465+0000] {logging_mixin.py:190} INFO - [2024-10-13T10:33:19.465+0000] {override.py:1900} INFO - Created Permission View: can edit on DAG:dataset_consumes_1_never_scheduled
[2024-10-13T10:33:19.470+0000] {logging_mixin.py:190} INFO - [2024-10-13T10:33:19.470+0000] {override.py:1900} INFO - Created Permission View: can read on DAG:dataset_consumes_1_never_scheduled
[2024-10-13T10:33:19.475+0000] {logging_mixin.py:190} INFO - [2024-10-13T10:33:19.475+0000] {override.py:1900} INFO - Created Permission View: can create on DAG Run:dataset_consumes_1_never_scheduled
[2024-10-13T10:33:19.478+0000] {logging_mixin.py:190} INFO - [2024-10-13T10:33:19.478+0000] {override.py:1900} INFO - Created Permission View: can delete on DAG Run:dataset_consumes_1_never_scheduled
[2024-10-13T10:33:19.481+0000] {logging_mixin.py:190} INFO - [2024-10-13T10:33:19.481+0000] {override.py:1900} INFO - Created Permission View: menu access on DAG Run:dataset_consumes_1_never_scheduled
[2024-10-13T10:33:19.484+0000] {logging_mixin.py:190} INFO - [2024-10-13T10:33:19.484+0000] {override.py:1900} INFO - Created Permission View: can read on DAG Run:dataset_consumes_1_never_scheduled
[2024-10-13T10:33:19.492+0000] {logging_mixin.py:190} INFO - [2024-10-13T10:33:19.492+0000] {override.py:1900} INFO - Created Permission View: can delete on DAG:dataset_consumes_1
[2024-10-13T10:33:19.497+0000] {logging_mixin.py:190} INFO - [2024-10-13T10:33:19.497+0000] {override.py:1900} INFO - Created Permission View: can edit on DAG:dataset_consumes_1
[2024-10-13T10:33:19.501+0000] {logging_mixin.py:190} INFO - [2024-10-13T10:33:19.501+0000] {override.py:1900} INFO - Created Permission View: can read on DAG:dataset_consumes_1
[2024-10-13T10:33:19.508+0000] {logging_mixin.py:190} INFO - [2024-10-13T10:33:19.508+0000] {override.py:1900} INFO - Created Permission View: can create on DAG Run:dataset_consumes_1
[2024-10-13T10:33:19.513+0000] {logging_mixin.py:190} INFO - [2024-10-13T10:33:19.512+0000] {override.py:1900} INFO - Created Permission View: can delete on DAG Run:dataset_consumes_1
[2024-10-13T10:33:19.517+0000] {logging_mixin.py:190} INFO - [2024-10-13T10:33:19.516+0000] {override.py:1900} INFO - Created Permission View: menu access on DAG Run:dataset_consumes_1
[2024-10-13T10:33:19.521+0000] {logging_mixin.py:190} INFO - [2024-10-13T10:33:19.520+0000] {override.py:1900} INFO - Created Permission View: can read on DAG Run:dataset_consumes_1
[2024-10-13T10:33:19.527+0000] {logging_mixin.py:190} INFO - [2024-10-13T10:33:19.527+0000] {override.py:1900} INFO - Created Permission View: can delete on DAG:dataset_consumes_unknown_never_scheduled
[2024-10-13T10:33:19.530+0000] {logging_mixin.py:190} INFO - [2024-10-13T10:33:19.530+0000] {override.py:1900} INFO - Created Permission View: can edit on DAG:dataset_consumes_unknown_never_scheduled
[2024-10-13T10:33:19.533+0000] {logging_mixin.py:190} INFO - [2024-10-13T10:33:19.533+0000] {override.py:1900} INFO - Created Permission View: can read on DAG:dataset_consumes_unknown_never_scheduled
[2024-10-13T10:33:19.536+0000] {logging_mixin.py:190} INFO - [2024-10-13T10:33:19.536+0000] {override.py:1900} INFO - Created Permission View: can create on DAG Run:dataset_consumes_unknown_never_scheduled
[2024-10-13T10:33:19.539+0000] {logging_mixin.py:190} INFO - [2024-10-13T10:33:19.539+0000] {override.py:1900} INFO - Created Permission View: can delete on DAG Run:dataset_consumes_unknown_never_scheduled
[2024-10-13T10:33:19.542+0000] {logging_mixin.py:190} INFO - [2024-10-13T10:33:19.542+0000] {override.py:1900} INFO - Created Permission View: menu access on DAG Run:dataset_consumes_unknown_never_scheduled
[2024-10-13T10:33:19.546+0000] {logging_mixin.py:190} INFO - [2024-10-13T10:33:19.546+0000] {override.py:1900} INFO - Created Permission View: can read on DAG Run:dataset_consumes_unknown_never_scheduled
[2024-10-13T10:33:19.556+0000] {logging_mixin.py:190} INFO - [2024-10-13T10:33:19.556+0000] {override.py:1900} INFO - Created Permission View: can delete on DAG:dataset_consumes_1_and_2
[2024-10-13T10:33:19.561+0000] {logging_mixin.py:190} INFO - [2024-10-13T10:33:19.561+0000] {override.py:1900} INFO - Created Permission View: can edit on DAG:dataset_consumes_1_and_2
[2024-10-13T10:33:19.566+0000] {logging_mixin.py:190} INFO - [2024-10-13T10:33:19.566+0000] {override.py:1900} INFO - Created Permission View: can read on DAG:dataset_consumes_1_and_2
[2024-10-13T10:33:19.576+0000] {logging_mixin.py:190} INFO - [2024-10-13T10:33:19.576+0000] {override.py:1900} INFO - Created Permission View: can create on DAG Run:dataset_consumes_1_and_2
[2024-10-13T10:33:19.582+0000] {logging_mixin.py:190} INFO - [2024-10-13T10:33:19.581+0000] {override.py:1900} INFO - Created Permission View: can delete on DAG Run:dataset_consumes_1_and_2
[2024-10-13T10:33:19.586+0000] {logging_mixin.py:190} INFO - [2024-10-13T10:33:19.586+0000] {override.py:1900} INFO - Created Permission View: menu access on DAG Run:dataset_consumes_1_and_2
[2024-10-13T10:33:19.590+0000] {logging_mixin.py:190} INFO - [2024-10-13T10:33:19.590+0000] {override.py:1900} INFO - Created Permission View: can read on DAG Run:dataset_consumes_1_and_2
[2024-10-13T10:33:19.597+0000] {logging_mixin.py:190} INFO - [2024-10-13T10:33:19.596+0000] {override.py:1900} INFO - Created Permission View: can delete on DAG:consume_1_and_2_with_dataset_expressions
[2024-10-13T10:33:19.600+0000] {logging_mixin.py:190} INFO - [2024-10-13T10:33:19.599+0000] {override.py:1900} INFO - Created Permission View: can edit on DAG:consume_1_and_2_with_dataset_expressions
[2024-10-13T10:33:19.604+0000] {logging_mixin.py:190} INFO - [2024-10-13T10:33:19.604+0000] {override.py:1900} INFO - Created Permission View: can read on DAG:consume_1_and_2_with_dataset_expressions
[2024-10-13T10:33:19.611+0000] {logging_mixin.py:190} INFO - [2024-10-13T10:33:19.611+0000] {override.py:1900} INFO - Created Permission View: can create on DAG Run:consume_1_and_2_with_dataset_expressions
[2024-10-13T10:33:19.615+0000] {logging_mixin.py:190} INFO - [2024-10-13T10:33:19.615+0000] {override.py:1900} INFO - Created Permission View: can delete on DAG Run:consume_1_and_2_with_dataset_expressions
[2024-10-13T10:33:19.619+0000] {logging_mixin.py:190} INFO - [2024-10-13T10:33:19.619+0000] {override.py:1900} INFO - Created Permission View: menu access on DAG Run:consume_1_and_2_with_dataset_expressions
[2024-10-13T10:33:19.622+0000] {logging_mixin.py:190} INFO - [2024-10-13T10:33:19.622+0000] {override.py:1900} INFO - Created Permission View: can read on DAG Run:consume_1_and_2_with_dataset_expressions
[2024-10-13T10:33:19.630+0000] {logging_mixin.py:190} INFO - [2024-10-13T10:33:19.630+0000] {override.py:1900} INFO - Created Permission View: can delete on DAG:consume_1_or_2_with_dataset_expressions
[2024-10-13T10:33:19.634+0000] {logging_mixin.py:190} INFO - [2024-10-13T10:33:19.634+0000] {override.py:1900} INFO - Created Permission View: can edit on DAG:consume_1_or_2_with_dataset_expressions
[2024-10-13T10:33:19.637+0000] {logging_mixin.py:190} INFO - [2024-10-13T10:33:19.637+0000] {override.py:1900} INFO - Created Permission View: can read on DAG:consume_1_or_2_with_dataset_expressions
[2024-10-13T10:33:19.642+0000] {logging_mixin.py:190} INFO - [2024-10-13T10:33:19.642+0000] {override.py:1900} INFO - Created Permission View: can create on DAG Run:consume_1_or_2_with_dataset_expressions
[2024-10-13T10:33:19.645+0000] {logging_mixin.py:190} INFO - [2024-10-13T10:33:19.645+0000] {override.py:1900} INFO - Created Permission View: can delete on DAG Run:consume_1_or_2_with_dataset_expressions
[2024-10-13T10:33:19.648+0000] {logging_mixin.py:190} INFO - [2024-10-13T10:33:19.648+0000] {override.py:1900} INFO - Created Permission View: menu access on DAG Run:consume_1_or_2_with_dataset_expressions
[2024-10-13T10:33:19.650+0000] {logging_mixin.py:190} INFO - [2024-10-13T10:33:19.650+0000] {override.py:1900} INFO - Created Permission View: can read on DAG Run:consume_1_or_2_with_dataset_expressions
[2024-10-13T10:33:19.656+0000] {logging_mixin.py:190} INFO - [2024-10-13T10:33:19.655+0000] {override.py:1900} INFO - Created Permission View: can delete on DAG:consume_1_or_both_2_and_3_with_dataset_expressions
[2024-10-13T10:33:19.659+0000] {logging_mixin.py:190} INFO - [2024-10-13T10:33:19.659+0000] {override.py:1900} INFO - Created Permission View: can edit on DAG:consume_1_or_both_2_and_3_with_dataset_expressions
[2024-10-13T10:33:19.664+0000] {logging_mixin.py:190} INFO - [2024-10-13T10:33:19.664+0000] {override.py:1900} INFO - Created Permission View: can read on DAG:consume_1_or_both_2_and_3_with_dataset_expressions
[2024-10-13T10:33:19.672+0000] {logging_mixin.py:190} INFO - [2024-10-13T10:33:19.672+0000] {override.py:1900} INFO - Created Permission View: can create on DAG Run:consume_1_or_both_2_and_3_with_dataset_expressions
[2024-10-13T10:33:19.677+0000] {logging_mixin.py:190} INFO - [2024-10-13T10:33:19.677+0000] {override.py:1900} INFO - Created Permission View: can delete on DAG Run:consume_1_or_both_2_and_3_with_dataset_expressions
[2024-10-13T10:33:19.682+0000] {logging_mixin.py:190} INFO - [2024-10-13T10:33:19.682+0000] {override.py:1900} INFO - Created Permission View: menu access on DAG Run:consume_1_or_both_2_and_3_with_dataset_expressions
[2024-10-13T10:33:19.687+0000] {logging_mixin.py:190} INFO - [2024-10-13T10:33:19.687+0000] {override.py:1900} INFO - Created Permission View: can read on DAG Run:consume_1_or_both_2_and_3_with_dataset_expressions
[2024-10-13T10:33:19.698+0000] {logging_mixin.py:190} INFO - [2024-10-13T10:33:19.698+0000] {override.py:1900} INFO - Created Permission View: can delete on DAG:dataset_produces_1
[2024-10-13T10:33:19.702+0000] {logging_mixin.py:190} INFO - [2024-10-13T10:33:19.702+0000] {override.py:1900} INFO - Created Permission View: can edit on DAG:dataset_produces_1
[2024-10-13T10:33:19.706+0000] {logging_mixin.py:190} INFO - [2024-10-13T10:33:19.706+0000] {override.py:1900} INFO - Created Permission View: can read on DAG:dataset_produces_1
[2024-10-13T10:33:19.711+0000] {logging_mixin.py:190} INFO - [2024-10-13T10:33:19.711+0000] {override.py:1900} INFO - Created Permission View: can create on DAG Run:dataset_produces_1
[2024-10-13T10:33:19.713+0000] {logging_mixin.py:190} INFO - [2024-10-13T10:33:19.713+0000] {override.py:1900} INFO - Created Permission View: can delete on DAG Run:dataset_produces_1
[2024-10-13T10:33:19.719+0000] {logging_mixin.py:190} INFO - [2024-10-13T10:33:19.719+0000] {override.py:1900} INFO - Created Permission View: menu access on DAG Run:dataset_produces_1
[2024-10-13T10:33:19.723+0000] {logging_mixin.py:190} INFO - [2024-10-13T10:33:19.723+0000] {override.py:1900} INFO - Created Permission View: can read on DAG Run:dataset_produces_1
[2024-10-13T10:33:19.731+0000] {logging_mixin.py:190} INFO - [2024-10-13T10:33:19.731+0000] {override.py:1900} INFO - Created Permission View: can delete on DAG:conditional_dataset_and_time_based_timetable
[2024-10-13T10:33:19.735+0000] {logging_mixin.py:190} INFO - [2024-10-13T10:33:19.735+0000] {override.py:1900} INFO - Created Permission View: can edit on DAG:conditional_dataset_and_time_based_timetable
[2024-10-13T10:33:19.739+0000] {logging_mixin.py:190} INFO - [2024-10-13T10:33:19.739+0000] {override.py:1900} INFO - Created Permission View: can read on DAG:conditional_dataset_and_time_based_timetable
[2024-10-13T10:33:19.745+0000] {logging_mixin.py:190} INFO - [2024-10-13T10:33:19.745+0000] {override.py:1900} INFO - Created Permission View: can create on DAG Run:conditional_dataset_and_time_based_timetable
[2024-10-13T10:33:19.748+0000] {logging_mixin.py:190} INFO - [2024-10-13T10:33:19.748+0000] {override.py:1900} INFO - Created Permission View: can delete on DAG Run:conditional_dataset_and_time_based_timetable
[2024-10-13T10:33:19.752+0000] {logging_mixin.py:190} INFO - [2024-10-13T10:33:19.752+0000] {override.py:1900} INFO - Created Permission View: menu access on DAG Run:conditional_dataset_and_time_based_timetable
[2024-10-13T10:33:19.756+0000] {logging_mixin.py:190} INFO - [2024-10-13T10:33:19.756+0000] {override.py:1900} INFO - Created Permission View: can read on DAG Run:conditional_dataset_and_time_based_timetable
[2024-10-13T10:33:19.761+0000] {logging_mixin.py:190} INFO - [2024-10-13T10:33:19.761+0000] {override.py:1900} INFO - Created Permission View: can delete on DAG:dataset_produces_2
[2024-10-13T10:33:19.764+0000] {logging_mixin.py:190} INFO - [2024-10-13T10:33:19.764+0000] {override.py:1900} INFO - Created Permission View: can edit on DAG:dataset_produces_2
[2024-10-13T10:33:19.766+0000] {logging_mixin.py:190} INFO - [2024-10-13T10:33:19.766+0000] {override.py:1900} INFO - Created Permission View: can read on DAG:dataset_produces_2
[2024-10-13T10:33:19.770+0000] {logging_mixin.py:190} INFO - [2024-10-13T10:33:19.770+0000] {override.py:1900} INFO - Created Permission View: can create on DAG Run:dataset_produces_2
[2024-10-13T10:33:19.774+0000] {logging_mixin.py:190} INFO - [2024-10-13T10:33:19.774+0000] {override.py:1900} INFO - Created Permission View: can delete on DAG Run:dataset_produces_2
[2024-10-13T10:33:19.779+0000] {logging_mixin.py:190} INFO - [2024-10-13T10:33:19.779+0000] {override.py:1900} INFO - Created Permission View: menu access on DAG Run:dataset_produces_2
[2024-10-13T10:33:19.784+0000] {logging_mixin.py:190} INFO - [2024-10-13T10:33:19.784+0000] {override.py:1900} INFO - Created Permission View: can read on DAG Run:dataset_produces_2
[2024-10-13T10:33:19.784+0000] {logging_mixin.py:190} INFO - [2024-10-13T10:33:19.784+0000] {dag.py:3239} INFO - Sync 10 DAGs
[2024-10-13T10:33:19.789+0000] {logging_mixin.py:190} INFO - [2024-10-13T10:33:19.789+0000] {dag.py:3262} INFO - Creating ORM DAG for conditional_dataset_and_time_based_timetable
[2024-10-13T10:33:19.789+0000] {logging_mixin.py:190} INFO - [2024-10-13T10:33:19.789+0000] {dag.py:3262} INFO - Creating ORM DAG for dataset_consumes_1
[2024-10-13T10:33:19.789+0000] {logging_mixin.py:190} INFO - [2024-10-13T10:33:19.789+0000] {dag.py:3262} INFO - Creating ORM DAG for dataset_consumes_1_never_scheduled
[2024-10-13T10:33:19.789+0000] {logging_mixin.py:190} INFO - [2024-10-13T10:33:19.789+0000] {dag.py:3262} INFO - Creating ORM DAG for dataset_consumes_1_and_2
[2024-10-13T10:33:19.789+0000] {logging_mixin.py:190} INFO - [2024-10-13T10:33:19.789+0000] {dag.py:3262} INFO - Creating ORM DAG for consume_1_and_2_with_dataset_expressions
[2024-10-13T10:33:19.790+0000] {logging_mixin.py:190} INFO - [2024-10-13T10:33:19.790+0000] {dag.py:3262} INFO - Creating ORM DAG for dataset_produces_2
[2024-10-13T10:33:19.790+0000] {logging_mixin.py:190} INFO - [2024-10-13T10:33:19.790+0000] {dag.py:3262} INFO - Creating ORM DAG for consume_1_or_both_2_and_3_with_dataset_expressions
[2024-10-13T10:33:19.790+0000] {logging_mixin.py:190} INFO - [2024-10-13T10:33:19.790+0000] {dag.py:3262} INFO - Creating ORM DAG for dataset_consumes_unknown_never_scheduled
[2024-10-13T10:33:19.790+0000] {logging_mixin.py:190} INFO - [2024-10-13T10:33:19.790+0000] {dag.py:3262} INFO - Creating ORM DAG for dataset_produces_1
[2024-10-13T10:33:19.790+0000] {logging_mixin.py:190} INFO - [2024-10-13T10:33:19.790+0000] {dag.py:3262} INFO - Creating ORM DAG for consume_1_or_2_with_dataset_expressions
[2024-10-13T10:33:19.794+0000] {logging_mixin.py:190} INFO - [2024-10-13T10:33:19.794+0000] {dag.py:4180} INFO - Setting next_dagrun for conditional_dataset_and_time_based_timetable to 2024-10-09 01:00:00+00:00, run_after=2024-10-09 01:00:00+00:00
[2024-10-13T10:33:19.794+0000] {logging_mixin.py:190} INFO - [2024-10-13T10:33:19.794+0000] {dag.py:4180} INFO - Setting next_dagrun for consume_1_and_2_with_dataset_expressions to None, run_after=None
[2024-10-13T10:33:19.794+0000] {logging_mixin.py:190} INFO - [2024-10-13T10:33:19.794+0000] {dag.py:4180} INFO - Setting next_dagrun for consume_1_or_2_with_dataset_expressions to None, run_after=None
[2024-10-13T10:33:19.794+0000] {logging_mixin.py:190} INFO - [2024-10-13T10:33:19.794+0000] {dag.py:4180} INFO - Setting next_dagrun for consume_1_or_both_2_and_3_with_dataset_expressions to None, run_after=None
[2024-10-13T10:33:19.794+0000] {logging_mixin.py:190} INFO - [2024-10-13T10:33:19.794+0000] {dag.py:4180} INFO - Setting next_dagrun for dataset_consumes_1 to None, run_after=None
[2024-10-13T10:33:19.795+0000] {logging_mixin.py:190} INFO - [2024-10-13T10:33:19.794+0000] {dag.py:4180} INFO - Setting next_dagrun for dataset_consumes_1_and_2 to None, run_after=None
[2024-10-13T10:33:19.795+0000] {logging_mixin.py:190} INFO - [2024-10-13T10:33:19.795+0000] {dag.py:4180} INFO - Setting next_dagrun for dataset_consumes_1_never_scheduled to None, run_after=None
[2024-10-13T10:33:19.795+0000] {logging_mixin.py:190} INFO - [2024-10-13T10:33:19.795+0000] {dag.py:4180} INFO - Setting next_dagrun for dataset_consumes_unknown_never_scheduled to None, run_after=None
[2024-10-13T10:33:19.795+0000] {logging_mixin.py:190} INFO - [2024-10-13T10:33:19.795+0000] {dag.py:4180} INFO - Setting next_dagrun for dataset_produces_1 to 2024-10-12 00:00:00+00:00, run_after=2024-10-13 00:00:00+00:00
[2024-10-13T10:33:19.796+0000] {logging_mixin.py:190} INFO - [2024-10-13T10:33:19.795+0000] {dag.py:4180} INFO - Setting next_dagrun for dataset_produces_2 to None, run_after=None
[2024-10-13T10:33:19.809+0000] {processor.py:208} INFO - Processing /home/dblab/haeun/mlops/ml_airflow/ex1/venv/lib/python3.11/site-packages/airflow/example_dags/example_datasets.py took 0.405 seconds
[2024-10-13T10:33:50.459+0000] {processor.py:186} INFO - Started process (PID=50991) to work on /home/dblab/haeun/mlops/ml_airflow/ex1/venv/lib/python3.11/site-packages/airflow/example_dags/example_datasets.py
[2024-10-13T10:33:50.460+0000] {processor.py:914} INFO - Processing file /home/dblab/haeun/mlops/ml_airflow/ex1/venv/lib/python3.11/site-packages/airflow/example_dags/example_datasets.py for tasks to queue
[2024-10-13T10:33:50.461+0000] {logging_mixin.py:190} INFO - [2024-10-13T10:33:50.460+0000] {dagbag.py:588} INFO - Filling up the DagBag from /home/dblab/haeun/mlops/ml_airflow/ex1/venv/lib/python3.11/site-packages/airflow/example_dags/example_datasets.py
[2024-10-13T10:33:50.466+0000] {processor.py:925} INFO - DAG(s) 'dataset_produces_1', 'dataset_consumes_unknown_never_scheduled', 'consume_1_and_2_with_dataset_expressions', 'consume_1_or_both_2_and_3_with_dataset_expressions', 'dataset_consumes_1_never_scheduled', 'consume_1_or_2_with_dataset_expressions', 'dataset_produces_2', 'dataset_consumes_1_and_2', 'dataset_consumes_1', 'conditional_dataset_and_time_based_timetable' retrieved from /home/dblab/haeun/mlops/ml_airflow/ex1/venv/lib/python3.11/site-packages/airflow/example_dags/example_datasets.py
[2024-10-13T10:33:50.482+0000] {logging_mixin.py:190} INFO - [2024-10-13T10:33:50.482+0000] {dag.py:3239} INFO - Sync 10 DAGs
[2024-10-13T10:33:50.491+0000] {logging_mixin.py:190} INFO - [2024-10-13T10:33:50.491+0000] {dag.py:4180} INFO - Setting next_dagrun for conditional_dataset_and_time_based_timetable to 2024-10-09 01:00:00+00:00, run_after=2024-10-09 01:00:00+00:00
[2024-10-13T10:33:50.493+0000] {logging_mixin.py:190} INFO - [2024-10-13T10:33:50.493+0000] {dag.py:4180} INFO - Setting next_dagrun for consume_1_and_2_with_dataset_expressions to None, run_after=None
[2024-10-13T10:33:50.493+0000] {logging_mixin.py:190} INFO - [2024-10-13T10:33:50.493+0000] {dag.py:4180} INFO - Setting next_dagrun for consume_1_or_2_with_dataset_expressions to None, run_after=None
[2024-10-13T10:33:50.493+0000] {logging_mixin.py:190} INFO - [2024-10-13T10:33:50.493+0000] {dag.py:4180} INFO - Setting next_dagrun for consume_1_or_both_2_and_3_with_dataset_expressions to None, run_after=None
[2024-10-13T10:33:50.494+0000] {logging_mixin.py:190} INFO - [2024-10-13T10:33:50.494+0000] {dag.py:4180} INFO - Setting next_dagrun for dataset_consumes_1 to None, run_after=None
[2024-10-13T10:33:50.494+0000] {logging_mixin.py:190} INFO - [2024-10-13T10:33:50.494+0000] {dag.py:4180} INFO - Setting next_dagrun for dataset_consumes_1_and_2 to None, run_after=None
[2024-10-13T10:33:50.494+0000] {logging_mixin.py:190} INFO - [2024-10-13T10:33:50.494+0000] {dag.py:4180} INFO - Setting next_dagrun for dataset_consumes_1_never_scheduled to None, run_after=None
[2024-10-13T10:33:50.495+0000] {logging_mixin.py:190} INFO - [2024-10-13T10:33:50.495+0000] {dag.py:4180} INFO - Setting next_dagrun for dataset_consumes_unknown_never_scheduled to None, run_after=None
[2024-10-13T10:33:50.495+0000] {logging_mixin.py:190} INFO - [2024-10-13T10:33:50.495+0000] {dag.py:4180} INFO - Setting next_dagrun for dataset_produces_1 to 2024-10-12 00:00:00+00:00, run_after=2024-10-13 00:00:00+00:00
[2024-10-13T10:33:50.496+0000] {logging_mixin.py:190} INFO - [2024-10-13T10:33:50.496+0000] {dag.py:4180} INFO - Setting next_dagrun for dataset_produces_2 to None, run_after=None
[2024-10-13T10:33:50.507+0000] {processor.py:208} INFO - Processing /home/dblab/haeun/mlops/ml_airflow/ex1/venv/lib/python3.11/site-packages/airflow/example_dags/example_datasets.py took 0.050 seconds
