[2024-10-13T10:33:19.198+0000] {processor.py:186} INFO - Started process (PID=50480) to work on /home/dblab/haeun/mlops/ml_airflow/ex1/venv/lib/python3.11/site-packages/airflow/example_dags/example_dataset_alias_with_no_taskflow.py
[2024-10-13T10:33:19.198+0000] {processor.py:914} INFO - Processing file /home/dblab/haeun/mlops/ml_airflow/ex1/venv/lib/python3.11/site-packages/airflow/example_dags/example_dataset_alias_with_no_taskflow.py for tasks to queue
[2024-10-13T10:33:19.199+0000] {logging_mixin.py:190} INFO - [2024-10-13T10:33:19.199+0000] {dagbag.py:588} INFO - Filling up the DagBag from /home/dblab/haeun/mlops/ml_airflow/ex1/venv/lib/python3.11/site-packages/airflow/example_dags/example_dataset_alias_with_no_taskflow.py
[2024-10-13T10:33:19.209+0000] {processor.py:925} INFO - DAG(s) 'dataset_s3_bucket_consumer_with_no_taskflow', 'dataset_alias_example_alias_producer_with_no_taskflow', 'dataset_alias_example_alias_consumer_with_no_taskflow', 'dataset_s3_bucket_producer_with_no_taskflow' retrieved from /home/dblab/haeun/mlops/ml_airflow/ex1/venv/lib/python3.11/site-packages/airflow/example_dags/example_dataset_alias_with_no_taskflow.py
[2024-10-13T10:33:19.249+0000] {logging_mixin.py:190} INFO - [2024-10-13T10:33:19.249+0000] {override.py:1900} INFO - Created Permission View: can delete on DAG:dataset_s3_bucket_consumer_with_no_taskflow
[2024-10-13T10:33:19.254+0000] {logging_mixin.py:190} INFO - [2024-10-13T10:33:19.254+0000] {override.py:1900} INFO - Created Permission View: can edit on DAG:dataset_s3_bucket_consumer_with_no_taskflow
[2024-10-13T10:33:19.257+0000] {logging_mixin.py:190} INFO - [2024-10-13T10:33:19.256+0000] {override.py:1900} INFO - Created Permission View: can read on DAG:dataset_s3_bucket_consumer_with_no_taskflow
[2024-10-13T10:33:19.261+0000] {logging_mixin.py:190} INFO - [2024-10-13T10:33:19.261+0000] {override.py:1900} INFO - Created Permission View: can create on DAG Run:dataset_s3_bucket_consumer_with_no_taskflow
[2024-10-13T10:33:19.264+0000] {logging_mixin.py:190} INFO - [2024-10-13T10:33:19.264+0000] {override.py:1900} INFO - Created Permission View: can delete on DAG Run:dataset_s3_bucket_consumer_with_no_taskflow
[2024-10-13T10:33:19.267+0000] {logging_mixin.py:190} INFO - [2024-10-13T10:33:19.267+0000] {override.py:1900} INFO - Created Permission View: menu access on DAG Run:dataset_s3_bucket_consumer_with_no_taskflow
[2024-10-13T10:33:19.272+0000] {logging_mixin.py:190} INFO - [2024-10-13T10:33:19.272+0000] {override.py:1900} INFO - Created Permission View: can read on DAG Run:dataset_s3_bucket_consumer_with_no_taskflow
[2024-10-13T10:33:19.280+0000] {logging_mixin.py:190} INFO - [2024-10-13T10:33:19.280+0000] {override.py:1900} INFO - Created Permission View: can delete on DAG:dataset_alias_example_alias_producer_with_no_taskflow
[2024-10-13T10:33:19.285+0000] {logging_mixin.py:190} INFO - [2024-10-13T10:33:19.285+0000] {override.py:1900} INFO - Created Permission View: can edit on DAG:dataset_alias_example_alias_producer_with_no_taskflow
[2024-10-13T10:33:19.289+0000] {logging_mixin.py:190} INFO - [2024-10-13T10:33:19.289+0000] {override.py:1900} INFO - Created Permission View: can read on DAG:dataset_alias_example_alias_producer_with_no_taskflow
[2024-10-13T10:33:19.296+0000] {logging_mixin.py:190} INFO - [2024-10-13T10:33:19.296+0000] {override.py:1900} INFO - Created Permission View: can create on DAG Run:dataset_alias_example_alias_producer_with_no_taskflow
[2024-10-13T10:33:19.299+0000] {logging_mixin.py:190} INFO - [2024-10-13T10:33:19.299+0000] {override.py:1900} INFO - Created Permission View: can delete on DAG Run:dataset_alias_example_alias_producer_with_no_taskflow
[2024-10-13T10:33:19.303+0000] {logging_mixin.py:190} INFO - [2024-10-13T10:33:19.303+0000] {override.py:1900} INFO - Created Permission View: menu access on DAG Run:dataset_alias_example_alias_producer_with_no_taskflow
[2024-10-13T10:33:19.307+0000] {logging_mixin.py:190} INFO - [2024-10-13T10:33:19.307+0000] {override.py:1900} INFO - Created Permission View: can read on DAG Run:dataset_alias_example_alias_producer_with_no_taskflow
[2024-10-13T10:33:19.312+0000] {logging_mixin.py:190} INFO - [2024-10-13T10:33:19.312+0000] {override.py:1900} INFO - Created Permission View: can delete on DAG:dataset_alias_example_alias_consumer_with_no_taskflow
[2024-10-13T10:33:19.315+0000] {logging_mixin.py:190} INFO - [2024-10-13T10:33:19.315+0000] {override.py:1900} INFO - Created Permission View: can edit on DAG:dataset_alias_example_alias_consumer_with_no_taskflow
[2024-10-13T10:33:19.317+0000] {logging_mixin.py:190} INFO - [2024-10-13T10:33:19.317+0000] {override.py:1900} INFO - Created Permission View: can read on DAG:dataset_alias_example_alias_consumer_with_no_taskflow
[2024-10-13T10:33:19.321+0000] {logging_mixin.py:190} INFO - [2024-10-13T10:33:19.321+0000] {override.py:1900} INFO - Created Permission View: can create on DAG Run:dataset_alias_example_alias_consumer_with_no_taskflow
[2024-10-13T10:33:19.324+0000] {logging_mixin.py:190} INFO - [2024-10-13T10:33:19.324+0000] {override.py:1900} INFO - Created Permission View: can delete on DAG Run:dataset_alias_example_alias_consumer_with_no_taskflow
[2024-10-13T10:33:19.327+0000] {logging_mixin.py:190} INFO - [2024-10-13T10:33:19.327+0000] {override.py:1900} INFO - Created Permission View: menu access on DAG Run:dataset_alias_example_alias_consumer_with_no_taskflow
[2024-10-13T10:33:19.329+0000] {logging_mixin.py:190} INFO - [2024-10-13T10:33:19.329+0000] {override.py:1900} INFO - Created Permission View: can read on DAG Run:dataset_alias_example_alias_consumer_with_no_taskflow
[2024-10-13T10:33:19.335+0000] {logging_mixin.py:190} INFO - [2024-10-13T10:33:19.335+0000] {override.py:1900} INFO - Created Permission View: can delete on DAG:dataset_s3_bucket_producer_with_no_taskflow
[2024-10-13T10:33:19.337+0000] {logging_mixin.py:190} INFO - [2024-10-13T10:33:19.337+0000] {override.py:1900} INFO - Created Permission View: can edit on DAG:dataset_s3_bucket_producer_with_no_taskflow
[2024-10-13T10:33:19.341+0000] {logging_mixin.py:190} INFO - [2024-10-13T10:33:19.341+0000] {override.py:1900} INFO - Created Permission View: can read on DAG:dataset_s3_bucket_producer_with_no_taskflow
[2024-10-13T10:33:19.347+0000] {logging_mixin.py:190} INFO - [2024-10-13T10:33:19.347+0000] {override.py:1900} INFO - Created Permission View: can create on DAG Run:dataset_s3_bucket_producer_with_no_taskflow
[2024-10-13T10:33:19.352+0000] {logging_mixin.py:190} INFO - [2024-10-13T10:33:19.352+0000] {override.py:1900} INFO - Created Permission View: can delete on DAG Run:dataset_s3_bucket_producer_with_no_taskflow
[2024-10-13T10:33:19.357+0000] {logging_mixin.py:190} INFO - [2024-10-13T10:33:19.357+0000] {override.py:1900} INFO - Created Permission View: menu access on DAG Run:dataset_s3_bucket_producer_with_no_taskflow
[2024-10-13T10:33:19.362+0000] {logging_mixin.py:190} INFO - [2024-10-13T10:33:19.362+0000] {override.py:1900} INFO - Created Permission View: can read on DAG Run:dataset_s3_bucket_producer_with_no_taskflow
[2024-10-13T10:33:19.362+0000] {logging_mixin.py:190} INFO - [2024-10-13T10:33:19.362+0000] {dag.py:3239} INFO - Sync 4 DAGs
[2024-10-13T10:33:19.366+0000] {logging_mixin.py:190} INFO - [2024-10-13T10:33:19.366+0000] {dag.py:3262} INFO - Creating ORM DAG for dataset_alias_example_alias_consumer_with_no_taskflow
[2024-10-13T10:33:19.367+0000] {logging_mixin.py:190} INFO - [2024-10-13T10:33:19.367+0000] {dag.py:3262} INFO - Creating ORM DAG for dataset_alias_example_alias_producer_with_no_taskflow
[2024-10-13T10:33:19.367+0000] {logging_mixin.py:190} INFO - [2024-10-13T10:33:19.367+0000] {dag.py:3262} INFO - Creating ORM DAG for dataset_s3_bucket_producer_with_no_taskflow
[2024-10-13T10:33:19.367+0000] {logging_mixin.py:190} INFO - [2024-10-13T10:33:19.367+0000] {dag.py:3262} INFO - Creating ORM DAG for dataset_s3_bucket_consumer_with_no_taskflow
[2024-10-13T10:33:19.370+0000] {logging_mixin.py:190} INFO - [2024-10-13T10:33:19.370+0000] {dag.py:4180} INFO - Setting next_dagrun for dataset_alias_example_alias_consumer_with_no_taskflow to None, run_after=None
[2024-10-13T10:33:19.370+0000] {logging_mixin.py:190} INFO - [2024-10-13T10:33:19.370+0000] {dag.py:4180} INFO - Setting next_dagrun for dataset_alias_example_alias_producer_with_no_taskflow to None, run_after=None
[2024-10-13T10:33:19.370+0000] {logging_mixin.py:190} INFO - [2024-10-13T10:33:19.370+0000] {dag.py:4180} INFO - Setting next_dagrun for dataset_s3_bucket_consumer_with_no_taskflow to None, run_after=None
[2024-10-13T10:33:19.371+0000] {logging_mixin.py:190} INFO - [2024-10-13T10:33:19.371+0000] {dag.py:4180} INFO - Setting next_dagrun for dataset_s3_bucket_producer_with_no_taskflow to None, run_after=None
[2024-10-13T10:33:19.383+0000] {processor.py:208} INFO - Processing /home/dblab/haeun/mlops/ml_airflow/ex1/venv/lib/python3.11/site-packages/airflow/example_dags/example_dataset_alias_with_no_taskflow.py took 0.187 seconds
[2024-10-13T10:33:50.370+0000] {processor.py:186} INFO - Started process (PID=50973) to work on /home/dblab/haeun/mlops/ml_airflow/ex1/venv/lib/python3.11/site-packages/airflow/example_dags/example_dataset_alias_with_no_taskflow.py
[2024-10-13T10:33:50.371+0000] {processor.py:914} INFO - Processing file /home/dblab/haeun/mlops/ml_airflow/ex1/venv/lib/python3.11/site-packages/airflow/example_dags/example_dataset_alias_with_no_taskflow.py for tasks to queue
[2024-10-13T10:33:50.372+0000] {logging_mixin.py:190} INFO - [2024-10-13T10:33:50.372+0000] {dagbag.py:588} INFO - Filling up the DagBag from /home/dblab/haeun/mlops/ml_airflow/ex1/venv/lib/python3.11/site-packages/airflow/example_dags/example_dataset_alias_with_no_taskflow.py
[2024-10-13T10:33:50.388+0000] {processor.py:925} INFO - DAG(s) 'dataset_s3_bucket_producer_with_no_taskflow', 'dataset_alias_example_alias_consumer_with_no_taskflow', 'dataset_s3_bucket_consumer_with_no_taskflow', 'dataset_alias_example_alias_producer_with_no_taskflow' retrieved from /home/dblab/haeun/mlops/ml_airflow/ex1/venv/lib/python3.11/site-packages/airflow/example_dags/example_dataset_alias_with_no_taskflow.py
[2024-10-13T10:33:50.395+0000] {logging_mixin.py:190} INFO - [2024-10-13T10:33:50.395+0000] {dag.py:3239} INFO - Sync 4 DAGs
[2024-10-13T10:33:50.403+0000] {logging_mixin.py:190} INFO - [2024-10-13T10:33:50.403+0000] {dag.py:4180} INFO - Setting next_dagrun for dataset_alias_example_alias_consumer_with_no_taskflow to None, run_after=None
[2024-10-13T10:33:50.404+0000] {logging_mixin.py:190} INFO - [2024-10-13T10:33:50.404+0000] {dag.py:4180} INFO - Setting next_dagrun for dataset_alias_example_alias_producer_with_no_taskflow to None, run_after=None
[2024-10-13T10:33:50.404+0000] {logging_mixin.py:190} INFO - [2024-10-13T10:33:50.404+0000] {dag.py:4180} INFO - Setting next_dagrun for dataset_s3_bucket_consumer_with_no_taskflow to None, run_after=None
[2024-10-13T10:33:50.405+0000] {logging_mixin.py:190} INFO - [2024-10-13T10:33:50.405+0000] {dag.py:4180} INFO - Setting next_dagrun for dataset_s3_bucket_producer_with_no_taskflow to None, run_after=None
[2024-10-13T10:33:50.412+0000] {processor.py:208} INFO - Processing /home/dblab/haeun/mlops/ml_airflow/ex1/venv/lib/python3.11/site-packages/airflow/example_dags/example_dataset_alias_with_no_taskflow.py took 0.046 seconds
