[2024-10-13T10:33:18.356+0000] {processor.py:186} INFO - Started process (PID=50409) to work on /home/dblab/haeun/mlops/ml_airflow/ex1/venv/lib/python3.11/site-packages/airflow/example_dags/example_branch_python_dop_operator_3.py
[2024-10-13T10:33:18.356+0000] {processor.py:914} INFO - Processing file /home/dblab/haeun/mlops/ml_airflow/ex1/venv/lib/python3.11/site-packages/airflow/example_dags/example_branch_python_dop_operator_3.py for tasks to queue
[2024-10-13T10:33:18.357+0000] {logging_mixin.py:190} INFO - [2024-10-13T10:33:18.357+0000] {dagbag.py:588} INFO - Filling up the DagBag from /home/dblab/haeun/mlops/ml_airflow/ex1/venv/lib/python3.11/site-packages/airflow/example_dags/example_branch_python_dop_operator_3.py
[2024-10-13T10:33:18.361+0000] {processor.py:925} INFO - DAG(s) 'example_branch_dop_operator_v3' retrieved from /home/dblab/haeun/mlops/ml_airflow/ex1/venv/lib/python3.11/site-packages/airflow/example_dags/example_branch_python_dop_operator_3.py
[2024-10-13T10:33:18.402+0000] {logging_mixin.py:190} INFO - [2024-10-13T10:33:18.402+0000] {override.py:1900} INFO - Created Permission View: can delete on DAG:example_branch_dop_operator_v3
[2024-10-13T10:33:18.406+0000] {logging_mixin.py:190} INFO - [2024-10-13T10:33:18.406+0000] {override.py:1900} INFO - Created Permission View: can edit on DAG:example_branch_dop_operator_v3
[2024-10-13T10:33:18.408+0000] {logging_mixin.py:190} INFO - [2024-10-13T10:33:18.408+0000] {override.py:1900} INFO - Created Permission View: can read on DAG:example_branch_dop_operator_v3
[2024-10-13T10:33:18.419+0000] {logging_mixin.py:190} INFO - [2024-10-13T10:33:18.418+0000] {override.py:1900} INFO - Created Permission View: can create on DAG Run:example_branch_dop_operator_v3
[2024-10-13T10:33:18.423+0000] {logging_mixin.py:190} INFO - [2024-10-13T10:33:18.423+0000] {override.py:1900} INFO - Created Permission View: can delete on DAG Run:example_branch_dop_operator_v3
[2024-10-13T10:33:18.428+0000] {logging_mixin.py:190} INFO - [2024-10-13T10:33:18.427+0000] {override.py:1900} INFO - Created Permission View: menu access on DAG Run:example_branch_dop_operator_v3
[2024-10-13T10:33:18.433+0000] {logging_mixin.py:190} INFO - [2024-10-13T10:33:18.433+0000] {override.py:1900} INFO - Created Permission View: can read on DAG Run:example_branch_dop_operator_v3
[2024-10-13T10:33:18.433+0000] {logging_mixin.py:190} INFO - [2024-10-13T10:33:18.433+0000] {dag.py:3239} INFO - Sync 1 DAGs
[2024-10-13T10:33:18.438+0000] {logging_mixin.py:190} INFO - [2024-10-13T10:33:18.438+0000] {dag.py:3262} INFO - Creating ORM DAG for example_branch_dop_operator_v3
[2024-10-13T10:33:18.442+0000] {logging_mixin.py:190} INFO - [2024-10-13T10:33:18.442+0000] {dag.py:4180} INFO - Setting next_dagrun for example_branch_dop_operator_v3 to 2024-10-13 10:32:00+00:00, run_after=2024-10-13 10:33:00+00:00
[2024-10-13T10:33:18.449+0000] {processor.py:208} INFO - Processing /home/dblab/haeun/mlops/ml_airflow/ex1/venv/lib/python3.11/site-packages/airflow/example_dags/example_branch_python_dop_operator_3.py took 0.095 seconds
[2024-10-13T10:33:49.069+0000] {processor.py:186} INFO - Started process (PID=50897) to work on /home/dblab/haeun/mlops/ml_airflow/ex1/venv/lib/python3.11/site-packages/airflow/example_dags/example_branch_python_dop_operator_3.py
[2024-10-13T10:33:49.069+0000] {processor.py:914} INFO - Processing file /home/dblab/haeun/mlops/ml_airflow/ex1/venv/lib/python3.11/site-packages/airflow/example_dags/example_branch_python_dop_operator_3.py for tasks to queue
[2024-10-13T10:33:49.070+0000] {logging_mixin.py:190} INFO - [2024-10-13T10:33:49.070+0000] {dagbag.py:588} INFO - Filling up the DagBag from /home/dblab/haeun/mlops/ml_airflow/ex1/venv/lib/python3.11/site-packages/airflow/example_dags/example_branch_python_dop_operator_3.py
[2024-10-13T10:33:49.074+0000] {processor.py:925} INFO - DAG(s) 'example_branch_dop_operator_v3' retrieved from /home/dblab/haeun/mlops/ml_airflow/ex1/venv/lib/python3.11/site-packages/airflow/example_dags/example_branch_python_dop_operator_3.py
[2024-10-13T10:33:49.084+0000] {logging_mixin.py:190} INFO - [2024-10-13T10:33:49.084+0000] {dag.py:3239} INFO - Sync 1 DAGs
[2024-10-13T10:33:49.093+0000] {logging_mixin.py:190} INFO - [2024-10-13T10:33:49.093+0000] {dag.py:4180} INFO - Setting next_dagrun for example_branch_dop_operator_v3 to 2024-10-13 10:32:00+00:00, run_after=2024-10-13 10:33:00+00:00
[2024-10-13T10:33:49.100+0000] {processor.py:208} INFO - Processing /home/dblab/haeun/mlops/ml_airflow/ex1/venv/lib/python3.11/site-packages/airflow/example_dags/example_branch_python_dop_operator_3.py took 0.033 seconds
