[2024-10-13T10:33:18.584+0000] {processor.py:186} INFO - Started process (PID=50435) to work on /home/dblab/haeun/mlops/ml_airflow/ex1/venv/lib/python3.11/site-packages/airflow/example_dags/example_short_circuit_operator.py
[2024-10-13T10:33:18.584+0000] {processor.py:914} INFO - Processing file /home/dblab/haeun/mlops/ml_airflow/ex1/venv/lib/python3.11/site-packages/airflow/example_dags/example_short_circuit_operator.py for tasks to queue
[2024-10-13T10:33:18.585+0000] {logging_mixin.py:190} INFO - [2024-10-13T10:33:18.585+0000] {dagbag.py:588} INFO - Filling up the DagBag from /home/dblab/haeun/mlops/ml_airflow/ex1/venv/lib/python3.11/site-packages/airflow/example_dags/example_short_circuit_operator.py
[2024-10-13T10:33:18.588+0000] {processor.py:925} INFO - DAG(s) 'example_short_circuit_operator' retrieved from /home/dblab/haeun/mlops/ml_airflow/ex1/venv/lib/python3.11/site-packages/airflow/example_dags/example_short_circuit_operator.py
[2024-10-13T10:33:18.633+0000] {logging_mixin.py:190} INFO - [2024-10-13T10:33:18.632+0000] {override.py:1900} INFO - Created Permission View: can delete on DAG:example_short_circuit_operator
[2024-10-13T10:33:18.637+0000] {logging_mixin.py:190} INFO - [2024-10-13T10:33:18.637+0000] {override.py:1900} INFO - Created Permission View: can edit on DAG:example_short_circuit_operator
[2024-10-13T10:33:18.641+0000] {logging_mixin.py:190} INFO - [2024-10-13T10:33:18.641+0000] {override.py:1900} INFO - Created Permission View: can read on DAG:example_short_circuit_operator
[2024-10-13T10:33:18.648+0000] {logging_mixin.py:190} INFO - [2024-10-13T10:33:18.648+0000] {override.py:1900} INFO - Created Permission View: can create on DAG Run:example_short_circuit_operator
[2024-10-13T10:33:18.651+0000] {logging_mixin.py:190} INFO - [2024-10-13T10:33:18.651+0000] {override.py:1900} INFO - Created Permission View: can delete on DAG Run:example_short_circuit_operator
[2024-10-13T10:33:18.655+0000] {logging_mixin.py:190} INFO - [2024-10-13T10:33:18.655+0000] {override.py:1900} INFO - Created Permission View: menu access on DAG Run:example_short_circuit_operator
[2024-10-13T10:33:18.659+0000] {logging_mixin.py:190} INFO - [2024-10-13T10:33:18.659+0000] {override.py:1900} INFO - Created Permission View: can read on DAG Run:example_short_circuit_operator
[2024-10-13T10:33:18.660+0000] {logging_mixin.py:190} INFO - [2024-10-13T10:33:18.659+0000] {dag.py:3239} INFO - Sync 1 DAGs
[2024-10-13T10:33:18.664+0000] {logging_mixin.py:190} INFO - [2024-10-13T10:33:18.664+0000] {dag.py:3262} INFO - Creating ORM DAG for example_short_circuit_operator
[2024-10-13T10:33:18.665+0000] {logging_mixin.py:190} INFO - [2024-10-13T10:33:18.665+0000] {dag.py:4180} INFO - Setting next_dagrun for example_short_circuit_operator to None, run_after=None
[2024-10-13T10:33:18.670+0000] {processor.py:208} INFO - Processing /home/dblab/haeun/mlops/ml_airflow/ex1/venv/lib/python3.11/site-packages/airflow/example_dags/example_short_circuit_operator.py took 0.089 seconds
[2024-10-13T10:33:49.175+0000] {processor.py:186} INFO - Started process (PID=50922) to work on /home/dblab/haeun/mlops/ml_airflow/ex1/venv/lib/python3.11/site-packages/airflow/example_dags/example_short_circuit_operator.py
[2024-10-13T10:33:49.175+0000] {processor.py:914} INFO - Processing file /home/dblab/haeun/mlops/ml_airflow/ex1/venv/lib/python3.11/site-packages/airflow/example_dags/example_short_circuit_operator.py for tasks to queue
[2024-10-13T10:33:49.176+0000] {logging_mixin.py:190} INFO - [2024-10-13T10:33:49.176+0000] {dagbag.py:588} INFO - Filling up the DagBag from /home/dblab/haeun/mlops/ml_airflow/ex1/venv/lib/python3.11/site-packages/airflow/example_dags/example_short_circuit_operator.py
[2024-10-13T10:33:49.179+0000] {processor.py:925} INFO - DAG(s) 'example_short_circuit_operator' retrieved from /home/dblab/haeun/mlops/ml_airflow/ex1/venv/lib/python3.11/site-packages/airflow/example_dags/example_short_circuit_operator.py
[2024-10-13T10:33:49.190+0000] {logging_mixin.py:190} INFO - [2024-10-13T10:33:49.190+0000] {dag.py:3239} INFO - Sync 1 DAGs
[2024-10-13T10:33:49.195+0000] {logging_mixin.py:190} INFO - [2024-10-13T10:33:49.195+0000] {dag.py:4180} INFO - Setting next_dagrun for example_short_circuit_operator to None, run_after=None
[2024-10-13T10:33:49.202+0000] {processor.py:208} INFO - Processing /home/dblab/haeun/mlops/ml_airflow/ex1/venv/lib/python3.11/site-packages/airflow/example_dags/example_short_circuit_operator.py took 0.029 seconds
