[2024-10-13T10:33:19.395+0000] {processor.py:186} INFO - Started process (PID=50493) to work on /home/dblab/haeun/mlops/ml_airflow/ex1/venv/lib/python3.11/site-packages/airflow/example_dags/example_setup_teardown_taskflow.py
[2024-10-13T10:33:19.395+0000] {processor.py:914} INFO - Processing file /home/dblab/haeun/mlops/ml_airflow/ex1/venv/lib/python3.11/site-packages/airflow/example_dags/example_setup_teardown_taskflow.py for tasks to queue
[2024-10-13T10:33:19.396+0000] {logging_mixin.py:190} INFO - [2024-10-13T10:33:19.396+0000] {dagbag.py:588} INFO - Filling up the DagBag from /home/dblab/haeun/mlops/ml_airflow/ex1/venv/lib/python3.11/site-packages/airflow/example_dags/example_setup_teardown_taskflow.py
[2024-10-13T10:33:19.400+0000] {processor.py:925} INFO - DAG(s) 'example_setup_teardown_taskflow' retrieved from /home/dblab/haeun/mlops/ml_airflow/ex1/venv/lib/python3.11/site-packages/airflow/example_dags/example_setup_teardown_taskflow.py
[2024-10-13T10:33:19.445+0000] {logging_mixin.py:190} INFO - [2024-10-13T10:33:19.444+0000] {override.py:1900} INFO - Created Permission View: can delete on DAG:example_setup_teardown_taskflow
[2024-10-13T10:33:19.450+0000] {logging_mixin.py:190} INFO - [2024-10-13T10:33:19.450+0000] {override.py:1900} INFO - Created Permission View: can edit on DAG:example_setup_teardown_taskflow
[2024-10-13T10:33:19.455+0000] {logging_mixin.py:190} INFO - [2024-10-13T10:33:19.455+0000] {override.py:1900} INFO - Created Permission View: can read on DAG:example_setup_teardown_taskflow
[2024-10-13T10:33:19.463+0000] {logging_mixin.py:190} INFO - [2024-10-13T10:33:19.463+0000] {override.py:1900} INFO - Created Permission View: can create on DAG Run:example_setup_teardown_taskflow
[2024-10-13T10:33:19.468+0000] {logging_mixin.py:190} INFO - [2024-10-13T10:33:19.468+0000] {override.py:1900} INFO - Created Permission View: can delete on DAG Run:example_setup_teardown_taskflow
[2024-10-13T10:33:19.472+0000] {logging_mixin.py:190} INFO - [2024-10-13T10:33:19.472+0000] {override.py:1900} INFO - Created Permission View: menu access on DAG Run:example_setup_teardown_taskflow
[2024-10-13T10:33:19.476+0000] {logging_mixin.py:190} INFO - [2024-10-13T10:33:19.476+0000] {override.py:1900} INFO - Created Permission View: can read on DAG Run:example_setup_teardown_taskflow
[2024-10-13T10:33:19.476+0000] {logging_mixin.py:190} INFO - [2024-10-13T10:33:19.476+0000] {dag.py:3239} INFO - Sync 1 DAGs
[2024-10-13T10:33:19.481+0000] {logging_mixin.py:190} INFO - [2024-10-13T10:33:19.481+0000] {dag.py:3262} INFO - Creating ORM DAG for example_setup_teardown_taskflow
[2024-10-13T10:33:19.482+0000] {logging_mixin.py:190} INFO - [2024-10-13T10:33:19.481+0000] {dag.py:4180} INFO - Setting next_dagrun for example_setup_teardown_taskflow to None, run_after=None
[2024-10-13T10:33:19.487+0000] {processor.py:208} INFO - Processing /home/dblab/haeun/mlops/ml_airflow/ex1/venv/lib/python3.11/site-packages/airflow/example_dags/example_setup_teardown_taskflow.py took 0.094 seconds
[2024-10-13T10:33:50.421+0000] {processor.py:186} INFO - Started process (PID=50985) to work on /home/dblab/haeun/mlops/ml_airflow/ex1/venv/lib/python3.11/site-packages/airflow/example_dags/example_setup_teardown_taskflow.py
[2024-10-13T10:33:50.421+0000] {processor.py:914} INFO - Processing file /home/dblab/haeun/mlops/ml_airflow/ex1/venv/lib/python3.11/site-packages/airflow/example_dags/example_setup_teardown_taskflow.py for tasks to queue
[2024-10-13T10:33:50.422+0000] {logging_mixin.py:190} INFO - [2024-10-13T10:33:50.422+0000] {dagbag.py:588} INFO - Filling up the DagBag from /home/dblab/haeun/mlops/ml_airflow/ex1/venv/lib/python3.11/site-packages/airflow/example_dags/example_setup_teardown_taskflow.py
[2024-10-13T10:33:50.426+0000] {processor.py:925} INFO - DAG(s) 'example_setup_teardown_taskflow' retrieved from /home/dblab/haeun/mlops/ml_airflow/ex1/venv/lib/python3.11/site-packages/airflow/example_dags/example_setup_teardown_taskflow.py
[2024-10-13T10:33:50.436+0000] {logging_mixin.py:190} INFO - [2024-10-13T10:33:50.436+0000] {dag.py:3239} INFO - Sync 1 DAGs
[2024-10-13T10:33:50.441+0000] {logging_mixin.py:190} INFO - [2024-10-13T10:33:50.441+0000] {dag.py:4180} INFO - Setting next_dagrun for example_setup_teardown_taskflow to None, run_after=None
[2024-10-13T10:33:50.448+0000] {processor.py:208} INFO - Processing /home/dblab/haeun/mlops/ml_airflow/ex1/venv/lib/python3.11/site-packages/airflow/example_dags/example_setup_teardown_taskflow.py took 0.029 seconds
