[2024-10-13T10:33:18.793+0000] {processor.py:186} INFO - Started process (PID=50453) to work on /home/dblab/haeun/mlops/ml_airflow/ex1/venv/lib/python3.11/site-packages/airflow/example_dags/example_dataset_alias.py
[2024-10-13T10:33:18.794+0000] {processor.py:914} INFO - Processing file /home/dblab/haeun/mlops/ml_airflow/ex1/venv/lib/python3.11/site-packages/airflow/example_dags/example_dataset_alias.py for tasks to queue
[2024-10-13T10:33:18.795+0000] {logging_mixin.py:190} INFO - [2024-10-13T10:33:18.794+0000] {dagbag.py:588} INFO - Filling up the DagBag from /home/dblab/haeun/mlops/ml_airflow/ex1/venv/lib/python3.11/site-packages/airflow/example_dags/example_dataset_alias.py
[2024-10-13T10:33:18.806+0000] {processor.py:925} INFO - DAG(s) 'dataset_s3_bucket_consumer', 'dataset_alias_example_alias_producer', 'dataset_s3_bucket_producer', 'dataset_alias_example_alias_consumer' retrieved from /home/dblab/haeun/mlops/ml_airflow/ex1/venv/lib/python3.11/site-packages/airflow/example_dags/example_dataset_alias.py
[2024-10-13T10:33:18.843+0000] {logging_mixin.py:190} INFO - [2024-10-13T10:33:18.843+0000] {override.py:1900} INFO - Created Permission View: can delete on DAG:dataset_s3_bucket_consumer
[2024-10-13T10:33:18.848+0000] {logging_mixin.py:190} INFO - [2024-10-13T10:33:18.848+0000] {override.py:1900} INFO - Created Permission View: can edit on DAG:dataset_s3_bucket_consumer
[2024-10-13T10:33:18.851+0000] {logging_mixin.py:190} INFO - [2024-10-13T10:33:18.851+0000] {override.py:1900} INFO - Created Permission View: can read on DAG:dataset_s3_bucket_consumer
[2024-10-13T10:33:18.854+0000] {logging_mixin.py:190} INFO - [2024-10-13T10:33:18.854+0000] {override.py:1900} INFO - Created Permission View: can create on DAG Run:dataset_s3_bucket_consumer
[2024-10-13T10:33:18.857+0000] {logging_mixin.py:190} INFO - [2024-10-13T10:33:18.857+0000] {override.py:1900} INFO - Created Permission View: can delete on DAG Run:dataset_s3_bucket_consumer
[2024-10-13T10:33:18.859+0000] {logging_mixin.py:190} INFO - [2024-10-13T10:33:18.859+0000] {override.py:1900} INFO - Created Permission View: menu access on DAG Run:dataset_s3_bucket_consumer
[2024-10-13T10:33:18.862+0000] {logging_mixin.py:190} INFO - [2024-10-13T10:33:18.862+0000] {override.py:1900} INFO - Created Permission View: can read on DAG Run:dataset_s3_bucket_consumer
[2024-10-13T10:33:18.870+0000] {logging_mixin.py:190} INFO - [2024-10-13T10:33:18.870+0000] {override.py:1900} INFO - Created Permission View: can delete on DAG:dataset_alias_example_alias_producer
[2024-10-13T10:33:18.874+0000] {logging_mixin.py:190} INFO - [2024-10-13T10:33:18.873+0000] {override.py:1900} INFO - Created Permission View: can edit on DAG:dataset_alias_example_alias_producer
[2024-10-13T10:33:18.878+0000] {logging_mixin.py:190} INFO - [2024-10-13T10:33:18.878+0000] {override.py:1900} INFO - Created Permission View: can read on DAG:dataset_alias_example_alias_producer
[2024-10-13T10:33:18.884+0000] {logging_mixin.py:190} INFO - [2024-10-13T10:33:18.884+0000] {override.py:1900} INFO - Created Permission View: can create on DAG Run:dataset_alias_example_alias_producer
[2024-10-13T10:33:18.888+0000] {logging_mixin.py:190} INFO - [2024-10-13T10:33:18.888+0000] {override.py:1900} INFO - Created Permission View: can delete on DAG Run:dataset_alias_example_alias_producer
[2024-10-13T10:33:18.893+0000] {logging_mixin.py:190} INFO - [2024-10-13T10:33:18.893+0000] {override.py:1900} INFO - Created Permission View: menu access on DAG Run:dataset_alias_example_alias_producer
[2024-10-13T10:33:18.898+0000] {logging_mixin.py:190} INFO - [2024-10-13T10:33:18.898+0000] {override.py:1900} INFO - Created Permission View: can read on DAG Run:dataset_alias_example_alias_producer
[2024-10-13T10:33:18.905+0000] {logging_mixin.py:190} INFO - [2024-10-13T10:33:18.905+0000] {override.py:1900} INFO - Created Permission View: can delete on DAG:dataset_s3_bucket_producer
[2024-10-13T10:33:18.909+0000] {logging_mixin.py:190} INFO - [2024-10-13T10:33:18.909+0000] {override.py:1900} INFO - Created Permission View: can edit on DAG:dataset_s3_bucket_producer
[2024-10-13T10:33:18.912+0000] {logging_mixin.py:190} INFO - [2024-10-13T10:33:18.912+0000] {override.py:1900} INFO - Created Permission View: can read on DAG:dataset_s3_bucket_producer
[2024-10-13T10:33:18.916+0000] {logging_mixin.py:190} INFO - [2024-10-13T10:33:18.916+0000] {override.py:1900} INFO - Created Permission View: can create on DAG Run:dataset_s3_bucket_producer
[2024-10-13T10:33:18.921+0000] {logging_mixin.py:190} INFO - [2024-10-13T10:33:18.921+0000] {override.py:1900} INFO - Created Permission View: can delete on DAG Run:dataset_s3_bucket_producer
[2024-10-13T10:33:18.925+0000] {logging_mixin.py:190} INFO - [2024-10-13T10:33:18.925+0000] {override.py:1900} INFO - Created Permission View: menu access on DAG Run:dataset_s3_bucket_producer
[2024-10-13T10:33:18.930+0000] {logging_mixin.py:190} INFO - [2024-10-13T10:33:18.930+0000] {override.py:1900} INFO - Created Permission View: can read on DAG Run:dataset_s3_bucket_producer
[2024-10-13T10:33:18.939+0000] {logging_mixin.py:190} INFO - [2024-10-13T10:33:18.939+0000] {override.py:1900} INFO - Created Permission View: can delete on DAG:dataset_alias_example_alias_consumer
[2024-10-13T10:33:18.944+0000] {logging_mixin.py:190} INFO - [2024-10-13T10:33:18.944+0000] {override.py:1900} INFO - Created Permission View: can edit on DAG:dataset_alias_example_alias_consumer
[2024-10-13T10:33:18.949+0000] {logging_mixin.py:190} INFO - [2024-10-13T10:33:18.949+0000] {override.py:1900} INFO - Created Permission View: can read on DAG:dataset_alias_example_alias_consumer
[2024-10-13T10:33:18.956+0000] {logging_mixin.py:190} INFO - [2024-10-13T10:33:18.956+0000] {override.py:1900} INFO - Created Permission View: can create on DAG Run:dataset_alias_example_alias_consumer
[2024-10-13T10:33:18.960+0000] {logging_mixin.py:190} INFO - [2024-10-13T10:33:18.960+0000] {override.py:1900} INFO - Created Permission View: can delete on DAG Run:dataset_alias_example_alias_consumer
[2024-10-13T10:33:18.964+0000] {logging_mixin.py:190} INFO - [2024-10-13T10:33:18.964+0000] {override.py:1900} INFO - Created Permission View: menu access on DAG Run:dataset_alias_example_alias_consumer
[2024-10-13T10:33:18.968+0000] {logging_mixin.py:190} INFO - [2024-10-13T10:33:18.968+0000] {override.py:1900} INFO - Created Permission View: can read on DAG Run:dataset_alias_example_alias_consumer
[2024-10-13T10:33:18.968+0000] {logging_mixin.py:190} INFO - [2024-10-13T10:33:18.968+0000] {dag.py:3239} INFO - Sync 4 DAGs
[2024-10-13T10:33:18.974+0000] {logging_mixin.py:190} INFO - [2024-10-13T10:33:18.974+0000] {dag.py:3262} INFO - Creating ORM DAG for dataset_s3_bucket_consumer
[2024-10-13T10:33:18.974+0000] {logging_mixin.py:190} INFO - [2024-10-13T10:33:18.974+0000] {dag.py:3262} INFO - Creating ORM DAG for dataset_s3_bucket_producer
[2024-10-13T10:33:18.975+0000] {logging_mixin.py:190} INFO - [2024-10-13T10:33:18.975+0000] {dag.py:3262} INFO - Creating ORM DAG for dataset_alias_example_alias_producer
[2024-10-13T10:33:18.975+0000] {logging_mixin.py:190} INFO - [2024-10-13T10:33:18.975+0000] {dag.py:3262} INFO - Creating ORM DAG for dataset_alias_example_alias_consumer
[2024-10-13T10:33:18.978+0000] {logging_mixin.py:190} INFO - [2024-10-13T10:33:18.978+0000] {dag.py:4180} INFO - Setting next_dagrun for dataset_alias_example_alias_consumer to None, run_after=None
[2024-10-13T10:33:18.978+0000] {logging_mixin.py:190} INFO - [2024-10-13T10:33:18.978+0000] {dag.py:4180} INFO - Setting next_dagrun for dataset_alias_example_alias_producer to None, run_after=None
[2024-10-13T10:33:18.978+0000] {logging_mixin.py:190} INFO - [2024-10-13T10:33:18.978+0000] {dag.py:4180} INFO - Setting next_dagrun for dataset_s3_bucket_consumer to None, run_after=None
[2024-10-13T10:33:18.979+0000] {logging_mixin.py:190} INFO - [2024-10-13T10:33:18.978+0000] {dag.py:4180} INFO - Setting next_dagrun for dataset_s3_bucket_producer to None, run_after=None
[2024-10-13T10:33:18.989+0000] {processor.py:208} INFO - Processing /home/dblab/haeun/mlops/ml_airflow/ex1/venv/lib/python3.11/site-packages/airflow/example_dags/example_dataset_alias.py took 0.198 seconds
[2024-10-13T10:33:49.251+0000] {processor.py:186} INFO - Started process (PID=50940) to work on /home/dblab/haeun/mlops/ml_airflow/ex1/venv/lib/python3.11/site-packages/airflow/example_dags/example_dataset_alias.py
[2024-10-13T10:33:49.251+0000] {processor.py:914} INFO - Processing file /home/dblab/haeun/mlops/ml_airflow/ex1/venv/lib/python3.11/site-packages/airflow/example_dags/example_dataset_alias.py for tasks to queue
[2024-10-13T10:33:49.252+0000] {logging_mixin.py:190} INFO - [2024-10-13T10:33:49.252+0000] {dagbag.py:588} INFO - Filling up the DagBag from /home/dblab/haeun/mlops/ml_airflow/ex1/venv/lib/python3.11/site-packages/airflow/example_dags/example_dataset_alias.py
[2024-10-13T10:33:49.264+0000] {processor.py:925} INFO - DAG(s) 'dataset_alias_example_alias_consumer', 'dataset_alias_example_alias_producer', 'dataset_s3_bucket_producer', 'dataset_s3_bucket_consumer' retrieved from /home/dblab/haeun/mlops/ml_airflow/ex1/venv/lib/python3.11/site-packages/airflow/example_dags/example_dataset_alias.py
[2024-10-13T10:33:49.271+0000] {logging_mixin.py:190} INFO - [2024-10-13T10:33:49.271+0000] {dag.py:3239} INFO - Sync 4 DAGs
[2024-10-13T10:33:49.279+0000] {logging_mixin.py:190} INFO - [2024-10-13T10:33:49.279+0000] {dag.py:4180} INFO - Setting next_dagrun for dataset_alias_example_alias_consumer to None, run_after=None
[2024-10-13T10:33:49.280+0000] {logging_mixin.py:190} INFO - [2024-10-13T10:33:49.280+0000] {dag.py:4180} INFO - Setting next_dagrun for dataset_alias_example_alias_producer to None, run_after=None
[2024-10-13T10:33:49.281+0000] {logging_mixin.py:190} INFO - [2024-10-13T10:33:49.281+0000] {dag.py:4180} INFO - Setting next_dagrun for dataset_s3_bucket_consumer to None, run_after=None
[2024-10-13T10:33:49.281+0000] {logging_mixin.py:190} INFO - [2024-10-13T10:33:49.281+0000] {dag.py:4180} INFO - Setting next_dagrun for dataset_s3_bucket_producer to None, run_after=None
[2024-10-13T10:33:49.288+0000] {processor.py:208} INFO - Processing /home/dblab/haeun/mlops/ml_airflow/ex1/venv/lib/python3.11/site-packages/airflow/example_dags/example_dataset_alias.py took 0.039 seconds
