[2024-10-13T10:33:17.953+0000] {processor.py:186} INFO - Started process (PID=50355) to work on /home/dblab/haeun/mlops/ml_airflow/ex1/venv/lib/python3.11/site-packages/airflow/example_dags/example_subdag_operator.py
[2024-10-13T10:33:17.953+0000] {processor.py:914} INFO - Processing file /home/dblab/haeun/mlops/ml_airflow/ex1/venv/lib/python3.11/site-packages/airflow/example_dags/example_subdag_operator.py for tasks to queue
[2024-10-13T10:33:17.954+0000] {logging_mixin.py:190} INFO - [2024-10-13T10:33:17.953+0000] {dagbag.py:588} INFO - Filling up the DagBag from /home/dblab/haeun/mlops/ml_airflow/ex1/venv/lib/python3.11/site-packages/airflow/example_dags/example_subdag_operator.py
[2024-10-13T10:33:17.965+0000] {processor.py:925} INFO - DAG(s) 'example_subdag_operator.section-1', 'example_subdag_operator.section-2', 'example_subdag_operator' retrieved from /home/dblab/haeun/mlops/ml_airflow/ex1/venv/lib/python3.11/site-packages/airflow/example_dags/example_subdag_operator.py
[2024-10-13T10:33:18.004+0000] {logging_mixin.py:190} INFO - [2024-10-13T10:33:18.004+0000] {override.py:1900} INFO - Created Permission View: can delete on DAG:example_subdag_operator
[2024-10-13T10:33:18.009+0000] {logging_mixin.py:190} INFO - [2024-10-13T10:33:18.009+0000] {override.py:1900} INFO - Created Permission View: can edit on DAG:example_subdag_operator
[2024-10-13T10:33:18.012+0000] {logging_mixin.py:190} INFO - [2024-10-13T10:33:18.012+0000] {override.py:1900} INFO - Created Permission View: can read on DAG:example_subdag_operator
[2024-10-13T10:33:18.015+0000] {logging_mixin.py:190} INFO - [2024-10-13T10:33:18.015+0000] {override.py:1900} INFO - Created Permission View: can create on DAG Run:example_subdag_operator
[2024-10-13T10:33:18.018+0000] {logging_mixin.py:190} INFO - [2024-10-13T10:33:18.018+0000] {override.py:1900} INFO - Created Permission View: can delete on DAG Run:example_subdag_operator
[2024-10-13T10:33:18.022+0000] {logging_mixin.py:190} INFO - [2024-10-13T10:33:18.022+0000] {override.py:1900} INFO - Created Permission View: menu access on DAG Run:example_subdag_operator
[2024-10-13T10:33:18.027+0000] {logging_mixin.py:190} INFO - [2024-10-13T10:33:18.027+0000] {override.py:1900} INFO - Created Permission View: can read on DAG Run:example_subdag_operator
[2024-10-13T10:33:18.027+0000] {logging_mixin.py:190} INFO - [2024-10-13T10:33:18.027+0000] {dag.py:3239} INFO - Sync 3 DAGs
[2024-10-13T10:33:18.032+0000] {logging_mixin.py:190} INFO - [2024-10-13T10:33:18.032+0000] {dag.py:3262} INFO - Creating ORM DAG for example_subdag_operator.section-1
[2024-10-13T10:33:18.032+0000] {logging_mixin.py:190} INFO - [2024-10-13T10:33:18.032+0000] {dag.py:3262} INFO - Creating ORM DAG for example_subdag_operator
[2024-10-13T10:33:18.033+0000] {logging_mixin.py:190} INFO - [2024-10-13T10:33:18.033+0000] {dag.py:3262} INFO - Creating ORM DAG for example_subdag_operator.section-2
[2024-10-13T10:33:18.036+0000] {logging_mixin.py:190} INFO - [2024-10-13T10:33:18.036+0000] {dag.py:4180} INFO - Setting next_dagrun for example_subdag_operator to 2022-01-01 00:00:00+00:00, run_after=2022-01-01 00:00:00+00:00
[2024-10-13T10:33:18.036+0000] {logging_mixin.py:190} INFO - [2024-10-13T10:33:18.036+0000] {dag.py:4180} INFO - Setting next_dagrun for example_subdag_operator.section-1 to None, run_after=None
[2024-10-13T10:33:18.036+0000] {logging_mixin.py:190} INFO - [2024-10-13T10:33:18.036+0000] {dag.py:4180} INFO - Setting next_dagrun for example_subdag_operator.section-2 to None, run_after=None
[2024-10-13T10:33:18.040+0000] {logging_mixin.py:190} INFO - [2024-10-13T10:33:18.040+0000] {dag.py:3239} INFO - Sync 2 DAGs
[2024-10-13T10:33:18.042+0000] {logging_mixin.py:190} INFO - [2024-10-13T10:33:18.042+0000] {dag.py:4180} INFO - Setting next_dagrun for example_subdag_operator.section-1 to None, run_after=None
[2024-10-13T10:33:18.043+0000] {logging_mixin.py:190} INFO - [2024-10-13T10:33:18.043+0000] {dag.py:4180} INFO - Setting next_dagrun for example_subdag_operator.section-2 to None, run_after=None
[2024-10-13T10:33:18.050+0000] {processor.py:208} INFO - Processing /home/dblab/haeun/mlops/ml_airflow/ex1/venv/lib/python3.11/site-packages/airflow/example_dags/example_subdag_operator.py took 0.099 seconds
[2024-10-13T10:33:48.905+0000] {processor.py:186} INFO - Started process (PID=50844) to work on /home/dblab/haeun/mlops/ml_airflow/ex1/venv/lib/python3.11/site-packages/airflow/example_dags/example_subdag_operator.py
[2024-10-13T10:33:48.905+0000] {processor.py:914} INFO - Processing file /home/dblab/haeun/mlops/ml_airflow/ex1/venv/lib/python3.11/site-packages/airflow/example_dags/example_subdag_operator.py for tasks to queue
[2024-10-13T10:33:48.906+0000] {logging_mixin.py:190} INFO - [2024-10-13T10:33:48.906+0000] {dagbag.py:588} INFO - Filling up the DagBag from /home/dblab/haeun/mlops/ml_airflow/ex1/venv/lib/python3.11/site-packages/airflow/example_dags/example_subdag_operator.py
[2024-10-13T10:33:48.917+0000] {processor.py:925} INFO - DAG(s) 'example_subdag_operator.section-1', 'example_subdag_operator.section-2', 'example_subdag_operator' retrieved from /home/dblab/haeun/mlops/ml_airflow/ex1/venv/lib/python3.11/site-packages/airflow/example_dags/example_subdag_operator.py
[2024-10-13T10:33:48.922+0000] {logging_mixin.py:190} INFO - [2024-10-13T10:33:48.922+0000] {dag.py:3239} INFO - Sync 3 DAGs
[2024-10-13T10:33:48.931+0000] {logging_mixin.py:190} INFO - [2024-10-13T10:33:48.931+0000] {dag.py:4180} INFO - Setting next_dagrun for example_subdag_operator to 2022-01-01 00:00:00+00:00, run_after=2022-01-01 00:00:00+00:00
[2024-10-13T10:33:48.932+0000] {logging_mixin.py:190} INFO - [2024-10-13T10:33:48.932+0000] {dag.py:4180} INFO - Setting next_dagrun for example_subdag_operator.section-1 to None, run_after=None
[2024-10-13T10:33:48.932+0000] {logging_mixin.py:190} INFO - [2024-10-13T10:33:48.932+0000] {dag.py:4180} INFO - Setting next_dagrun for example_subdag_operator.section-2 to None, run_after=None
[2024-10-13T10:33:48.935+0000] {logging_mixin.py:190} INFO - [2024-10-13T10:33:48.935+0000] {dag.py:3239} INFO - Sync 2 DAGs
[2024-10-13T10:33:48.936+0000] {logging_mixin.py:190} INFO - [2024-10-13T10:33:48.936+0000] {dag.py:4180} INFO - Setting next_dagrun for example_subdag_operator.section-1 to None, run_after=None
[2024-10-13T10:33:48.937+0000] {logging_mixin.py:190} INFO - [2024-10-13T10:33:48.936+0000] {dag.py:4180} INFO - Setting next_dagrun for example_subdag_operator.section-2 to None, run_after=None
[2024-10-13T10:33:48.946+0000] {processor.py:208} INFO - Processing /home/dblab/haeun/mlops/ml_airflow/ex1/venv/lib/python3.11/site-packages/airflow/example_dags/example_subdag_operator.py took 0.043 seconds
