[2024-10-13T10:33:19.196+0000] {processor.py:186} INFO - Started process (PID=50477) to work on /home/dblab/haeun/mlops/ml_airflow/ex1/venv/lib/python3.11/site-packages/airflow/example_dags/example_branch_labels.py
[2024-10-13T10:33:19.196+0000] {processor.py:914} INFO - Processing file /home/dblab/haeun/mlops/ml_airflow/ex1/venv/lib/python3.11/site-packages/airflow/example_dags/example_branch_labels.py for tasks to queue
[2024-10-13T10:33:19.197+0000] {logging_mixin.py:190} INFO - [2024-10-13T10:33:19.197+0000] {dagbag.py:588} INFO - Filling up the DagBag from /home/dblab/haeun/mlops/ml_airflow/ex1/venv/lib/python3.11/site-packages/airflow/example_dags/example_branch_labels.py
[2024-10-13T10:33:19.201+0000] {processor.py:925} INFO - DAG(s) 'example_branch_labels' retrieved from /home/dblab/haeun/mlops/ml_airflow/ex1/venv/lib/python3.11/site-packages/airflow/example_dags/example_branch_labels.py
[2024-10-13T10:33:19.247+0000] {logging_mixin.py:190} INFO - [2024-10-13T10:33:19.247+0000] {override.py:1900} INFO - Created Permission View: can delete on DAG:example_branch_labels
[2024-10-13T10:33:19.253+0000] {logging_mixin.py:190} INFO - [2024-10-13T10:33:19.253+0000] {override.py:1900} INFO - Created Permission View: can edit on DAG:example_branch_labels
[2024-10-13T10:33:19.256+0000] {logging_mixin.py:190} INFO - [2024-10-13T10:33:19.256+0000] {override.py:1900} INFO - Created Permission View: can read on DAG:example_branch_labels
[2024-10-13T10:33:19.260+0000] {logging_mixin.py:190} INFO - [2024-10-13T10:33:19.260+0000] {override.py:1900} INFO - Created Permission View: can create on DAG Run:example_branch_labels
[2024-10-13T10:33:19.263+0000] {logging_mixin.py:190} INFO - [2024-10-13T10:33:19.263+0000] {override.py:1900} INFO - Created Permission View: can delete on DAG Run:example_branch_labels
[2024-10-13T10:33:19.266+0000] {logging_mixin.py:190} INFO - [2024-10-13T10:33:19.266+0000] {override.py:1900} INFO - Created Permission View: menu access on DAG Run:example_branch_labels
[2024-10-13T10:33:19.270+0000] {logging_mixin.py:190} INFO - [2024-10-13T10:33:19.270+0000] {override.py:1900} INFO - Created Permission View: can read on DAG Run:example_branch_labels
[2024-10-13T10:33:19.270+0000] {logging_mixin.py:190} INFO - [2024-10-13T10:33:19.270+0000] {dag.py:3239} INFO - Sync 1 DAGs
[2024-10-13T10:33:19.274+0000] {logging_mixin.py:190} INFO - [2024-10-13T10:33:19.274+0000] {dag.py:3262} INFO - Creating ORM DAG for example_branch_labels
[2024-10-13T10:33:19.278+0000] {logging_mixin.py:190} INFO - [2024-10-13T10:33:19.278+0000] {dag.py:4180} INFO - Setting next_dagrun for example_branch_labels to 2024-10-12 00:00:00+00:00, run_after=2024-10-13 00:00:00+00:00
[2024-10-13T10:33:19.285+0000] {processor.py:208} INFO - Processing /home/dblab/haeun/mlops/ml_airflow/ex1/venv/lib/python3.11/site-packages/airflow/example_dags/example_branch_labels.py took 0.091 seconds
[2024-10-13T10:33:49.335+0000] {processor.py:186} INFO - Started process (PID=50964) to work on /home/dblab/haeun/mlops/ml_airflow/ex1/venv/lib/python3.11/site-packages/airflow/example_dags/example_branch_labels.py
[2024-10-13T10:33:49.336+0000] {processor.py:914} INFO - Processing file /home/dblab/haeun/mlops/ml_airflow/ex1/venv/lib/python3.11/site-packages/airflow/example_dags/example_branch_labels.py for tasks to queue
[2024-10-13T10:33:49.336+0000] {logging_mixin.py:190} INFO - [2024-10-13T10:33:49.336+0000] {dagbag.py:588} INFO - Filling up the DagBag from /home/dblab/haeun/mlops/ml_airflow/ex1/venv/lib/python3.11/site-packages/airflow/example_dags/example_branch_labels.py
[2024-10-13T10:33:49.340+0000] {processor.py:925} INFO - DAG(s) 'example_branch_labels' retrieved from /home/dblab/haeun/mlops/ml_airflow/ex1/venv/lib/python3.11/site-packages/airflow/example_dags/example_branch_labels.py
[2024-10-13T10:33:49.350+0000] {logging_mixin.py:190} INFO - [2024-10-13T10:33:49.350+0000] {dag.py:3239} INFO - Sync 1 DAGs
[2024-10-13T10:33:49.358+0000] {logging_mixin.py:190} INFO - [2024-10-13T10:33:49.358+0000] {dag.py:4180} INFO - Setting next_dagrun for example_branch_labels to 2024-10-12 00:00:00+00:00, run_after=2024-10-13 00:00:00+00:00
[2024-10-13T10:33:49.364+0000] {processor.py:208} INFO - Processing /home/dblab/haeun/mlops/ml_airflow/ex1/venv/lib/python3.11/site-packages/airflow/example_dags/example_branch_labels.py took 0.031 seconds
