[2024-10-13T10:33:18.238+0000] {processor.py:186} INFO - Started process (PID=50385) to work on /home/dblab/haeun/mlops/ml_airflow/ex1/venv/lib/python3.11/site-packages/airflow/example_dags/example_sla_dag.py
[2024-10-13T10:33:18.238+0000] {processor.py:914} INFO - Processing file /home/dblab/haeun/mlops/ml_airflow/ex1/venv/lib/python3.11/site-packages/airflow/example_dags/example_sla_dag.py for tasks to queue
[2024-10-13T10:33:18.239+0000] {logging_mixin.py:190} INFO - [2024-10-13T10:33:18.239+0000] {dagbag.py:588} INFO - Filling up the DagBag from /home/dblab/haeun/mlops/ml_airflow/ex1/venv/lib/python3.11/site-packages/airflow/example_dags/example_sla_dag.py
[2024-10-13T10:33:18.243+0000] {processor.py:925} INFO - DAG(s) 'example_sla_dag' retrieved from /home/dblab/haeun/mlops/ml_airflow/ex1/venv/lib/python3.11/site-packages/airflow/example_dags/example_sla_dag.py
[2024-10-13T10:33:18.286+0000] {logging_mixin.py:190} INFO - [2024-10-13T10:33:18.286+0000] {override.py:1900} INFO - Created Permission View: can delete on DAG:example_sla_dag
[2024-10-13T10:33:18.292+0000] {logging_mixin.py:190} INFO - [2024-10-13T10:33:18.292+0000] {override.py:1900} INFO - Created Permission View: can edit on DAG:example_sla_dag
[2024-10-13T10:33:18.297+0000] {logging_mixin.py:190} INFO - [2024-10-13T10:33:18.297+0000] {override.py:1900} INFO - Created Permission View: can read on DAG:example_sla_dag
[2024-10-13T10:33:18.300+0000] {logging_mixin.py:190} INFO - [2024-10-13T10:33:18.300+0000] {override.py:1900} INFO - Created Permission View: can create on DAG Run:example_sla_dag
[2024-10-13T10:33:18.303+0000] {logging_mixin.py:190} INFO - [2024-10-13T10:33:18.303+0000] {override.py:1900} INFO - Created Permission View: can delete on DAG Run:example_sla_dag
[2024-10-13T10:33:18.306+0000] {logging_mixin.py:190} INFO - [2024-10-13T10:33:18.306+0000] {override.py:1900} INFO - Created Permission View: menu access on DAG Run:example_sla_dag
[2024-10-13T10:33:18.308+0000] {logging_mixin.py:190} INFO - [2024-10-13T10:33:18.308+0000] {override.py:1900} INFO - Created Permission View: can read on DAG Run:example_sla_dag
[2024-10-13T10:33:18.308+0000] {logging_mixin.py:190} INFO - [2024-10-13T10:33:18.308+0000] {dag.py:3239} INFO - Sync 1 DAGs
[2024-10-13T10:33:18.312+0000] {logging_mixin.py:190} INFO - [2024-10-13T10:33:18.312+0000] {dag.py:3262} INFO - Creating ORM DAG for example_sla_dag
[2024-10-13T10:33:18.317+0000] {logging_mixin.py:190} INFO - [2024-10-13T10:33:18.317+0000] {dag.py:4180} INFO - Setting next_dagrun for example_sla_dag to 2024-10-13 10:30:00+00:00, run_after=2024-10-13 10:32:00+00:00
[2024-10-13T10:33:18.326+0000] {processor.py:208} INFO - Processing /home/dblab/haeun/mlops/ml_airflow/ex1/venv/lib/python3.11/site-packages/airflow/example_dags/example_sla_dag.py took 0.090 seconds
[2024-10-13T10:33:49.007+0000] {processor.py:186} INFO - Started process (PID=50874) to work on /home/dblab/haeun/mlops/ml_airflow/ex1/venv/lib/python3.11/site-packages/airflow/example_dags/example_sla_dag.py
[2024-10-13T10:33:49.008+0000] {processor.py:914} INFO - Processing file /home/dblab/haeun/mlops/ml_airflow/ex1/venv/lib/python3.11/site-packages/airflow/example_dags/example_sla_dag.py for tasks to queue
[2024-10-13T10:33:49.008+0000] {logging_mixin.py:190} INFO - [2024-10-13T10:33:49.008+0000] {dagbag.py:588} INFO - Filling up the DagBag from /home/dblab/haeun/mlops/ml_airflow/ex1/venv/lib/python3.11/site-packages/airflow/example_dags/example_sla_dag.py
[2024-10-13T10:33:49.012+0000] {processor.py:925} INFO - DAG(s) 'example_sla_dag' retrieved from /home/dblab/haeun/mlops/ml_airflow/ex1/venv/lib/python3.11/site-packages/airflow/example_dags/example_sla_dag.py
[2024-10-13T10:33:49.022+0000] {logging_mixin.py:190} INFO - [2024-10-13T10:33:49.022+0000] {dag.py:3239} INFO - Sync 1 DAGs
[2024-10-13T10:33:49.031+0000] {logging_mixin.py:190} INFO - [2024-10-13T10:33:49.031+0000] {dag.py:4180} INFO - Setting next_dagrun for example_sla_dag to 2024-10-13 10:30:00+00:00, run_after=2024-10-13 10:32:00+00:00
[2024-10-13T10:33:49.037+0000] {processor.py:208} INFO - Processing /home/dblab/haeun/mlops/ml_airflow/ex1/venv/lib/python3.11/site-packages/airflow/example_dags/example_sla_dag.py took 0.032 seconds
