[2024-10-13T10:33:18.444+0000] {processor.py:186} INFO - Started process (PID=50415) to work on /home/dblab/haeun/mlops/ml_airflow/ex1/venv/lib/python3.11/site-packages/airflow/example_dags/example_inlet_event_extra.py
[2024-10-13T10:33:18.444+0000] {processor.py:914} INFO - Processing file /home/dblab/haeun/mlops/ml_airflow/ex1/venv/lib/python3.11/site-packages/airflow/example_dags/example_inlet_event_extra.py for tasks to queue
[2024-10-13T10:33:18.445+0000] {logging_mixin.py:190} INFO - [2024-10-13T10:33:18.445+0000] {dagbag.py:588} INFO - Filling up the DagBag from /home/dblab/haeun/mlops/ml_airflow/ex1/venv/lib/python3.11/site-packages/airflow/example_dags/example_inlet_event_extra.py
[2024-10-13T10:33:18.450+0000] {processor.py:925} INFO - DAG(s) 'read_dataset_event', 'read_dataset_event_from_classic' retrieved from /home/dblab/haeun/mlops/ml_airflow/ex1/venv/lib/python3.11/site-packages/airflow/example_dags/example_inlet_event_extra.py
[2024-10-13T10:33:18.495+0000] {logging_mixin.py:190} INFO - [2024-10-13T10:33:18.494+0000] {override.py:1900} INFO - Created Permission View: can delete on DAG:read_dataset_event
[2024-10-13T10:33:18.500+0000] {logging_mixin.py:190} INFO - [2024-10-13T10:33:18.500+0000] {override.py:1900} INFO - Created Permission View: can edit on DAG:read_dataset_event
[2024-10-13T10:33:18.504+0000] {logging_mixin.py:190} INFO - [2024-10-13T10:33:18.504+0000] {override.py:1900} INFO - Created Permission View: can read on DAG:read_dataset_event
[2024-10-13T10:33:18.510+0000] {logging_mixin.py:190} INFO - [2024-10-13T10:33:18.510+0000] {override.py:1900} INFO - Created Permission View: can create on DAG Run:read_dataset_event
[2024-10-13T10:33:18.515+0000] {logging_mixin.py:190} INFO - [2024-10-13T10:33:18.514+0000] {override.py:1900} INFO - Created Permission View: can delete on DAG Run:read_dataset_event
[2024-10-13T10:33:18.518+0000] {logging_mixin.py:190} INFO - [2024-10-13T10:33:18.518+0000] {override.py:1900} INFO - Created Permission View: menu access on DAG Run:read_dataset_event
[2024-10-13T10:33:18.522+0000] {logging_mixin.py:190} INFO - [2024-10-13T10:33:18.522+0000] {override.py:1900} INFO - Created Permission View: can read on DAG Run:read_dataset_event
[2024-10-13T10:33:18.530+0000] {logging_mixin.py:190} INFO - [2024-10-13T10:33:18.529+0000] {override.py:1900} INFO - Created Permission View: can delete on DAG:read_dataset_event_from_classic
[2024-10-13T10:33:18.532+0000] {logging_mixin.py:190} INFO - [2024-10-13T10:33:18.532+0000] {override.py:1900} INFO - Created Permission View: can edit on DAG:read_dataset_event_from_classic
[2024-10-13T10:33:18.535+0000] {logging_mixin.py:190} INFO - [2024-10-13T10:33:18.535+0000] {override.py:1900} INFO - Created Permission View: can read on DAG:read_dataset_event_from_classic
[2024-10-13T10:33:18.540+0000] {logging_mixin.py:190} INFO - [2024-10-13T10:33:18.540+0000] {override.py:1900} INFO - Created Permission View: can create on DAG Run:read_dataset_event_from_classic
[2024-10-13T10:33:18.546+0000] {logging_mixin.py:190} INFO - [2024-10-13T10:33:18.546+0000] {override.py:1900} INFO - Created Permission View: can delete on DAG Run:read_dataset_event_from_classic
[2024-10-13T10:33:18.551+0000] {logging_mixin.py:190} INFO - [2024-10-13T10:33:18.551+0000] {override.py:1900} INFO - Created Permission View: menu access on DAG Run:read_dataset_event_from_classic
[2024-10-13T10:33:18.556+0000] {logging_mixin.py:190} INFO - [2024-10-13T10:33:18.556+0000] {override.py:1900} INFO - Created Permission View: can read on DAG Run:read_dataset_event_from_classic
[2024-10-13T10:33:18.556+0000] {logging_mixin.py:190} INFO - [2024-10-13T10:33:18.556+0000] {dag.py:3239} INFO - Sync 2 DAGs
[2024-10-13T10:33:18.561+0000] {logging_mixin.py:190} INFO - [2024-10-13T10:33:18.561+0000] {dag.py:3262} INFO - Creating ORM DAG for read_dataset_event
[2024-10-13T10:33:18.561+0000] {logging_mixin.py:190} INFO - [2024-10-13T10:33:18.561+0000] {dag.py:3262} INFO - Creating ORM DAG for read_dataset_event_from_classic
[2024-10-13T10:33:18.565+0000] {logging_mixin.py:190} INFO - [2024-10-13T10:33:18.565+0000] {dag.py:4180} INFO - Setting next_dagrun for read_dataset_event to 2024-10-12 00:00:00+00:00, run_after=2024-10-13 00:00:00+00:00
[2024-10-13T10:33:18.566+0000] {logging_mixin.py:190} INFO - [2024-10-13T10:33:18.566+0000] {dag.py:4180} INFO - Setting next_dagrun for read_dataset_event_from_classic to 2024-10-12 00:00:00+00:00, run_after=2024-10-13 00:00:00+00:00
[2024-10-13T10:33:18.573+0000] {processor.py:208} INFO - Processing /home/dblab/haeun/mlops/ml_airflow/ex1/venv/lib/python3.11/site-packages/airflow/example_dags/example_inlet_event_extra.py took 0.131 seconds
[2024-10-13T10:33:49.110+0000] {processor.py:186} INFO - Started process (PID=50906) to work on /home/dblab/haeun/mlops/ml_airflow/ex1/venv/lib/python3.11/site-packages/airflow/example_dags/example_inlet_event_extra.py
[2024-10-13T10:33:49.110+0000] {processor.py:914} INFO - Processing file /home/dblab/haeun/mlops/ml_airflow/ex1/venv/lib/python3.11/site-packages/airflow/example_dags/example_inlet_event_extra.py for tasks to queue
[2024-10-13T10:33:49.111+0000] {logging_mixin.py:190} INFO - [2024-10-13T10:33:49.111+0000] {dagbag.py:588} INFO - Filling up the DagBag from /home/dblab/haeun/mlops/ml_airflow/ex1/venv/lib/python3.11/site-packages/airflow/example_dags/example_inlet_event_extra.py
[2024-10-13T10:33:49.116+0000] {processor.py:925} INFO - DAG(s) 'read_dataset_event_from_classic', 'read_dataset_event' retrieved from /home/dblab/haeun/mlops/ml_airflow/ex1/venv/lib/python3.11/site-packages/airflow/example_dags/example_inlet_event_extra.py
[2024-10-13T10:33:49.126+0000] {logging_mixin.py:190} INFO - [2024-10-13T10:33:49.126+0000] {dag.py:3239} INFO - Sync 2 DAGs
[2024-10-13T10:33:49.135+0000] {logging_mixin.py:190} INFO - [2024-10-13T10:33:49.135+0000] {dag.py:4180} INFO - Setting next_dagrun for read_dataset_event to 2024-10-12 00:00:00+00:00, run_after=2024-10-13 00:00:00+00:00
[2024-10-13T10:33:49.136+0000] {logging_mixin.py:190} INFO - [2024-10-13T10:33:49.136+0000] {dag.py:4180} INFO - Setting next_dagrun for read_dataset_event_from_classic to 2024-10-12 00:00:00+00:00, run_after=2024-10-13 00:00:00+00:00
[2024-10-13T10:33:49.142+0000] {processor.py:208} INFO - Processing /home/dblab/haeun/mlops/ml_airflow/ex1/venv/lib/python3.11/site-packages/airflow/example_dags/example_inlet_event_extra.py took 0.034 seconds
