[2024-10-13T10:33:18.480+0000] {processor.py:186} INFO - Started process (PID=50427) to work on /home/dblab/haeun/mlops/ml_airflow/ex1/venv/lib/python3.11/site-packages/airflow/example_dags/example_bash_operator.py
[2024-10-13T10:33:18.480+0000] {processor.py:914} INFO - Processing file /home/dblab/haeun/mlops/ml_airflow/ex1/venv/lib/python3.11/site-packages/airflow/example_dags/example_bash_operator.py for tasks to queue
[2024-10-13T10:33:18.481+0000] {logging_mixin.py:190} INFO - [2024-10-13T10:33:18.481+0000] {dagbag.py:588} INFO - Filling up the DagBag from /home/dblab/haeun/mlops/ml_airflow/ex1/venv/lib/python3.11/site-packages/airflow/example_dags/example_bash_operator.py
[2024-10-13T10:33:18.486+0000] {processor.py:925} INFO - DAG(s) 'example_bash_operator' retrieved from /home/dblab/haeun/mlops/ml_airflow/ex1/venv/lib/python3.11/site-packages/airflow/example_dags/example_bash_operator.py
[2024-10-13T10:33:18.531+0000] {logging_mixin.py:190} INFO - [2024-10-13T10:33:18.531+0000] {override.py:1900} INFO - Created Permission View: can delete on DAG:example_bash_operator
[2024-10-13T10:33:18.536+0000] {logging_mixin.py:190} INFO - [2024-10-13T10:33:18.536+0000] {override.py:1900} INFO - Created Permission View: can edit on DAG:example_bash_operator
[2024-10-13T10:33:18.538+0000] {logging_mixin.py:190} INFO - [2024-10-13T10:33:18.538+0000] {override.py:1900} INFO - Created Permission View: can read on DAG:example_bash_operator
[2024-10-13T10:33:18.544+0000] {logging_mixin.py:190} INFO - [2024-10-13T10:33:18.543+0000] {override.py:1900} INFO - Created Permission View: can create on DAG Run:example_bash_operator
[2024-10-13T10:33:18.548+0000] {logging_mixin.py:190} INFO - [2024-10-13T10:33:18.548+0000] {override.py:1900} INFO - Created Permission View: can delete on DAG Run:example_bash_operator
[2024-10-13T10:33:18.553+0000] {logging_mixin.py:190} INFO - [2024-10-13T10:33:18.553+0000] {override.py:1900} INFO - Created Permission View: menu access on DAG Run:example_bash_operator
[2024-10-13T10:33:18.558+0000] {logging_mixin.py:190} INFO - [2024-10-13T10:33:18.558+0000] {override.py:1900} INFO - Created Permission View: can read on DAG Run:example_bash_operator
[2024-10-13T10:33:18.559+0000] {logging_mixin.py:190} INFO - [2024-10-13T10:33:18.558+0000] {dag.py:3239} INFO - Sync 1 DAGs
[2024-10-13T10:33:18.564+0000] {logging_mixin.py:190} INFO - [2024-10-13T10:33:18.563+0000] {dag.py:3262} INFO - Creating ORM DAG for example_bash_operator
[2024-10-13T10:33:18.567+0000] {logging_mixin.py:190} INFO - [2024-10-13T10:33:18.567+0000] {dag.py:4180} INFO - Setting next_dagrun for example_bash_operator to 2024-10-12 00:00:00+00:00, run_after=2024-10-13 00:00:00+00:00
[2024-10-13T10:33:18.576+0000] {processor.py:208} INFO - Processing /home/dblab/haeun/mlops/ml_airflow/ex1/venv/lib/python3.11/site-packages/airflow/example_dags/example_bash_operator.py took 0.098 seconds
[2024-10-13T10:33:49.157+0000] {processor.py:186} INFO - Started process (PID=50915) to work on /home/dblab/haeun/mlops/ml_airflow/ex1/venv/lib/python3.11/site-packages/airflow/example_dags/example_bash_operator.py
[2024-10-13T10:33:49.157+0000] {processor.py:914} INFO - Processing file /home/dblab/haeun/mlops/ml_airflow/ex1/venv/lib/python3.11/site-packages/airflow/example_dags/example_bash_operator.py for tasks to queue
[2024-10-13T10:33:49.157+0000] {logging_mixin.py:190} INFO - [2024-10-13T10:33:49.157+0000] {dagbag.py:588} INFO - Filling up the DagBag from /home/dblab/haeun/mlops/ml_airflow/ex1/venv/lib/python3.11/site-packages/airflow/example_dags/example_bash_operator.py
[2024-10-13T10:33:49.162+0000] {processor.py:925} INFO - DAG(s) 'example_bash_operator' retrieved from /home/dblab/haeun/mlops/ml_airflow/ex1/venv/lib/python3.11/site-packages/airflow/example_dags/example_bash_operator.py
[2024-10-13T10:33:49.175+0000] {logging_mixin.py:190} INFO - [2024-10-13T10:33:49.175+0000] {dag.py:3239} INFO - Sync 1 DAGs
[2024-10-13T10:33:49.183+0000] {logging_mixin.py:190} INFO - [2024-10-13T10:33:49.183+0000] {dag.py:4180} INFO - Setting next_dagrun for example_bash_operator to 2024-10-12 00:00:00+00:00, run_after=2024-10-13 00:00:00+00:00
[2024-10-13T10:33:49.190+0000] {processor.py:208} INFO - Processing /home/dblab/haeun/mlops/ml_airflow/ex1/venv/lib/python3.11/site-packages/airflow/example_dags/example_bash_operator.py took 0.035 seconds
