[2024-10-13T10:33:18.682+0000] {processor.py:186} INFO - Started process (PID=50441) to work on /home/dblab/haeun/mlops/ml_airflow/ex1/venv/lib/python3.11/site-packages/airflow/example_dags/example_dag_decorator.py
[2024-10-13T10:33:18.682+0000] {processor.py:914} INFO - Processing file /home/dblab/haeun/mlops/ml_airflow/ex1/venv/lib/python3.11/site-packages/airflow/example_dags/example_dag_decorator.py for tasks to queue
[2024-10-13T10:33:18.683+0000] {logging_mixin.py:190} INFO - [2024-10-13T10:33:18.683+0000] {dagbag.py:588} INFO - Filling up the DagBag from /home/dblab/haeun/mlops/ml_airflow/ex1/venv/lib/python3.11/site-packages/airflow/example_dags/example_dag_decorator.py
[2024-10-13T10:33:18.688+0000] {processor.py:925} INFO - DAG(s) 'example_dag_decorator' retrieved from /home/dblab/haeun/mlops/ml_airflow/ex1/venv/lib/python3.11/site-packages/airflow/example_dags/example_dag_decorator.py
[2024-10-13T10:33:18.736+0000] {logging_mixin.py:190} INFO - [2024-10-13T10:33:18.735+0000] {override.py:1900} INFO - Created Permission View: can delete on DAG:example_dag_decorator
[2024-10-13T10:33:18.741+0000] {logging_mixin.py:190} INFO - [2024-10-13T10:33:18.741+0000] {override.py:1900} INFO - Created Permission View: can edit on DAG:example_dag_decorator
[2024-10-13T10:33:18.746+0000] {logging_mixin.py:190} INFO - [2024-10-13T10:33:18.746+0000] {override.py:1900} INFO - Created Permission View: can read on DAG:example_dag_decorator
[2024-10-13T10:33:18.756+0000] {logging_mixin.py:190} INFO - [2024-10-13T10:33:18.756+0000] {override.py:1900} INFO - Created Permission View: can create on DAG Run:example_dag_decorator
[2024-10-13T10:33:18.761+0000] {logging_mixin.py:190} INFO - [2024-10-13T10:33:18.761+0000] {override.py:1900} INFO - Created Permission View: can delete on DAG Run:example_dag_decorator
[2024-10-13T10:33:18.766+0000] {logging_mixin.py:190} INFO - [2024-10-13T10:33:18.766+0000] {override.py:1900} INFO - Created Permission View: menu access on DAG Run:example_dag_decorator
[2024-10-13T10:33:18.770+0000] {logging_mixin.py:190} INFO - [2024-10-13T10:33:18.770+0000] {override.py:1900} INFO - Created Permission View: can read on DAG Run:example_dag_decorator
[2024-10-13T10:33:18.770+0000] {logging_mixin.py:190} INFO - [2024-10-13T10:33:18.770+0000] {dag.py:3239} INFO - Sync 1 DAGs
[2024-10-13T10:33:18.776+0000] {logging_mixin.py:190} INFO - [2024-10-13T10:33:18.776+0000] {dag.py:3262} INFO - Creating ORM DAG for example_dag_decorator
[2024-10-13T10:33:18.776+0000] {logging_mixin.py:190} INFO - [2024-10-13T10:33:18.776+0000] {dag.py:4180} INFO - Setting next_dagrun for example_dag_decorator to None, run_after=None
[2024-10-13T10:33:18.783+0000] {processor.py:208} INFO - Processing /home/dblab/haeun/mlops/ml_airflow/ex1/venv/lib/python3.11/site-packages/airflow/example_dags/example_dag_decorator.py took 0.102 seconds
[2024-10-13T10:33:49.201+0000] {processor.py:186} INFO - Started process (PID=50928) to work on /home/dblab/haeun/mlops/ml_airflow/ex1/venv/lib/python3.11/site-packages/airflow/example_dags/example_dag_decorator.py
[2024-10-13T10:33:49.201+0000] {processor.py:914} INFO - Processing file /home/dblab/haeun/mlops/ml_airflow/ex1/venv/lib/python3.11/site-packages/airflow/example_dags/example_dag_decorator.py for tasks to queue
[2024-10-13T10:33:49.202+0000] {logging_mixin.py:190} INFO - [2024-10-13T10:33:49.202+0000] {dagbag.py:588} INFO - Filling up the DagBag from /home/dblab/haeun/mlops/ml_airflow/ex1/venv/lib/python3.11/site-packages/airflow/example_dags/example_dag_decorator.py
[2024-10-13T10:33:49.206+0000] {processor.py:925} INFO - DAG(s) 'example_dag_decorator' retrieved from /home/dblab/haeun/mlops/ml_airflow/ex1/venv/lib/python3.11/site-packages/airflow/example_dags/example_dag_decorator.py
[2024-10-13T10:33:49.248+0000] {logging_mixin.py:190} INFO - [2024-10-13T10:33:49.248+0000] {dag.py:3239} INFO - Sync 1 DAGs
[2024-10-13T10:33:49.252+0000] {logging_mixin.py:190} INFO - [2024-10-13T10:33:49.252+0000] {dag.py:4180} INFO - Setting next_dagrun for example_dag_decorator to None, run_after=None
[2024-10-13T10:33:49.259+0000] {processor.py:208} INFO - Processing /home/dblab/haeun/mlops/ml_airflow/ex1/venv/lib/python3.11/site-packages/airflow/example_dags/example_dag_decorator.py took 0.061 seconds
