[2024-10-13T10:33:19.880+0000] {processor.py:186} INFO - Started process (PID=50535) to work on /home/dblab/haeun/mlops/ml_airflow/ex1/venv/lib/python3.11/site-packages/airflow/example_dags/example_params_trigger_ui.py
[2024-10-13T10:33:19.880+0000] {processor.py:914} INFO - Processing file /home/dblab/haeun/mlops/ml_airflow/ex1/venv/lib/python3.11/site-packages/airflow/example_dags/example_params_trigger_ui.py for tasks to queue
[2024-10-13T10:33:19.881+0000] {logging_mixin.py:190} INFO - [2024-10-13T10:33:19.881+0000] {dagbag.py:588} INFO - Filling up the DagBag from /home/dblab/haeun/mlops/ml_airflow/ex1/venv/lib/python3.11/site-packages/airflow/example_dags/example_params_trigger_ui.py
[2024-10-13T10:33:19.885+0000] {processor.py:925} INFO - DAG(s) 'example_params_trigger_ui' retrieved from /home/dblab/haeun/mlops/ml_airflow/ex1/venv/lib/python3.11/site-packages/airflow/example_dags/example_params_trigger_ui.py
[2024-10-13T10:33:19.936+0000] {logging_mixin.py:190} INFO - [2024-10-13T10:33:19.936+0000] {override.py:1900} INFO - Created Permission View: can delete on DAG:example_params_trigger_ui
[2024-10-13T10:33:19.940+0000] {logging_mixin.py:190} INFO - [2024-10-13T10:33:19.940+0000] {override.py:1900} INFO - Created Permission View: can edit on DAG:example_params_trigger_ui
[2024-10-13T10:33:19.943+0000] {logging_mixin.py:190} INFO - [2024-10-13T10:33:19.943+0000] {override.py:1900} INFO - Created Permission View: can read on DAG:example_params_trigger_ui
[2024-10-13T10:33:19.946+0000] {logging_mixin.py:190} INFO - [2024-10-13T10:33:19.946+0000] {override.py:1900} INFO - Created Permission View: can create on DAG Run:example_params_trigger_ui
[2024-10-13T10:33:19.949+0000] {logging_mixin.py:190} INFO - [2024-10-13T10:33:19.949+0000] {override.py:1900} INFO - Created Permission View: can delete on DAG Run:example_params_trigger_ui
[2024-10-13T10:33:19.952+0000] {logging_mixin.py:190} INFO - [2024-10-13T10:33:19.952+0000] {override.py:1900} INFO - Created Permission View: menu access on DAG Run:example_params_trigger_ui
[2024-10-13T10:33:19.956+0000] {logging_mixin.py:190} INFO - [2024-10-13T10:33:19.955+0000] {override.py:1900} INFO - Created Permission View: can read on DAG Run:example_params_trigger_ui
[2024-10-13T10:33:19.956+0000] {logging_mixin.py:190} INFO - [2024-10-13T10:33:19.956+0000] {dag.py:3239} INFO - Sync 1 DAGs
[2024-10-13T10:33:19.960+0000] {logging_mixin.py:190} INFO - [2024-10-13T10:33:19.960+0000] {dag.py:3262} INFO - Creating ORM DAG for example_params_trigger_ui
[2024-10-13T10:33:19.960+0000] {logging_mixin.py:190} INFO - [2024-10-13T10:33:19.960+0000] {dag.py:4180} INFO - Setting next_dagrun for example_params_trigger_ui to None, run_after=None
[2024-10-13T10:33:19.968+0000] {processor.py:208} INFO - Processing /home/dblab/haeun/mlops/ml_airflow/ex1/venv/lib/python3.11/site-packages/airflow/example_dags/example_params_trigger_ui.py took 0.090 seconds
[2024-10-13T10:33:50.574+0000] {processor.py:186} INFO - Started process (PID=51027) to work on /home/dblab/haeun/mlops/ml_airflow/ex1/venv/lib/python3.11/site-packages/airflow/example_dags/example_params_trigger_ui.py
[2024-10-13T10:33:50.574+0000] {processor.py:914} INFO - Processing file /home/dblab/haeun/mlops/ml_airflow/ex1/venv/lib/python3.11/site-packages/airflow/example_dags/example_params_trigger_ui.py for tasks to queue
[2024-10-13T10:33:50.575+0000] {logging_mixin.py:190} INFO - [2024-10-13T10:33:50.575+0000] {dagbag.py:588} INFO - Filling up the DagBag from /home/dblab/haeun/mlops/ml_airflow/ex1/venv/lib/python3.11/site-packages/airflow/example_dags/example_params_trigger_ui.py
[2024-10-13T10:33:50.579+0000] {processor.py:925} INFO - DAG(s) 'example_params_trigger_ui' retrieved from /home/dblab/haeun/mlops/ml_airflow/ex1/venv/lib/python3.11/site-packages/airflow/example_dags/example_params_trigger_ui.py
[2024-10-13T10:33:50.596+0000] {logging_mixin.py:190} INFO - [2024-10-13T10:33:50.596+0000] {dag.py:3239} INFO - Sync 1 DAGs
[2024-10-13T10:33:50.601+0000] {logging_mixin.py:190} INFO - [2024-10-13T10:33:50.601+0000] {dag.py:4180} INFO - Setting next_dagrun for example_params_trigger_ui to None, run_after=None
[2024-10-13T10:33:50.608+0000] {processor.py:208} INFO - Processing /home/dblab/haeun/mlops/ml_airflow/ex1/venv/lib/python3.11/site-packages/airflow/example_dags/example_params_trigger_ui.py took 0.036 seconds
