[2024-10-13T10:33:18.250+0000] {processor.py:186} INFO - Started process (PID=50391) to work on /home/dblab/haeun/mlops/ml_airflow/ex1/venv/lib/python3.11/site-packages/airflow/example_dags/example_short_circuit_decorator.py
[2024-10-13T10:33:18.250+0000] {processor.py:914} INFO - Processing file /home/dblab/haeun/mlops/ml_airflow/ex1/venv/lib/python3.11/site-packages/airflow/example_dags/example_short_circuit_decorator.py for tasks to queue
[2024-10-13T10:33:18.251+0000] {logging_mixin.py:190} INFO - [2024-10-13T10:33:18.251+0000] {dagbag.py:588} INFO - Filling up the DagBag from /home/dblab/haeun/mlops/ml_airflow/ex1/venv/lib/python3.11/site-packages/airflow/example_dags/example_short_circuit_decorator.py
[2024-10-13T10:33:18.255+0000] {processor.py:925} INFO - DAG(s) 'example_short_circuit_decorator' retrieved from /home/dblab/haeun/mlops/ml_airflow/ex1/venv/lib/python3.11/site-packages/airflow/example_dags/example_short_circuit_decorator.py
[2024-10-13T10:33:18.298+0000] {logging_mixin.py:190} INFO - [2024-10-13T10:33:18.298+0000] {override.py:1900} INFO - Created Permission View: can delete on DAG:example_short_circuit_decorator
[2024-10-13T10:33:18.302+0000] {logging_mixin.py:190} INFO - [2024-10-13T10:33:18.302+0000] {override.py:1900} INFO - Created Permission View: can edit on DAG:example_short_circuit_decorator
[2024-10-13T10:33:18.305+0000] {logging_mixin.py:190} INFO - [2024-10-13T10:33:18.305+0000] {override.py:1900} INFO - Created Permission View: can read on DAG:example_short_circuit_decorator
[2024-10-13T10:33:18.309+0000] {logging_mixin.py:190} INFO - [2024-10-13T10:33:18.309+0000] {override.py:1900} INFO - Created Permission View: can create on DAG Run:example_short_circuit_decorator
[2024-10-13T10:33:18.313+0000] {logging_mixin.py:190} INFO - [2024-10-13T10:33:18.313+0000] {override.py:1900} INFO - Created Permission View: can delete on DAG Run:example_short_circuit_decorator
[2024-10-13T10:33:18.317+0000] {logging_mixin.py:190} INFO - [2024-10-13T10:33:18.317+0000] {override.py:1900} INFO - Created Permission View: menu access on DAG Run:example_short_circuit_decorator
[2024-10-13T10:33:18.321+0000] {logging_mixin.py:190} INFO - [2024-10-13T10:33:18.321+0000] {override.py:1900} INFO - Created Permission View: can read on DAG Run:example_short_circuit_decorator
[2024-10-13T10:33:18.321+0000] {logging_mixin.py:190} INFO - [2024-10-13T10:33:18.321+0000] {dag.py:3239} INFO - Sync 1 DAGs
[2024-10-13T10:33:18.325+0000] {logging_mixin.py:190} INFO - [2024-10-13T10:33:18.325+0000] {dag.py:3262} INFO - Creating ORM DAG for example_short_circuit_decorator
[2024-10-13T10:33:18.325+0000] {logging_mixin.py:190} INFO - [2024-10-13T10:33:18.325+0000] {dag.py:4180} INFO - Setting next_dagrun for example_short_circuit_decorator to None, run_after=None
[2024-10-13T10:33:18.333+0000] {processor.py:208} INFO - Processing /home/dblab/haeun/mlops/ml_airflow/ex1/venv/lib/python3.11/site-packages/airflow/example_dags/example_short_circuit_decorator.py took 0.085 seconds
[2024-10-13T10:33:49.029+0000] {processor.py:186} INFO - Started process (PID=50880) to work on /home/dblab/haeun/mlops/ml_airflow/ex1/venv/lib/python3.11/site-packages/airflow/example_dags/example_short_circuit_decorator.py
[2024-10-13T10:33:49.030+0000] {processor.py:914} INFO - Processing file /home/dblab/haeun/mlops/ml_airflow/ex1/venv/lib/python3.11/site-packages/airflow/example_dags/example_short_circuit_decorator.py for tasks to queue
[2024-10-13T10:33:49.030+0000] {logging_mixin.py:190} INFO - [2024-10-13T10:33:49.030+0000] {dagbag.py:588} INFO - Filling up the DagBag from /home/dblab/haeun/mlops/ml_airflow/ex1/venv/lib/python3.11/site-packages/airflow/example_dags/example_short_circuit_decorator.py
[2024-10-13T10:33:49.034+0000] {processor.py:925} INFO - DAG(s) 'example_short_circuit_decorator' retrieved from /home/dblab/haeun/mlops/ml_airflow/ex1/venv/lib/python3.11/site-packages/airflow/example_dags/example_short_circuit_decorator.py
[2024-10-13T10:33:49.045+0000] {logging_mixin.py:190} INFO - [2024-10-13T10:33:49.045+0000] {dag.py:3239} INFO - Sync 1 DAGs
[2024-10-13T10:33:49.050+0000] {logging_mixin.py:190} INFO - [2024-10-13T10:33:49.050+0000] {dag.py:4180} INFO - Setting next_dagrun for example_short_circuit_decorator to None, run_after=None
[2024-10-13T10:33:49.057+0000] {processor.py:208} INFO - Processing /home/dblab/haeun/mlops/ml_airflow/ex1/venv/lib/python3.11/site-packages/airflow/example_dags/example_short_circuit_decorator.py took 0.030 seconds
