[2024-10-13T10:33:19.616+0000] {processor.py:186} INFO - Started process (PID=50511) to work on /home/dblab/haeun/mlops/ml_airflow/ex1/venv/lib/python3.11/site-packages/airflow/example_dags/example_task_group.py
[2024-10-13T10:33:19.616+0000] {processor.py:914} INFO - Processing file /home/dblab/haeun/mlops/ml_airflow/ex1/venv/lib/python3.11/site-packages/airflow/example_dags/example_task_group.py for tasks to queue
[2024-10-13T10:33:19.617+0000] {logging_mixin.py:190} INFO - [2024-10-13T10:33:19.617+0000] {dagbag.py:588} INFO - Filling up the DagBag from /home/dblab/haeun/mlops/ml_airflow/ex1/venv/lib/python3.11/site-packages/airflow/example_dags/example_task_group.py
[2024-10-13T10:33:19.620+0000] {processor.py:925} INFO - DAG(s) 'example_task_group' retrieved from /home/dblab/haeun/mlops/ml_airflow/ex1/venv/lib/python3.11/site-packages/airflow/example_dags/example_task_group.py
[2024-10-13T10:33:19.667+0000] {logging_mixin.py:190} INFO - [2024-10-13T10:33:19.667+0000] {override.py:1900} INFO - Created Permission View: can delete on DAG:example_task_group
[2024-10-13T10:33:19.674+0000] {logging_mixin.py:190} INFO - [2024-10-13T10:33:19.674+0000] {override.py:1900} INFO - Created Permission View: can edit on DAG:example_task_group
[2024-10-13T10:33:19.679+0000] {logging_mixin.py:190} INFO - [2024-10-13T10:33:19.679+0000] {override.py:1900} INFO - Created Permission View: can read on DAG:example_task_group
[2024-10-13T10:33:19.689+0000] {logging_mixin.py:190} INFO - [2024-10-13T10:33:19.689+0000] {override.py:1900} INFO - Created Permission View: can create on DAG Run:example_task_group
[2024-10-13T10:33:19.696+0000] {logging_mixin.py:190} INFO - [2024-10-13T10:33:19.695+0000] {override.py:1900} INFO - Created Permission View: can delete on DAG Run:example_task_group
[2024-10-13T10:33:19.701+0000] {logging_mixin.py:190} INFO - [2024-10-13T10:33:19.701+0000] {override.py:1900} INFO - Created Permission View: menu access on DAG Run:example_task_group
[2024-10-13T10:33:19.705+0000] {logging_mixin.py:190} INFO - [2024-10-13T10:33:19.704+0000] {override.py:1900} INFO - Created Permission View: can read on DAG Run:example_task_group
[2024-10-13T10:33:19.705+0000] {logging_mixin.py:190} INFO - [2024-10-13T10:33:19.705+0000] {dag.py:3239} INFO - Sync 1 DAGs
[2024-10-13T10:33:19.711+0000] {logging_mixin.py:190} INFO - [2024-10-13T10:33:19.711+0000] {dag.py:3262} INFO - Creating ORM DAG for example_task_group
[2024-10-13T10:33:19.711+0000] {logging_mixin.py:190} INFO - [2024-10-13T10:33:19.711+0000] {dag.py:4180} INFO - Setting next_dagrun for example_task_group to None, run_after=None
[2024-10-13T10:33:19.719+0000] {processor.py:208} INFO - Processing /home/dblab/haeun/mlops/ml_airflow/ex1/venv/lib/python3.11/site-packages/airflow/example_dags/example_task_group.py took 0.105 seconds
[2024-10-13T10:33:50.496+0000] {processor.py:186} INFO - Started process (PID=51001) to work on /home/dblab/haeun/mlops/ml_airflow/ex1/venv/lib/python3.11/site-packages/airflow/example_dags/example_task_group.py
[2024-10-13T10:33:50.497+0000] {processor.py:914} INFO - Processing file /home/dblab/haeun/mlops/ml_airflow/ex1/venv/lib/python3.11/site-packages/airflow/example_dags/example_task_group.py for tasks to queue
[2024-10-13T10:33:50.498+0000] {logging_mixin.py:190} INFO - [2024-10-13T10:33:50.497+0000] {dagbag.py:588} INFO - Filling up the DagBag from /home/dblab/haeun/mlops/ml_airflow/ex1/venv/lib/python3.11/site-packages/airflow/example_dags/example_task_group.py
[2024-10-13T10:33:50.501+0000] {processor.py:925} INFO - DAG(s) 'example_task_group' retrieved from /home/dblab/haeun/mlops/ml_airflow/ex1/venv/lib/python3.11/site-packages/airflow/example_dags/example_task_group.py
[2024-10-13T10:33:50.511+0000] {logging_mixin.py:190} INFO - [2024-10-13T10:33:50.511+0000] {dag.py:3239} INFO - Sync 1 DAGs
[2024-10-13T10:33:50.516+0000] {logging_mixin.py:190} INFO - [2024-10-13T10:33:50.516+0000] {dag.py:4180} INFO - Setting next_dagrun for example_task_group to None, run_after=None
[2024-10-13T10:33:50.522+0000] {processor.py:208} INFO - Processing /home/dblab/haeun/mlops/ml_airflow/ex1/venv/lib/python3.11/site-packages/airflow/example_dags/example_task_group.py took 0.028 seconds
