[2024-10-13T10:33:19.500+0000] {processor.py:186} INFO - Started process (PID=50505) to work on /home/dblab/haeun/mlops/ml_airflow/ex1/venv/lib/python3.11/site-packages/airflow/example_dags/example_display_name.py
[2024-10-13T10:33:19.500+0000] {processor.py:914} INFO - Processing file /home/dblab/haeun/mlops/ml_airflow/ex1/venv/lib/python3.11/site-packages/airflow/example_dags/example_display_name.py for tasks to queue
[2024-10-13T10:33:19.501+0000] {logging_mixin.py:190} INFO - [2024-10-13T10:33:19.501+0000] {dagbag.py:588} INFO - Filling up the DagBag from /home/dblab/haeun/mlops/ml_airflow/ex1/venv/lib/python3.11/site-packages/airflow/example_dags/example_display_name.py
[2024-10-13T10:33:19.505+0000] {processor.py:925} INFO - DAG(s) 'example_display_name' retrieved from /home/dblab/haeun/mlops/ml_airflow/ex1/venv/lib/python3.11/site-packages/airflow/example_dags/example_display_name.py
[2024-10-13T10:33:19.554+0000] {logging_mixin.py:190} INFO - [2024-10-13T10:33:19.554+0000] {override.py:1900} INFO - Created Permission View: can delete on DAG:example_display_name
[2024-10-13T10:33:19.559+0000] {logging_mixin.py:190} INFO - [2024-10-13T10:33:19.559+0000] {override.py:1900} INFO - Created Permission View: can edit on DAG:example_display_name
[2024-10-13T10:33:19.564+0000] {logging_mixin.py:190} INFO - [2024-10-13T10:33:19.564+0000] {override.py:1900} INFO - Created Permission View: can read on DAG:example_display_name
[2024-10-13T10:33:19.574+0000] {logging_mixin.py:190} INFO - [2024-10-13T10:33:19.574+0000] {override.py:1900} INFO - Created Permission View: can create on DAG Run:example_display_name
[2024-10-13T10:33:19.579+0000] {logging_mixin.py:190} INFO - [2024-10-13T10:33:19.579+0000] {override.py:1900} INFO - Created Permission View: can delete on DAG Run:example_display_name
[2024-10-13T10:33:19.585+0000] {logging_mixin.py:190} INFO - [2024-10-13T10:33:19.585+0000] {override.py:1900} INFO - Created Permission View: menu access on DAG Run:example_display_name
[2024-10-13T10:33:19.589+0000] {logging_mixin.py:190} INFO - [2024-10-13T10:33:19.589+0000] {override.py:1900} INFO - Created Permission View: can read on DAG Run:example_display_name
[2024-10-13T10:33:19.589+0000] {logging_mixin.py:190} INFO - [2024-10-13T10:33:19.589+0000] {dag.py:3239} INFO - Sync 1 DAGs
[2024-10-13T10:33:19.596+0000] {logging_mixin.py:190} INFO - [2024-10-13T10:33:19.596+0000] {dag.py:3262} INFO - Creating ORM DAG for example_display_name
[2024-10-13T10:33:19.596+0000] {logging_mixin.py:190} INFO - [2024-10-13T10:33:19.596+0000] {dag.py:4180} INFO - Setting next_dagrun for example_display_name to None, run_after=None
[2024-10-13T10:33:19.604+0000] {processor.py:208} INFO - Processing /home/dblab/haeun/mlops/ml_airflow/ex1/venv/lib/python3.11/site-packages/airflow/example_dags/example_display_name.py took 0.107 seconds
[2024-10-13T10:33:50.461+0000] {processor.py:186} INFO - Started process (PID=50994) to work on /home/dblab/haeun/mlops/ml_airflow/ex1/venv/lib/python3.11/site-packages/airflow/example_dags/example_display_name.py
[2024-10-13T10:33:50.462+0000] {processor.py:914} INFO - Processing file /home/dblab/haeun/mlops/ml_airflow/ex1/venv/lib/python3.11/site-packages/airflow/example_dags/example_display_name.py for tasks to queue
[2024-10-13T10:33:50.462+0000] {logging_mixin.py:190} INFO - [2024-10-13T10:33:50.462+0000] {dagbag.py:588} INFO - Filling up the DagBag from /home/dblab/haeun/mlops/ml_airflow/ex1/venv/lib/python3.11/site-packages/airflow/example_dags/example_display_name.py
[2024-10-13T10:33:50.465+0000] {processor.py:925} INFO - DAG(s) 'example_display_name' retrieved from /home/dblab/haeun/mlops/ml_airflow/ex1/venv/lib/python3.11/site-packages/airflow/example_dags/example_display_name.py
[2024-10-13T10:33:50.474+0000] {logging_mixin.py:190} INFO - [2024-10-13T10:33:50.474+0000] {dag.py:3239} INFO - Sync 1 DAGs
[2024-10-13T10:33:50.479+0000] {logging_mixin.py:190} INFO - [2024-10-13T10:33:50.479+0000] {dag.py:4180} INFO - Setting next_dagrun for example_display_name to None, run_after=None
[2024-10-13T10:33:50.486+0000] {processor.py:208} INFO - Processing /home/dblab/haeun/mlops/ml_airflow/ex1/venv/lib/python3.11/site-packages/airflow/example_dags/example_display_name.py took 0.027 seconds
