[2024-10-13T10:33:17.507+0000] {processor.py:186} INFO - Started process (PID=50258) to work on /home/dblab/haeun/mlops/ml_airflow/ex1/venv/lib/python3.11/site-packages/airflow/example_dags/example_xcom.py
[2024-10-13T10:33:17.507+0000] {processor.py:914} INFO - Processing file /home/dblab/haeun/mlops/ml_airflow/ex1/venv/lib/python3.11/site-packages/airflow/example_dags/example_xcom.py for tasks to queue
[2024-10-13T10:33:17.508+0000] {logging_mixin.py:190} INFO - [2024-10-13T10:33:17.508+0000] {dagbag.py:588} INFO - Filling up the DagBag from /home/dblab/haeun/mlops/ml_airflow/ex1/venv/lib/python3.11/site-packages/airflow/example_dags/example_xcom.py
[2024-10-13T10:33:17.511+0000] {processor.py:925} INFO - DAG(s) 'example_xcom' retrieved from /home/dblab/haeun/mlops/ml_airflow/ex1/venv/lib/python3.11/site-packages/airflow/example_dags/example_xcom.py
[2024-10-13T10:33:17.554+0000] {logging_mixin.py:190} INFO - [2024-10-13T10:33:17.554+0000] {override.py:1900} INFO - Created Permission View: can delete on DAG:example_xcom
[2024-10-13T10:33:17.561+0000] {logging_mixin.py:190} INFO - [2024-10-13T10:33:17.561+0000] {override.py:1900} INFO - Created Permission View: can edit on DAG:example_xcom
[2024-10-13T10:33:17.565+0000] {logging_mixin.py:190} INFO - [2024-10-13T10:33:17.565+0000] {override.py:1900} INFO - Created Permission View: can read on DAG:example_xcom
[2024-10-13T10:33:17.570+0000] {logging_mixin.py:190} INFO - [2024-10-13T10:33:17.570+0000] {override.py:1900} INFO - Created Permission View: can create on DAG Run:example_xcom
[2024-10-13T10:33:17.573+0000] {logging_mixin.py:190} INFO - [2024-10-13T10:33:17.573+0000] {override.py:1900} INFO - Created Permission View: can delete on DAG Run:example_xcom
[2024-10-13T10:33:17.576+0000] {logging_mixin.py:190} INFO - [2024-10-13T10:33:17.576+0000] {override.py:1900} INFO - Created Permission View: menu access on DAG Run:example_xcom
[2024-10-13T10:33:17.578+0000] {logging_mixin.py:190} INFO - [2024-10-13T10:33:17.578+0000] {override.py:1900} INFO - Created Permission View: can read on DAG Run:example_xcom
[2024-10-13T10:33:17.578+0000] {logging_mixin.py:190} INFO - [2024-10-13T10:33:17.578+0000] {dag.py:3239} INFO - Sync 1 DAGs
[2024-10-13T10:33:17.583+0000] {logging_mixin.py:190} INFO - [2024-10-13T10:33:17.583+0000] {dag.py:3262} INFO - Creating ORM DAG for example_xcom
[2024-10-13T10:33:17.586+0000] {logging_mixin.py:190} INFO - [2024-10-13T10:33:17.586+0000] {dag.py:4180} INFO - Setting next_dagrun for example_xcom to 2021-01-01 00:00:00+00:00, run_after=2021-01-01 00:00:00+00:00
[2024-10-13T10:33:17.594+0000] {processor.py:208} INFO - Processing /home/dblab/haeun/mlops/ml_airflow/ex1/venv/lib/python3.11/site-packages/airflow/example_dags/example_xcom.py took 0.089 seconds
[2024-10-13T10:33:47.626+0000] {processor.py:186} INFO - Started process (PID=50762) to work on /home/dblab/haeun/mlops/ml_airflow/ex1/venv/lib/python3.11/site-packages/airflow/example_dags/example_xcom.py
[2024-10-13T10:33:47.626+0000] {processor.py:914} INFO - Processing file /home/dblab/haeun/mlops/ml_airflow/ex1/venv/lib/python3.11/site-packages/airflow/example_dags/example_xcom.py for tasks to queue
[2024-10-13T10:33:47.627+0000] {logging_mixin.py:190} INFO - [2024-10-13T10:33:47.627+0000] {dagbag.py:588} INFO - Filling up the DagBag from /home/dblab/haeun/mlops/ml_airflow/ex1/venv/lib/python3.11/site-packages/airflow/example_dags/example_xcom.py
[2024-10-13T10:33:47.631+0000] {processor.py:925} INFO - DAG(s) 'example_xcom' retrieved from /home/dblab/haeun/mlops/ml_airflow/ex1/venv/lib/python3.11/site-packages/airflow/example_dags/example_xcom.py
[2024-10-13T10:33:47.640+0000] {logging_mixin.py:190} INFO - [2024-10-13T10:33:47.640+0000] {dag.py:3239} INFO - Sync 1 DAGs
[2024-10-13T10:33:47.648+0000] {logging_mixin.py:190} INFO - [2024-10-13T10:33:47.648+0000] {dag.py:4180} INFO - Setting next_dagrun for example_xcom to 2021-01-01 00:00:00+00:00, run_after=2021-01-01 00:00:00+00:00
[2024-10-13T10:33:47.655+0000] {processor.py:208} INFO - Processing /home/dblab/haeun/mlops/ml_airflow/ex1/venv/lib/python3.11/site-packages/airflow/example_dags/example_xcom.py took 0.031 seconds
