[2024-10-13T10:33:17.372+0000] {processor.py:186} INFO - Started process (PID=50240) to work on /home/dblab/haeun/mlops/ml_airflow/ex1/venv/lib/python3.11/site-packages/airflow/example_dags/tutorial_taskflow_api.py
[2024-10-13T10:33:17.372+0000] {processor.py:914} INFO - Processing file /home/dblab/haeun/mlops/ml_airflow/ex1/venv/lib/python3.11/site-packages/airflow/example_dags/tutorial_taskflow_api.py for tasks to queue
[2024-10-13T10:33:17.373+0000] {logging_mixin.py:190} INFO - [2024-10-13T10:33:17.373+0000] {dagbag.py:588} INFO - Filling up the DagBag from /home/dblab/haeun/mlops/ml_airflow/ex1/venv/lib/python3.11/site-packages/airflow/example_dags/tutorial_taskflow_api.py
[2024-10-13T10:33:17.376+0000] {processor.py:925} INFO - DAG(s) 'tutorial_taskflow_api' retrieved from /home/dblab/haeun/mlops/ml_airflow/ex1/venv/lib/python3.11/site-packages/airflow/example_dags/tutorial_taskflow_api.py
[2024-10-13T10:33:17.416+0000] {logging_mixin.py:190} INFO - [2024-10-13T10:33:17.416+0000] {override.py:1900} INFO - Created Permission View: can delete on DAG:tutorial_taskflow_api
[2024-10-13T10:33:17.422+0000] {logging_mixin.py:190} INFO - [2024-10-13T10:33:17.421+0000] {override.py:1900} INFO - Created Permission View: can edit on DAG:tutorial_taskflow_api
[2024-10-13T10:33:17.426+0000] {logging_mixin.py:190} INFO - [2024-10-13T10:33:17.425+0000] {override.py:1900} INFO - Created Permission View: can read on DAG:tutorial_taskflow_api
[2024-10-13T10:33:17.432+0000] {logging_mixin.py:190} INFO - [2024-10-13T10:33:17.432+0000] {override.py:1900} INFO - Created Permission View: can create on DAG Run:tutorial_taskflow_api
[2024-10-13T10:33:17.435+0000] {logging_mixin.py:190} INFO - [2024-10-13T10:33:17.435+0000] {override.py:1900} INFO - Created Permission View: can delete on DAG Run:tutorial_taskflow_api
[2024-10-13T10:33:17.440+0000] {logging_mixin.py:190} INFO - [2024-10-13T10:33:17.439+0000] {override.py:1900} INFO - Created Permission View: menu access on DAG Run:tutorial_taskflow_api
[2024-10-13T10:33:17.443+0000] {logging_mixin.py:190} INFO - [2024-10-13T10:33:17.443+0000] {override.py:1900} INFO - Created Permission View: can read on DAG Run:tutorial_taskflow_api
[2024-10-13T10:33:17.443+0000] {logging_mixin.py:190} INFO - [2024-10-13T10:33:17.443+0000] {dag.py:3239} INFO - Sync 1 DAGs
[2024-10-13T10:33:17.448+0000] {logging_mixin.py:190} INFO - [2024-10-13T10:33:17.448+0000] {dag.py:3262} INFO - Creating ORM DAG for tutorial_taskflow_api
[2024-10-13T10:33:17.448+0000] {logging_mixin.py:190} INFO - [2024-10-13T10:33:17.448+0000] {dag.py:4180} INFO - Setting next_dagrun for tutorial_taskflow_api to None, run_after=None
[2024-10-13T10:33:17.456+0000] {processor.py:208} INFO - Processing /home/dblab/haeun/mlops/ml_airflow/ex1/venv/lib/python3.11/site-packages/airflow/example_dags/tutorial_taskflow_api.py took 0.086 seconds
[2024-10-13T10:33:47.520+0000] {processor.py:186} INFO - Started process (PID=50742) to work on /home/dblab/haeun/mlops/ml_airflow/ex1/venv/lib/python3.11/site-packages/airflow/example_dags/tutorial_taskflow_api.py
[2024-10-13T10:33:47.520+0000] {processor.py:914} INFO - Processing file /home/dblab/haeun/mlops/ml_airflow/ex1/venv/lib/python3.11/site-packages/airflow/example_dags/tutorial_taskflow_api.py for tasks to queue
[2024-10-13T10:33:47.521+0000] {logging_mixin.py:190} INFO - [2024-10-13T10:33:47.521+0000] {dagbag.py:588} INFO - Filling up the DagBag from /home/dblab/haeun/mlops/ml_airflow/ex1/venv/lib/python3.11/site-packages/airflow/example_dags/tutorial_taskflow_api.py
[2024-10-13T10:33:47.524+0000] {processor.py:925} INFO - DAG(s) 'tutorial_taskflow_api' retrieved from /home/dblab/haeun/mlops/ml_airflow/ex1/venv/lib/python3.11/site-packages/airflow/example_dags/tutorial_taskflow_api.py
[2024-10-13T10:33:47.533+0000] {logging_mixin.py:190} INFO - [2024-10-13T10:33:47.533+0000] {dag.py:3239} INFO - Sync 1 DAGs
[2024-10-13T10:33:47.538+0000] {logging_mixin.py:190} INFO - [2024-10-13T10:33:47.538+0000] {dag.py:4180} INFO - Setting next_dagrun for tutorial_taskflow_api to None, run_after=None
[2024-10-13T10:33:47.545+0000] {processor.py:208} INFO - Processing /home/dblab/haeun/mlops/ml_airflow/ex1/venv/lib/python3.11/site-packages/airflow/example_dags/tutorial_taskflow_api.py took 0.027 seconds
