[2024-10-13T10:33:17.220+0000] {processor.py:186} INFO - Started process (PID=50216) to work on /home/dblab/haeun/mlops/ml_airflow/ex1/venv/lib/python3.11/site-packages/airflow/example_dags/tutorial.py
[2024-10-13T10:33:17.221+0000] {processor.py:914} INFO - Processing file /home/dblab/haeun/mlops/ml_airflow/ex1/venv/lib/python3.11/site-packages/airflow/example_dags/tutorial.py for tasks to queue
[2024-10-13T10:33:17.221+0000] {logging_mixin.py:190} INFO - [2024-10-13T10:33:17.221+0000] {dagbag.py:588} INFO - Filling up the DagBag from /home/dblab/haeun/mlops/ml_airflow/ex1/venv/lib/python3.11/site-packages/airflow/example_dags/tutorial.py
[2024-10-13T10:33:17.224+0000] {processor.py:925} INFO - DAG(s) 'tutorial' retrieved from /home/dblab/haeun/mlops/ml_airflow/ex1/venv/lib/python3.11/site-packages/airflow/example_dags/tutorial.py
[2024-10-13T10:33:17.267+0000] {logging_mixin.py:190} INFO - [2024-10-13T10:33:17.267+0000] {override.py:1900} INFO - Created Permission View: can delete on DAG:tutorial
[2024-10-13T10:33:17.273+0000] {logging_mixin.py:190} INFO - [2024-10-13T10:33:17.272+0000] {override.py:1900} INFO - Created Permission View: can edit on DAG:tutorial
[2024-10-13T10:33:17.277+0000] {logging_mixin.py:190} INFO - [2024-10-13T10:33:17.277+0000] {override.py:1900} INFO - Created Permission View: can read on DAG:tutorial
[2024-10-13T10:33:17.283+0000] {logging_mixin.py:190} INFO - [2024-10-13T10:33:17.283+0000] {override.py:1900} INFO - Created Permission View: can create on DAG Run:tutorial
[2024-10-13T10:33:17.287+0000] {logging_mixin.py:190} INFO - [2024-10-13T10:33:17.286+0000] {override.py:1900} INFO - Created Permission View: can delete on DAG Run:tutorial
[2024-10-13T10:33:17.291+0000] {logging_mixin.py:190} INFO - [2024-10-13T10:33:17.290+0000] {override.py:1900} INFO - Created Permission View: menu access on DAG Run:tutorial
[2024-10-13T10:33:17.294+0000] {logging_mixin.py:190} INFO - [2024-10-13T10:33:17.294+0000] {override.py:1900} INFO - Created Permission View: can read on DAG Run:tutorial
[2024-10-13T10:33:17.294+0000] {logging_mixin.py:190} INFO - [2024-10-13T10:33:17.294+0000] {dag.py:3239} INFO - Sync 1 DAGs
[2024-10-13T10:33:17.299+0000] {logging_mixin.py:190} INFO - [2024-10-13T10:33:17.299+0000] {dag.py:3262} INFO - Creating ORM DAG for tutorial
[2024-10-13T10:33:17.303+0000] {logging_mixin.py:190} INFO - [2024-10-13T10:33:17.303+0000] {dag.py:4180} INFO - Setting next_dagrun for tutorial to 2024-10-12 00:00:00+00:00, run_after=2024-10-13 00:00:00+00:00
[2024-10-13T10:33:17.309+0000] {processor.py:208} INFO - Processing /home/dblab/haeun/mlops/ml_airflow/ex1/venv/lib/python3.11/site-packages/airflow/example_dags/tutorial.py took 0.091 seconds
[2024-10-13T10:33:47.445+0000] {processor.py:186} INFO - Started process (PID=50720) to work on /home/dblab/haeun/mlops/ml_airflow/ex1/venv/lib/python3.11/site-packages/airflow/example_dags/tutorial.py
[2024-10-13T10:33:47.446+0000] {processor.py:914} INFO - Processing file /home/dblab/haeun/mlops/ml_airflow/ex1/venv/lib/python3.11/site-packages/airflow/example_dags/tutorial.py for tasks to queue
[2024-10-13T10:33:47.446+0000] {logging_mixin.py:190} INFO - [2024-10-13T10:33:47.446+0000] {dagbag.py:588} INFO - Filling up the DagBag from /home/dblab/haeun/mlops/ml_airflow/ex1/venv/lib/python3.11/site-packages/airflow/example_dags/tutorial.py
[2024-10-13T10:33:47.449+0000] {processor.py:925} INFO - DAG(s) 'tutorial' retrieved from /home/dblab/haeun/mlops/ml_airflow/ex1/venv/lib/python3.11/site-packages/airflow/example_dags/tutorial.py
[2024-10-13T10:33:47.459+0000] {logging_mixin.py:190} INFO - [2024-10-13T10:33:47.459+0000] {dag.py:3239} INFO - Sync 1 DAGs
[2024-10-13T10:33:47.467+0000] {logging_mixin.py:190} INFO - [2024-10-13T10:33:47.467+0000] {dag.py:4180} INFO - Setting next_dagrun for tutorial to 2024-10-12 00:00:00+00:00, run_after=2024-10-13 00:00:00+00:00
[2024-10-13T10:33:47.474+0000] {processor.py:208} INFO - Processing /home/dblab/haeun/mlops/ml_airflow/ex1/venv/lib/python3.11/site-packages/airflow/example_dags/tutorial.py took 0.031 seconds
