[2024-10-13T10:33:17.320+0000] {processor.py:186} INFO - Started process (PID=50228) to work on /home/dblab/haeun/mlops/ml_airflow/ex1/venv/lib/python3.11/site-packages/airflow/example_dags/tutorial_dag.py
[2024-10-13T10:33:17.320+0000] {processor.py:914} INFO - Processing file /home/dblab/haeun/mlops/ml_airflow/ex1/venv/lib/python3.11/site-packages/airflow/example_dags/tutorial_dag.py for tasks to queue
[2024-10-13T10:33:17.321+0000] {logging_mixin.py:190} INFO - [2024-10-13T10:33:17.321+0000] {dagbag.py:588} INFO - Filling up the DagBag from /home/dblab/haeun/mlops/ml_airflow/ex1/venv/lib/python3.11/site-packages/airflow/example_dags/tutorial_dag.py
[2024-10-13T10:33:17.324+0000] {processor.py:925} INFO - DAG(s) 'tutorial_dag' retrieved from /home/dblab/haeun/mlops/ml_airflow/ex1/venv/lib/python3.11/site-packages/airflow/example_dags/tutorial_dag.py
[2024-10-13T10:33:17.365+0000] {logging_mixin.py:190} INFO - [2024-10-13T10:33:17.364+0000] {override.py:1900} INFO - Created Permission View: can delete on DAG:tutorial_dag
[2024-10-13T10:33:17.370+0000] {logging_mixin.py:190} INFO - [2024-10-13T10:33:17.370+0000] {override.py:1900} INFO - Created Permission View: can edit on DAG:tutorial_dag
[2024-10-13T10:33:17.374+0000] {logging_mixin.py:190} INFO - [2024-10-13T10:33:17.374+0000] {override.py:1900} INFO - Created Permission View: can read on DAG:tutorial_dag
[2024-10-13T10:33:17.380+0000] {logging_mixin.py:190} INFO - [2024-10-13T10:33:17.380+0000] {override.py:1900} INFO - Created Permission View: can create on DAG Run:tutorial_dag
[2024-10-13T10:33:17.384+0000] {logging_mixin.py:190} INFO - [2024-10-13T10:33:17.384+0000] {override.py:1900} INFO - Created Permission View: can delete on DAG Run:tutorial_dag
[2024-10-13T10:33:17.388+0000] {logging_mixin.py:190} INFO - [2024-10-13T10:33:17.388+0000] {override.py:1900} INFO - Created Permission View: menu access on DAG Run:tutorial_dag
[2024-10-13T10:33:17.391+0000] {logging_mixin.py:190} INFO - [2024-10-13T10:33:17.391+0000] {override.py:1900} INFO - Created Permission View: can read on DAG Run:tutorial_dag
[2024-10-13T10:33:17.391+0000] {logging_mixin.py:190} INFO - [2024-10-13T10:33:17.391+0000] {dag.py:3239} INFO - Sync 1 DAGs
[2024-10-13T10:33:17.396+0000] {logging_mixin.py:190} INFO - [2024-10-13T10:33:17.396+0000] {dag.py:3262} INFO - Creating ORM DAG for tutorial_dag
[2024-10-13T10:33:17.396+0000] {logging_mixin.py:190} INFO - [2024-10-13T10:33:17.396+0000] {dag.py:4180} INFO - Setting next_dagrun for tutorial_dag to None, run_after=None
[2024-10-13T10:33:17.404+0000] {processor.py:208} INFO - Processing /home/dblab/haeun/mlops/ml_airflow/ex1/venv/lib/python3.11/site-packages/airflow/example_dags/tutorial_dag.py took 0.086 seconds
[2024-10-13T10:33:47.506+0000] {processor.py:186} INFO - Started process (PID=50736) to work on /home/dblab/haeun/mlops/ml_airflow/ex1/venv/lib/python3.11/site-packages/airflow/example_dags/tutorial_dag.py
[2024-10-13T10:33:47.506+0000] {processor.py:914} INFO - Processing file /home/dblab/haeun/mlops/ml_airflow/ex1/venv/lib/python3.11/site-packages/airflow/example_dags/tutorial_dag.py for tasks to queue
[2024-10-13T10:33:47.507+0000] {logging_mixin.py:190} INFO - [2024-10-13T10:33:47.507+0000] {dagbag.py:588} INFO - Filling up the DagBag from /home/dblab/haeun/mlops/ml_airflow/ex1/venv/lib/python3.11/site-packages/airflow/example_dags/tutorial_dag.py
[2024-10-13T10:33:47.509+0000] {processor.py:925} INFO - DAG(s) 'tutorial_dag' retrieved from /home/dblab/haeun/mlops/ml_airflow/ex1/venv/lib/python3.11/site-packages/airflow/example_dags/tutorial_dag.py
[2024-10-13T10:33:47.518+0000] {logging_mixin.py:190} INFO - [2024-10-13T10:33:47.518+0000] {dag.py:3239} INFO - Sync 1 DAGs
[2024-10-13T10:33:47.524+0000] {logging_mixin.py:190} INFO - [2024-10-13T10:33:47.523+0000] {dag.py:4180} INFO - Setting next_dagrun for tutorial_dag to None, run_after=None
[2024-10-13T10:33:47.531+0000] {processor.py:208} INFO - Processing /home/dblab/haeun/mlops/ml_airflow/ex1/venv/lib/python3.11/site-packages/airflow/example_dags/tutorial_dag.py took 0.027 seconds
