[2024-10-13T10:33:17.261+0000] {processor.py:186} INFO - Started process (PID=50222) to work on /home/dblab/haeun/mlops/ml_airflow/ex1/venv/lib/python3.11/site-packages/airflow/example_dags/tutorial_objectstorage.py
[2024-10-13T10:33:17.261+0000] {processor.py:914} INFO - Processing file /home/dblab/haeun/mlops/ml_airflow/ex1/venv/lib/python3.11/site-packages/airflow/example_dags/tutorial_objectstorage.py for tasks to queue
[2024-10-13T10:33:17.262+0000] {logging_mixin.py:190} INFO - [2024-10-13T10:33:17.262+0000] {dagbag.py:588} INFO - Filling up the DagBag from /home/dblab/haeun/mlops/ml_airflow/ex1/venv/lib/python3.11/site-packages/airflow/example_dags/tutorial_objectstorage.py
[2024-10-13T10:33:17.266+0000] {processor.py:925} INFO - DAG(s) 'tutorial_objectstorage' retrieved from /home/dblab/haeun/mlops/ml_airflow/ex1/venv/lib/python3.11/site-packages/airflow/example_dags/tutorial_objectstorage.py
[2024-10-13T10:33:17.305+0000] {logging_mixin.py:190} INFO - [2024-10-13T10:33:17.305+0000] {override.py:1900} INFO - Created Permission View: can delete on DAG:tutorial_objectstorage
[2024-10-13T10:33:17.309+0000] {logging_mixin.py:190} INFO - [2024-10-13T10:33:17.309+0000] {override.py:1900} INFO - Created Permission View: can edit on DAG:tutorial_objectstorage
[2024-10-13T10:33:17.312+0000] {logging_mixin.py:190} INFO - [2024-10-13T10:33:17.312+0000] {override.py:1900} INFO - Created Permission View: can read on DAG:tutorial_objectstorage
[2024-10-13T10:33:17.318+0000] {logging_mixin.py:190} INFO - [2024-10-13T10:33:17.318+0000] {override.py:1900} INFO - Created Permission View: can create on DAG Run:tutorial_objectstorage
[2024-10-13T10:33:17.322+0000] {logging_mixin.py:190} INFO - [2024-10-13T10:33:17.322+0000] {override.py:1900} INFO - Created Permission View: can delete on DAG Run:tutorial_objectstorage
[2024-10-13T10:33:17.326+0000] {logging_mixin.py:190} INFO - [2024-10-13T10:33:17.326+0000] {override.py:1900} INFO - Created Permission View: menu access on DAG Run:tutorial_objectstorage
[2024-10-13T10:33:17.329+0000] {logging_mixin.py:190} INFO - [2024-10-13T10:33:17.329+0000] {override.py:1900} INFO - Created Permission View: can read on DAG Run:tutorial_objectstorage
[2024-10-13T10:33:17.330+0000] {logging_mixin.py:190} INFO - [2024-10-13T10:33:17.329+0000] {dag.py:3239} INFO - Sync 1 DAGs
[2024-10-13T10:33:17.334+0000] {logging_mixin.py:190} INFO - [2024-10-13T10:33:17.334+0000] {dag.py:3262} INFO - Creating ORM DAG for tutorial_objectstorage
[2024-10-13T10:33:17.334+0000] {logging_mixin.py:190} INFO - [2024-10-13T10:33:17.334+0000] {dag.py:4180} INFO - Setting next_dagrun for tutorial_objectstorage to None, run_after=None
[2024-10-13T10:33:17.342+0000] {processor.py:208} INFO - Processing /home/dblab/haeun/mlops/ml_airflow/ex1/venv/lib/python3.11/site-packages/airflow/example_dags/tutorial_objectstorage.py took 0.083 seconds
[2024-10-13T10:33:47.484+0000] {processor.py:186} INFO - Started process (PID=50726) to work on /home/dblab/haeun/mlops/ml_airflow/ex1/venv/lib/python3.11/site-packages/airflow/example_dags/tutorial_objectstorage.py
[2024-10-13T10:33:47.484+0000] {processor.py:914} INFO - Processing file /home/dblab/haeun/mlops/ml_airflow/ex1/venv/lib/python3.11/site-packages/airflow/example_dags/tutorial_objectstorage.py for tasks to queue
[2024-10-13T10:33:47.485+0000] {logging_mixin.py:190} INFO - [2024-10-13T10:33:47.485+0000] {dagbag.py:588} INFO - Filling up the DagBag from /home/dblab/haeun/mlops/ml_airflow/ex1/venv/lib/python3.11/site-packages/airflow/example_dags/tutorial_objectstorage.py
[2024-10-13T10:33:47.489+0000] {processor.py:925} INFO - DAG(s) 'tutorial_objectstorage' retrieved from /home/dblab/haeun/mlops/ml_airflow/ex1/venv/lib/python3.11/site-packages/airflow/example_dags/tutorial_objectstorage.py
[2024-10-13T10:33:47.497+0000] {logging_mixin.py:190} INFO - [2024-10-13T10:33:47.497+0000] {dag.py:3239} INFO - Sync 1 DAGs
[2024-10-13T10:33:47.502+0000] {logging_mixin.py:190} INFO - [2024-10-13T10:33:47.502+0000] {dag.py:4180} INFO - Setting next_dagrun for tutorial_objectstorage to None, run_after=None
[2024-10-13T10:33:47.509+0000] {processor.py:208} INFO - Processing /home/dblab/haeun/mlops/ml_airflow/ex1/venv/lib/python3.11/site-packages/airflow/example_dags/tutorial_objectstorage.py took 0.027 seconds
