[2024-10-13T11:44:36.665+0000] {local_task_job_runner.py:123} INFO - ::group::Pre task execution logs
[2024-10-13T11:44:36.673+0000] {taskinstance.py:2612} INFO - Dependencies all met for dep_context=non-requeueable deps ti=<TaskInstance: youtube_comments_score.train_model manual__2024-10-13T11:44:29.259368+00:00 [queued]>
[2024-10-13T11:44:36.676+0000] {taskinstance.py:2612} INFO - Dependencies all met for dep_context=requeueable deps ti=<TaskInstance: youtube_comments_score.train_model manual__2024-10-13T11:44:29.259368+00:00 [queued]>
[2024-10-13T11:44:36.676+0000] {taskinstance.py:2865} INFO - Starting attempt 1 of 2
[2024-10-13T11:44:36.681+0000] {taskinstance.py:2888} INFO - Executing <Task(BashOperator): train_model> on 2024-10-13 11:44:29.259368+00:00
[2024-10-13T11:44:36.683+0000] {standard_task_runner.py:72} INFO - Started process 66721 to run task
[2024-10-13T11:44:36.684+0000] {standard_task_runner.py:104} INFO - Running: ['***', 'tasks', 'run', 'youtube_comments_score', 'train_model', 'manual__2024-10-13T11:44:29.259368+00:00', '--job-id', '42', '--raw', '--subdir', 'DAGS_FOLDER/youtube_comments_score.py', '--cfg-path', '/tmp/tmp7snv0mwu']
[2024-10-13T11:44:36.684+0000] {standard_task_runner.py:105} INFO - Job 42: Subtask train_model
[2024-10-13T11:44:36.711+0000] {task_command.py:467} INFO - Running <TaskInstance: youtube_comments_score.train_model manual__2024-10-13T11:44:29.259368+00:00 [running]> on host haserver
[2024-10-13T11:44:36.745+0000] {taskinstance.py:3131} INFO - Exporting env vars: AIRFLOW_CTX_DAG_OWNER='admin' AIRFLOW_CTX_DAG_ID='youtube_comments_score' AIRFLOW_CTX_TASK_ID='train_model' AIRFLOW_CTX_EXECUTION_DATE='2024-10-13T11:44:29.259368+00:00' AIRFLOW_CTX_TRY_NUMBER='1' AIRFLOW_CTX_DAG_RUN_ID='manual__2024-10-13T11:44:29.259368+00:00'
[2024-10-13T11:44:36.745+0000] {taskinstance.py:731} INFO - ::endgroup::
[2024-10-13T11:44:36.751+0000] {subprocess.py:63} INFO - Tmp dir root location: /tmp
[2024-10-13T11:44:36.751+0000] {subprocess.py:75} INFO - Running command: ['/usr/bin/bash', '-c', 'python3 /home/dblab/haeun/mlops/ml_***/ex1/scripts/train_model.py']
[2024-10-13T11:44:36.754+0000] {subprocess.py:86} INFO - Output:
[2024-10-13T11:44:38.135+0000] {subprocess.py:93} INFO - 2024/10/13 11:44:38 WARNING mlflow.models.model: Model logged without a signature and input example. Please set `input_example` parameter when logging the model to auto infer the model signature.
[2024-10-13T11:44:38.151+0000] {subprocess.py:93} INFO - Registered model 'lr' already exists. Creating a new version of this model...
[2024-10-13T11:44:38.157+0000] {subprocess.py:93} INFO - 2024/10/13 11:44:38 INFO mlflow.store.model_registry.abstract_store: Waiting up to 300 seconds for model version to finish creation. Model name: lr, version 3
[2024-10-13T11:44:38.157+0000] {subprocess.py:93} INFO - Created version '3' of model 'lr'.
[2024-10-13T11:44:38.160+0000] {subprocess.py:93} INFO - 2024/10/13 11:44:38 INFO mlflow.tracking._tracking_service.client: 🏃 View run incongruous-kite-412 at: http://localhost:8088/#/experiments/985243376516442775/runs/bb414780b01c4a7db0499573dfd9ca36.
[2024-10-13T11:44:38.160+0000] {subprocess.py:93} INFO - 2024/10/13 11:44:38 INFO mlflow.tracking._tracking_service.client: 🧪 View experiment at: http://localhost:8088/#/experiments/985243376516442775.
[2024-10-13T11:44:38.286+0000] {subprocess.py:97} INFO - Command exited with return code 0
[2024-10-13T11:44:38.306+0000] {taskinstance.py:340} INFO - ::group::Post task execution logs
[2024-10-13T11:44:38.307+0000] {taskinstance.py:352} INFO - Marking task as SUCCESS. dag_id=youtube_comments_score, task_id=train_model, run_id=manual__2024-10-13T11:44:29.259368+00:00, execution_date=20241013T114429, start_date=20241013T114436, end_date=20241013T114438
[2024-10-13T11:44:38.340+0000] {local_task_job_runner.py:266} INFO - Task exited with return code 0
[2024-10-13T11:44:38.380+0000] {taskinstance.py:3900} INFO - 1 downstream tasks scheduled from follow-on schedule check
[2024-10-13T11:44:38.381+0000] {local_task_job_runner.py:245} INFO - ::endgroup::
